<!DOCTYPE html>

<html>
  <head>
  <title>TestNG reports</title>

    <link type="text/css" href="testng-reports.css" rel="stylesheet" />  
    <script type="text/javascript" src="jquery-1.7.1.min.js"></script>
    <script type="text/javascript" src="testng-reports.js"></script>
    <script type="text/javascript" src="https://www.google.com/jsapi"></script>
    <script type='text/javascript'>
      google.load('visualization', '1', {packages:['table']});
      google.setOnLoadCallback(drawTable);
      var suiteTableInitFunctions = new Array();
      var suiteTableData = new Array();
    </script>
    <!--
      <script type="text/javascript" src="jquery-ui/js/jquery-ui-1.8.16.custom.min.js"></script>
     -->
  </head>

  <body>
    <div class="top-banner-root">
      <span class="top-banner-title-font">Test results</span>
      <br/>
      <span class="top-banner-font-1">1 suite, 12 failed tests</span>
    </div> <!-- top-banner-root -->
    <div class="navigator-root">
      <div class="navigator-suite-header">
        <span>All suites</span>
        <a href="#" class="collapse-all-link" title="Collapse/expand all the suites">
          <img class="collapse-all-icon" src="collapseall.gif">
          </img> <!-- collapse-all-icon -->
        </a> <!-- collapse-all-link -->
      </div> <!-- navigator-suite-header -->
      <div class="suite">
        <div class="rounded-window">
          <div class="suite-header light-rounded-window-top">
            <a href="#" class="navigator-link" panel-name="suite-Default_Suite">
              <span class="suite-name border-failed">Default Suite</span>
            </a> <!-- navigator-link -->
          </div> <!-- suite-header light-rounded-window-top -->
          <div class="navigator-suite-content">
            <div class="suite-section-title">
              <span>Info</span>
            </div> <!-- suite-section-title -->
            <div class="suite-section-content">
              <ul>
                <li>
                  <a href="#" class="navigator-link " panel-name="test-xml-Default_Suite">
                    <span>D:\work\java\IDEAL\bank\src\test\resources\testng.xml</span>
                  </a> <!-- navigator-link  -->
                </li>
                <li>
                  <a href="#" class="navigator-link " panel-name="testlist-Default_Suite">
                    <span class="test-stats">1 test</span>
                  </a> <!-- navigator-link  -->
                </li>
                <li>
                  <a href="#" class="navigator-link " panel-name="group-Default_Suite">
                    <span>0 groups</span>
                  </a> <!-- navigator-link  -->
                </li>
                <li>
                  <a href="#" class="navigator-link " panel-name="times-Default_Suite">
                    <span>Times</span>
                  </a> <!-- navigator-link  -->
                </li>
                <li>
                  <a href="#" class="navigator-link " panel-name="reporter-Default_Suite">
                    <span>Reporter output</span>
                  </a> <!-- navigator-link  -->
                </li>
                <li>
                  <a href="#" class="navigator-link " panel-name="ignored-methods-Default_Suite">
                    <span>Ignored methods</span>
                  </a> <!-- navigator-link  -->
                </li>
                <li>
                  <a href="#" class="navigator-link " panel-name="chronological-Default_Suite">
                    <span>Chronological view</span>
                  </a> <!-- navigator-link  -->
                </li>
              </ul>
            </div> <!-- suite-section-content -->
            <div class="result-section">
              <div class="suite-section-title">
                <span>Results</span>
              </div> <!-- suite-section-title -->
              <div class="suite-section-content">
                <ul>
                  <li>
                    <span class="method-stats">52 methods, 12 failed,   40 passed</span>
                  </li>
                  <li>
                    <span class="method-list-title failed">Failed methods</span>
                    <span class="show-or-hide-methods failed">
                      <a href="#" panel-name="suite-Default_Suite" class="hide-methods failed suite-Default_Suite"> (hide)</a> <!-- hide-methods failed suite-Default_Suite -->
                      <a href="#" panel-name="suite-Default_Suite" class="show-methods failed suite-Default_Suite"> (show)</a> <!-- show-methods failed suite-Default_Suite -->
                    </span>
                    <div class="method-list-content failed suite-Default_Suite">
                      <span>
                        <img width="3%" src="failed.png"/>
                        <a href="#" class="method navigator-link" panel-name="suite-Default_Suite" title="com.airwallex.bank.BankTest" hash-for-method="testBank({aba=123456789, account_name=jack, account_number=1234567, bank_country_code=CN, bsb=123456, case_de...)">testBank({aba=123456789, account_name=jack, account_number=1234567, bank_country_code=CN, bsb=123456, case_de...)</a> <!-- method navigator-link -->
                      </span>
                      <br/>
                      <span>
                        <img width="3%" src="failed.png"/>
                        <a href="#" class="method navigator-link" panel-name="suite-Default_Suite" title="com.airwallex.bank.BankTest" hash-for-method="testBank({aba=123456789, account_name=John Swith, account_number=12345678, bank_country_code=CN, bsb=123456, ...)">testBank({aba=123456789, account_name=John Swith, account_number=12345678, bank_country_code=CN, bsb=123456, ...)</a> <!-- method navigator-link -->
                      </span>
                      <br/>
                      <span>
                        <img width="3%" src="failed.png"/>
                        <a href="#" class="method navigator-link" panel-name="suite-Default_Suite" title="com.airwallex.bank.BankTest" hash-for-method="testBank({aba=123456789, account_name=jack, account_number=12345, bank_country_code=AU, bsb=123456, case_desc...)">testBank({aba=123456789, account_name=jack, account_number=12345, bank_country_code=AU, bsb=123456, case_desc...)</a> <!-- method navigator-link -->
                      </span>
                      <br/>
                      <span>
                        <img width="3%" src="failed.png"/>
                        <a href="#" class="method navigator-link" panel-name="suite-Default_Suite" title="com.airwallex.bank.BankTest" hash-for-method="testBank({aba=123456789, account_name=jack, account_number=12345678901234567890, bank_country_code=CN, bsb=12...)">testBank({aba=123456789, account_name=jack, account_number=12345678901234567890, bank_country_code=CN, bsb=12...)</a> <!-- method navigator-link -->
                      </span>
                      <br/>
                      <span>
                        <img width="3%" src="failed.png"/>
                        <a href="#" class="method navigator-link" panel-name="suite-Default_Suite" title="com.airwallex.bank.BankTest" hash-for-method="testBank({aba=123456789, account_name=John Swith, account_number=123, bank_country_code=US, bsb=123456, case_...)">testBank({aba=123456789, account_name=John Swith, account_number=123, bank_country_code=US, bsb=123456, case_...)</a> <!-- method navigator-link -->
                      </span>
                      <br/>
                      <span>
                        <img width="3%" src="failed.png"/>
                        <a href="#" class="method navigator-link" panel-name="suite-Default_Suite" title="com.airwallex.bank.BankTest" hash-for-method="testBank({aba=123456789, account_name=jack, account_number=, bank_country_code=US, bsb=123456, case_desc=bank...)">testBank({aba=123456789, account_name=jack, account_number=, bank_country_code=US, bsb=123456, case_desc=bank...)</a> <!-- method navigator-link -->
                      </span>
                      <br/>
                      <span>
                        <img width="3%" src="failed.png"/>
                        <a href="#" class="method navigator-link" panel-name="suite-Default_Suite" title="com.airwallex.bank.BankTest" hash-for-method="testBank({aba=123456789, account_name=jack, account_number=1234567890, bank_country_code=AU, bsb=123456, case...)">testBank({aba=123456789, account_name=jack, account_number=1234567890, bank_country_code=AU, bsb=123456, case...)</a> <!-- method navigator-link -->
                      </span>
                      <br/>
                      <span>
                        <img width="3%" src="failed.png"/>
                        <a href="#" class="method navigator-link" panel-name="suite-Default_Suite" title="com.airwallex.bank.BankTest" hash-for-method="testBank({aba=123456789, account_name=John Swith, account_number=123, bank_country_code=US, bsb=123456, case_...)">testBank({aba=123456789, account_name=John Swith, account_number=123, bank_country_code=US, bsb=123456, case_...)</a> <!-- method navigator-link -->
                      </span>
                      <br/>
                      <span>
                        <img width="3%" src="failed.png"/>
                        <a href="#" class="method navigator-link" panel-name="suite-Default_Suite" title="com.airwallex.bank.BankTest" hash-for-method="testBank({aba=123456789, account_name=jack, account_number=12345678901234567890, bank_country_code=CN, bsb=12...)">testBank({aba=123456789, account_name=jack, account_number=12345678901234567890, bank_country_code=CN, bsb=12...)</a> <!-- method navigator-link -->
                      </span>
                      <br/>
                      <span>
                        <img width="3%" src="failed.png"/>
                        <a href="#" class="method navigator-link" panel-name="suite-Default_Suite" title="com.airwallex.bank.BankTest" hash-for-method="testBank({aba=123456789, account_name=jack, account_number=123456789012345678, bank_country_code=US, bsb=1234...)">testBank({aba=123456789, account_name=jack, account_number=123456789012345678, bank_country_code=US, bsb=1234...)</a> <!-- method navigator-link -->
                      </span>
                      <br/>
                      <span>
                        <img width="3%" src="failed.png"/>
                        <a href="#" class="method navigator-link" panel-name="suite-Default_Suite" title="com.airwallex.bank.BankTest" hash-for-method="testBank({aba=123456789, account_name=John Swith, account_number=123, bank_country_code=US, bsb=123456, case_...)">testBank({aba=123456789, account_name=John Swith, account_number=123, bank_country_code=US, bsb=123456, case_...)</a> <!-- method navigator-link -->
                      </span>
                      <br/>
                      <span>
                        <img width="3%" src="failed.png"/>
                        <a href="#" class="method navigator-link" panel-name="suite-Default_Suite" title="com.airwallex.bank.BankTest" hash-for-method="testBank({aba=, account_name=John Swith, account_number=12345678, bank_country_code=US, bsb=123456, case_desc...)">testBank({aba=, account_name=John Swith, account_number=12345678, bank_country_code=US, bsb=123456, case_desc...)</a> <!-- method navigator-link -->
                      </span>
                      <br/>
                    </div> <!-- method-list-content failed suite-Default_Suite -->
                  </li>
                  <li>
                    <span class="method-list-title passed">Passed methods</span>
                    <span class="show-or-hide-methods passed">
                      <a href="#" panel-name="suite-Default_Suite" class="hide-methods passed suite-Default_Suite"> (hide)</a> <!-- hide-methods passed suite-Default_Suite -->
                      <a href="#" panel-name="suite-Default_Suite" class="show-methods passed suite-Default_Suite"> (show)</a> <!-- show-methods passed suite-Default_Suite -->
                    </span>
                    <div class="method-list-content passed suite-Default_Suite">
                      <span>
                        <img width="3%" src="passed.png"/>
                        <a href="#" class="method navigator-link" panel-name="suite-Default_Suite" title="com.airwallex.bank.BankTest" hash-for-method="testBank({aba=123456789, account_name=jack, account_number=123456789, bank_country_code=AU, bsb=123456, case_...)">testBank({aba=123456789, account_name=jack, account_number=123456789, bank_country_code=AU, bsb=123456, case_...)</a> <!-- method navigator-link -->
                      </span>
                      <br/>
                      <span>
                        <img width="3%" src="passed.png"/>
                        <a href="#" class="method navigator-link" panel-name="suite-Default_Suite" title="com.airwallex.bank.BankTest" hash-for-method="testBank({aba=123456789, account_name=John Swith, account_number=123, bank_country_code=US, bsb=123456, case_...)">testBank({aba=123456789, account_name=John Swith, account_number=123, bank_country_code=US, bsb=123456, case_...)</a> <!-- method navigator-link -->
                      </span>
                      <br/>
                      <span>
                        <img width="3%" src="passed.png"/>
                        <a href="#" class="method navigator-link" panel-name="suite-Default_Suite" title="com.airwallex.bank.BankTest" hash-for-method="testBank({aba=123456789, account_name=John Swith, account_number=12345678, bank_country_code=AU, bsb=1234567,...)">testBank({aba=123456789, account_name=John Swith, account_number=12345678, bank_country_code=AU, bsb=1234567,...)</a> <!-- method navigator-link -->
                      </span>
                      <br/>
                      <span>
                        <img width="3%" src="passed.png"/>
                        <a href="#" class="method navigator-link" panel-name="suite-Default_Suite" title="com.airwallex.bank.BankTest" hash-for-method="testBank({aba=123456789, account_name=John Swith, account_number=1234567, bank_country_code=, bsb=123456, cas...)">testBank({aba=123456789, account_name=John Swith, account_number=1234567, bank_country_code=, bsb=123456, cas...)</a> <!-- method navigator-link -->
                      </span>
                      <br/>
                      <span>
                        <img width="3%" src="passed.png"/>
                        <a href="#" class="method navigator-link" panel-name="suite-Default_Suite" title="com.airwallex.bank.BankTest" hash-for-method="testBank({aba=123456789, account_name=John Swith, account_number=1234567, bank_country_code=JP, bsb=123456, c...)">testBank({aba=123456789, account_name=John Swith, account_number=1234567, bank_country_code=JP, bsb=123456, c...)</a> <!-- method navigator-link -->
                      </span>
                      <br/>
                      <span>
                        <img width="3%" src="passed.png"/>
                        <a href="#" class="method navigator-link" panel-name="suite-Default_Suite" title="com.airwallex.bank.BankTest" hash-for-method="testBank({aba=123456789, account_name=jack, account_number=12345678901234567, bank_country_code=US, bsb=12345...)">testBank({aba=123456789, account_name=jack, account_number=12345678901234567, bank_country_code=US, bsb=12345...)</a> <!-- method navigator-link -->
                      </span>
                      <br/>
                      <span>
                        <img width="3%" src="passed.png"/>
                        <a href="#" class="method navigator-link" panel-name="suite-Default_Suite" title="com.airwallex.bank.BankTest" hash-for-method="testBank({aba=123456789, account_name=JohnJohn12, account_number=123, bank_country_code=US, bsb=123456, case_...)">testBank({aba=123456789, account_name=JohnJohn12, account_number=123, bank_country_code=US, bsb=123456, case_...)</a> <!-- method navigator-link -->
                      </span>
                      <br/>
                      <span>
                        <img width="3%" src="passed.png"/>
                        <a href="#" class="method navigator-link" panel-name="suite-Default_Suite" title="com.airwallex.bank.BankTest" hash-for-method="testBank({aba=123456789, account_name=John Swith, account_number=1234567, bank_country_code=CN, bsb=12345678,...)">testBank({aba=123456789, account_name=John Swith, account_number=1234567, bank_country_code=CN, bsb=12345678,...)</a> <!-- method navigator-link -->
                      </span>
                      <br/>
                      <span>
                        <img width="3%" src="passed.png"/>
                        <a href="#" class="method navigator-link" panel-name="suite-Default_Suite" title="com.airwallex.bank.BankTest" hash-for-method="testBank({aba=12345678, account_name=John Swith, account_number=12345678, bank_country_code=US, bsb=12345, ca...)">testBank({aba=12345678, account_name=John Swith, account_number=12345678, bank_country_code=US, bsb=12345, ca...)</a> <!-- method navigator-link -->
                      </span>
                      <br/>
                      <span>
                        <img width="3%" src="passed.png"/>
                        <a href="#" class="method navigator-link" panel-name="suite-Default_Suite" title="com.airwallex.bank.BankTest" hash-for-method="testBank({aba=1234567890, account_name=John Swith, account_number=12345678, bank_country_code=US, bsb=1234567...)">testBank({aba=1234567890, account_name=John Swith, account_number=12345678, bank_country_code=US, bsb=1234567...)</a> <!-- method navigator-link -->
                      </span>
                      <br/>
                      <span>
                        <img width="3%" src="passed.png"/>
                        <a href="#" class="method navigator-link" panel-name="suite-Default_Suite" title="com.airwallex.bank.BankTest" hash-for-method="testBank({aba=123456789, account_name=John Swith, account_number=1234567, bank_country_code=AU, bsb=123456, c...)">testBank({aba=123456789, account_name=John Swith, account_number=1234567, bank_country_code=AU, bsb=123456, c...)</a> <!-- method navigator-link -->
                      </span>
                      <br/>
                      <span>
                        <img width="3%" src="passed.png"/>
                        <a href="#" class="method navigator-link" panel-name="suite-Default_Suite" title="com.airwallex.bank.BankTest" hash-for-method="testBank({aba=123456789, account_name=John Swith, account_number=123, bank_country_code=US, bsb=123456, case_...)">testBank({aba=123456789, account_name=John Swith, account_number=123, bank_country_code=US, bsb=123456, case_...)</a> <!-- method navigator-link -->
                      </span>
                      <br/>
                      <span>
                        <img width="3%" src="passed.png"/>
                        <a href="#" class="method navigator-link" panel-name="suite-Default_Suite" title="com.airwallex.bank.BankTest" hash-for-method="testBank({aba=123456789, account_name=John Swith, account_number=123, bank_country_code=US, bsb=123456, case_...)">testBank({aba=123456789, account_name=John Swith, account_number=123, bank_country_code=US, bsb=123456, case_...)</a> <!-- method navigator-link -->
                      </span>
                      <br/>
                      <span>
                        <img width="3%" src="passed.png"/>
                        <a href="#" class="method navigator-link" panel-name="suite-Default_Suite" title="com.airwallex.bank.BankTest" hash-for-method="testBank({aba=123456789, account_name=J, account_number=123, bank_country_code=US, bsb=123456, case_desc=acco...)">testBank({aba=123456789, account_name=J, account_number=123, bank_country_code=US, bsb=123456, case_desc=acco...)</a> <!-- method navigator-link -->
                      </span>
                      <br/>
                      <span>
                        <img width="3%" src="passed.png"/>
                        <a href="#" class="method navigator-link" panel-name="suite-Default_Suite" title="com.airwallex.bank.BankTest" hash-for-method="testBank({aba=123456789, account_name=Jo, account_number=123, bank_country_code=US, bsb=123456, case_desc=acc...)">testBank({aba=123456789, account_name=Jo, account_number=123, bank_country_code=US, bsb=123456, case_desc=acc...)</a> <!-- method navigator-link -->
                      </span>
                      <br/>
                      <span>
                        <img width="3%" src="passed.png"/>
                        <a href="#" class="method navigator-link" panel-name="suite-Default_Suite" title="com.airwallex.bank.BankTest" hash-for-method="testBank({aba=123456789, account_name=John Swith, account_number=12345678, bank_country_code=AU, bsb=123456, ...)">testBank({aba=123456789, account_name=John Swith, account_number=12345678, bank_country_code=AU, bsb=123456, ...)</a> <!-- method navigator-link -->
                      </span>
                      <br/>
                      <span>
                        <img width="3%" src="passed.png"/>
                        <a href="#" class="method navigator-link" panel-name="suite-Default_Suite" title="com.airwallex.bank.BankTest" hash-for-method="testBank({aba=123456789, account_name=John Swith, account_number=12345678, bank_country_code=US, bsb=, case_d...)">testBank({aba=123456789, account_name=John Swith, account_number=12345678, bank_country_code=US, bsb=, case_d...)</a> <!-- method navigator-link -->
                      </span>
                      <br/>
                      <span>
                        <img width="3%" src="passed.png"/>
                        <a href="#" class="method navigator-link" panel-name="suite-Default_Suite" title="com.airwallex.bank.BankTest" hash-for-method="testBank({aba=123456789, account_name=John Swith, account_number=1234567, bank_country_code=AU, bsb=123456, c...)">testBank({aba=123456789, account_name=John Swith, account_number=1234567, bank_country_code=AU, bsb=123456, c...)</a> <!-- method navigator-link -->
                      </span>
                      <br/>
                      <span>
                        <img width="3%" src="passed.png"/>
                        <a href="#" class="method navigator-link" panel-name="suite-Default_Suite" title="com.airwallex.bank.BankTest" hash-for-method="testBank({aba=123456789, account_name=John Swith, account_number=12345678, bank_country_code=AU, bsb=12345, c...)">testBank({aba=123456789, account_name=John Swith, account_number=12345678, bank_country_code=AU, bsb=12345, c...)</a> <!-- method navigator-link -->
                      </span>
                      <br/>
                      <span>
                        <img width="3%" src="passed.png"/>
                        <a href="#" class="method navigator-link" panel-name="suite-Default_Suite" title="com.airwallex.bank.BankTest" hash-for-method="testBank({aba=123456789, account_name=Êù∞ÂÖã, account_number=123, bank_country_code=US, bsb=123456, case_desc=ac...)">testBank({aba=123456789, account_name=Êù∞ÂÖã, account_number=123, bank_country_code=US, bsb=123456, case_desc=ac...)</a> <!-- method navigator-link -->
                      </span>
                      <br/>
                      <span>
                        <img width="3%" src="passed.png"/>
                        <a href="#" class="method navigator-link" panel-name="suite-Default_Suite" title="com.airwallex.bank.BankTest" hash-for-method="testBank({aba=123456789, account_name=John Swith, account_number=1234567, bank_country_code=null, bsb=123456,...)">testBank({aba=123456789, account_name=John Swith, account_number=1234567, bank_country_code=null, bsb=123456,...)</a> <!-- method navigator-link -->
                      </span>
                      <br/>
                      <span>
                        <img width="3%" src="passed.png"/>
                        <a href="#" class="method navigator-link" panel-name="suite-Default_Suite" title="com.airwallex.bank.BankTest" hash-for-method="testBank({aba=123456789, account_name=John Swith1, account_number=123, bank_country_code=US, bsb=123456, case...)">testBank({aba=123456789, account_name=John Swith1, account_number=123, bank_country_code=US, bsb=123456, case...)</a> <!-- method navigator-link -->
                      </span>
                      <br/>
                      <span>
                        <img width="3%" src="passed.png"/>
                        <a href="#" class="method navigator-link" panel-name="suite-Default_Suite" title="com.airwallex.bank.BankTest" hash-for-method="testBank({aba=123456789, account_name=John Swith, account_number=12345678, bank_country_code=CN, bsb=, case_d...)">testBank({aba=123456789, account_name=John Swith, account_number=12345678, bank_country_code=CN, bsb=, case_d...)</a> <!-- method navigator-link -->
                      </span>
                      <br/>
                      <span>
                        <img width="3%" src="passed.png"/>
                        <a href="#" class="method navigator-link" panel-name="suite-Default_Suite" title="com.airwallex.bank.BankTest" hash-for-method="testBank({aba=123456789, account_name=John Swith, account_number=123, bank_country_code=US, bsb=123456, case_...)">testBank({aba=123456789, account_name=John Swith, account_number=123, bank_country_code=US, bsb=123456, case_...)</a> <!-- method navigator-link -->
                      </span>
                      <br/>
                      <span>
                        <img width="3%" src="passed.png"/>
                        <a href="#" class="method navigator-link" panel-name="suite-Default_Suite" title="com.airwallex.bank.BankTest" hash-for-method="testBank({aba=123456789, account_name=John Swith, account_number=123, bank_country_code=US, bsb=123456, case_...)">testBank({aba=123456789, account_name=John Swith, account_number=123, bank_country_code=US, bsb=123456, case_...)</a> <!-- method navigator-link -->
                      </span>
                      <br/>
                      <span>
                        <img width="3%" src="passed.png"/>
                        <a href="#" class="method navigator-link" panel-name="suite-Default_Suite" title="com.airwallex.bank.BankTest" hash-for-method="testBank({aba=123456789, account_name=John Swith, account_number=123, bank_country_code=US, bsb=123456, case_...)">testBank({aba=123456789, account_name=John Swith, account_number=123, bank_country_code=US, bsb=123456, case_...)</a> <!-- method navigator-link -->
                      </span>
                      <br/>
                      <span>
                        <img width="3%" src="passed.png"/>
                        <a href="#" class="method navigator-link" panel-name="suite-Default_Suite" title="com.airwallex.bank.BankTest" hash-for-method="testBank({aba=123456789, account_name=John Swith, account_number=123, bank_country_code=US, bsb=123456, case_...)">testBank({aba=123456789, account_name=John Swith, account_number=123, bank_country_code=US, bsb=123456, case_...)</a> <!-- method navigator-link -->
                      </span>
                      <br/>
                      <span>
                        <img width="3%" src="passed.png"/>
                        <a href="#" class="method navigator-link" panel-name="suite-Default_Suite" title="com.airwallex.bank.BankTest" hash-for-method="testBank({aba=123456789, account_name=John Swith, account_number=123, bank_country_code=US, bsb=123456, case_...)">testBank({aba=123456789, account_name=John Swith, account_number=123, bank_country_code=US, bsb=123456, case_...)</a> <!-- method navigator-link -->
                      </span>
                      <br/>
                      <span>
                        <img width="3%" src="passed.png"/>
                        <a href="#" class="method navigator-link" panel-name="suite-Default_Suite" title="com.airwallex.bank.BankTest" hash-for-method="testBank({aba=123456789, account_name=John Swith, account_number=123, bank_country_code=US, bsb=123456, case_...)">testBank({aba=123456789, account_name=John Swith, account_number=123, bank_country_code=US, bsb=123456, case_...)</a> <!-- method navigator-link -->
                      </span>
                      <br/>
                      <span>
                        <img width="3%" src="passed.png"/>
                        <a href="#" class="method navigator-link" panel-name="suite-Default_Suite" title="com.airwallex.bank.BankTest" hash-for-method="testBank({aba=123456789, account_name=John Swith, account_number=123, bank_country_code=US, bsb=123456, case_...)">testBank({aba=123456789, account_name=John Swith, account_number=123, bank_country_code=US, bsb=123456, case_...)</a> <!-- method navigator-link -->
                      </span>
                      <br/>
                      <span>
                        <img width="3%" src="passed.png"/>
                        <a href="#" class="method navigator-link" panel-name="suite-Default_Suite" title="com.airwallex.bank.BankTest" hash-for-method="testBank({aba=123456789, account_name=John Swith, account_number=12345678, bank_country_code=AU, bsb=, case_d...)">testBank({aba=123456789, account_name=John Swith, account_number=12345678, bank_country_code=AU, bsb=, case_d...)</a> <!-- method navigator-link -->
                      </span>
                      <br/>
                      <span>
                        <img width="3%" src="passed.png"/>
                        <a href="#" class="method navigator-link" panel-name="suite-Default_Suite" title="com.airwallex.bank.BankTest" hash-for-method="testBank({aba=123456789, account_name=John Swith, account_number=12345678, bank_country_code=US, bsb=123456, ...)">testBank({aba=123456789, account_name=John Swith, account_number=12345678, bank_country_code=US, bsb=123456, ...)</a> <!-- method navigator-link -->
                      </span>
                      <br/>
                      <span>
                        <img width="3%" src="passed.png"/>
                        <a href="#" class="method navigator-link" panel-name="suite-Default_Suite" title="com.airwallex.bank.BankTest" hash-for-method="testBank({aba=123456789, account_name=John Swith, account_number=123, bank_country_code=US, bsb=123456, case_...)">testBank({aba=123456789, account_name=John Swith, account_number=123, bank_country_code=US, bsb=123456, case_...)</a> <!-- method navigator-link -->
                      </span>
                      <br/>
                      <span>
                        <img width="3%" src="passed.png"/>
                        <a href="#" class="method navigator-link" panel-name="suite-Default_Suite" title="com.airwallex.bank.BankTest" hash-for-method="testBank({aba=123456789, account_name=John Swith, account_number=1234567, bank_country_code=CN, bsb=123456, c...)">testBank({aba=123456789, account_name=John Swith, account_number=1234567, bank_country_code=CN, bsb=123456, c...)</a> <!-- method navigator-link -->
                      </span>
                      <br/>
                      <span>
                        <img width="3%" src="passed.png"/>
                        <a href="#" class="method navigator-link" panel-name="suite-Default_Suite" title="com.airwallex.bank.BankTest" hash-for-method="testBank({aba=, account_name=John Swith, account_number=12345678, bank_country_code=AU, bsb=123456, case_desc...)">testBank({aba=, account_name=John Swith, account_number=12345678, bank_country_code=AU, bsb=123456, case_desc...)</a> <!-- method navigator-link -->
                      </span>
                      <br/>
                      <span>
                        <img width="3%" src="passed.png"/>
                        <a href="#" class="method navigator-link" panel-name="suite-Default_Suite" title="com.airwallex.bank.BankTest" hash-for-method="testBank({aba=123456789, account_name=jack, account_number=1, bank_country_code=US, bsb=123456, case_desc=ban...)">testBank({aba=123456789, account_name=jack, account_number=1, bank_country_code=US, bsb=123456, case_desc=ban...)</a> <!-- method navigator-link -->
                      </span>
                      <br/>
                      <span>
                        <img width="3%" src="passed.png"/>
                        <a href="#" class="method navigator-link" panel-name="suite-Default_Suite" title="com.airwallex.bank.BankTest" hash-for-method="testBank({aba=123456789, account_name=jack, account_number=12345678, bank_country_code=CN, bsb=123456, case_d...)">testBank({aba=123456789, account_name=jack, account_number=12345678, bank_country_code=CN, bsb=123456, case_d...)</a> <!-- method navigator-link -->
                      </span>
                      <br/>
                      <span>
                        <img width="3%" src="passed.png"/>
                        <a href="#" class="method navigator-link" panel-name="suite-Default_Suite" title="com.airwallex.bank.BankTest" hash-for-method="testBank({aba=, account_name=John Swith, account_number=12345678, bank_country_code=CN, bsb=123456, case_desc...)">testBank({aba=, account_name=John Swith, account_number=12345678, bank_country_code=CN, bsb=123456, case_desc...)</a> <!-- method navigator-link -->
                      </span>
                      <br/>
                      <span>
                        <img width="3%" src="passed.png"/>
                        <a href="#" class="method navigator-link" panel-name="suite-Default_Suite" title="com.airwallex.bank.BankTest" hash-for-method="testBank({aba=123456789, account_name=jack, account_number=123456, bank_country_code=AU, bsb=123456, case_des...)">testBank({aba=123456789, account_name=jack, account_number=123456, bank_country_code=AU, bsb=123456, case_des...)</a> <!-- method navigator-link -->
                      </span>
                      <br/>
                      <span>
                        <img width="3%" src="passed.png"/>
                        <a href="#" class="method navigator-link" panel-name="suite-Default_Suite" title="com.airwallex.bank.BankTest" hash-for-method="testBank({aba=123456789, account_name=John Swith, account_number=1234567, bank_country_code=US, bsb=123456, c...)">testBank({aba=123456789, account_name=John Swith, account_number=1234567, bank_country_code=US, bsb=123456, c...)</a> <!-- method navigator-link -->
                      </span>
                      <br/>
                    </div> <!-- method-list-content passed suite-Default_Suite -->
                  </li>
                </ul>
              </div> <!-- suite-section-content -->
            </div> <!-- result-section -->
          </div> <!-- navigator-suite-content -->
        </div> <!-- rounded-window -->
      </div> <!-- suite -->
    </div> <!-- navigator-root -->
    <div class="wrapper">
      <div class="main-panel-root">
        <div panel-name="suite-Default_Suite" class="panel Default_Suite">
          <div class="suite-Default_Suite-class-failed">
            <div class="main-panel-header rounded-window-top">
              <img src="failed.png"/>
              <span class="class-name">com.airwallex.bank.BankTest</span>
            </div> <!-- main-panel-header rounded-window-top -->
            <div class="main-panel-content rounded-window-bottom">
              <div class="method">
                <div class="method-content">
                  <a name="testBank({aba=123456789, account_name=jack, account_number=1234567, bank_country_code=CN, bsb=123456, case_de...)">
                  </a> <!-- testBank({aba=123456789, account_name=jack, account_number=1234567, bank_country_code=CN, bsb=123456, case_de...) -->
                  <span class="method-name">testBank</span>
                  <span class="parameters">({aba=123456789, account_name=jack, account_number=1234567, bank_country_code=CN, bsb=123456, case_desc=bank_country_code‰∏∫CN,account_number‰∏?7‰∏™Â≠óÁ¨¶‰∏≤,È¢ÑÊúüÂ§±Ë¥•, caseid=0000028, msg=xxx, payment_method=SWIFT, response_status=400, run=, swift_code=ICBCCNBJ})</span>
                  <div class="stack-trace"><b>"java.lang.AssertionError: expected [400] but found [200]
	at com.airwallex.bank.BankTest.testBank(BankTest.java:38)
	at org.apache.maven.surefire.testng.TestNGExecutor.run(TestNGExecutor.java:282)
	at org.apache.maven.surefire.testng.TestNGXmlTestSuite.execute(TestNGXmlTestSuite.java:83)
	at org.apache.maven.surefire.testng.TestNGProvider.invoke(TestNGProvider.java:114)
	at org.apache.maven.surefire.booter.ForkedBooter.invokeProviderInSameClassLoader(ForkedBooter.java:286)
	at org.apache.maven.surefire.booter.ForkedBooter.runSuitesInProcess(ForkedBooter.java:240)
	at org.apache.maven.surefire.booter.ForkedBooter.main(ForkedBooter.java:121)
... Removed 25 stack frames<br/> java.lang.AssertionError: expected [400] but found [200]
	at org.testng.Assert.fail(Assert.java:94)
	at org.testng.Assert.failNotEquals(Assert.java:494)
	at org.testng.Assert.assertEquals(Assert.java:123)
	at org.testng.Assert.assertEquals(Assert.java:176)
	at org.testng.Assert.assertEquals(Assert.java:186)
	at com.airwallex.bank.BankTest.testBank(BankTest.java:38)
	at sun.reflect.GeneratedMethodAccessor2.invoke(Unknown Source)
	at sun.reflect.DelegatingMethodAccessorImpl.invoke(DelegatingMethodAccessorImpl.java:43)
	at java.lang.reflect.Method.invoke(Method.java:498)
	at org.testng.internal.MethodInvocationHelper.invokeMethod(MethodInvocationHelper.java:80)
	at org.testng.internal.Invoker.invokeMethod(Invoker.java:714)
	at org.testng.internal.Invoker.invokeTestMethod(Invoker.java:901)
	at org.testng.internal.Invoker.invokeTestMethods(Invoker.java:1231)
	at org.testng.internal.TestMethodWorker.invokeTestMethods(TestMethodWorker.java:127)
	at org.testng.internal.TestMethodWorker.run(TestMethodWorker.java:111)
	at org.testng.TestRunner.privateRun(TestRunner.java:767)
	at org.testng.TestRunner.run(TestRunner.java:617)
	at org.testng.SuiteRunner.runTest(SuiteRunner.java:334)
	at org.testng.SuiteRunner.runSequentially(SuiteRunner.java:329)
	at org.testng.SuiteRunner.privateRun(SuiteRunner.java:291)
	at org.testng.SuiteRunner.run(SuiteRunner.java:240)
	at org.testng.SuiteRunnerWorker.runSuite(SuiteRunnerWorker.java:52)
	at org.testng.SuiteRunnerWorker.run(SuiteRunnerWorker.java:86)
	at org.testng.TestNG.runSuitesSequentially(TestNG.java:1198)
	at org.testng.TestNG.runSuitesLocally(TestNG.java:1123)
	at org.testng.TestNG.run(TestNG.java:1031)
	at org.apache.maven.surefire.testng.TestNGExecutor.run(TestNGExecutor.java:282)
	at org.apache.maven.surefire.testng.TestNGXmlTestSuite.execute(TestNGXmlTestSuite.java:83)
	at org.apache.maven.surefire.testng.TestNGProvider.invoke(TestNGProvider.java:114)
	at org.apache.maven.surefire.booter.ForkedBooter.invokeProviderInSameClassLoader(ForkedBooter.java:286)
	at org.apache.maven.surefire.booter.ForkedBooter.runSuitesInProcess(ForkedBooter.java:240)
	at org.apache.maven.surefire.booter.ForkedBooter.main(ForkedBooter.java:121)
"</b><br>org.testng.Assert.fail(Assert.java:94)<br>org.testng.Assert.failNotEquals(Assert.java:494)<br>org.testng.Assert.assertEquals(Assert.java:123)<br>org.testng.Assert.assertEquals(Assert.java:176)<br>org.testng.Assert.assertEquals(Assert.java:186)<br>com.airwallex.bank.BankTest.testBank(BankTest.java:38)<br>sun.reflect.GeneratedMethodAccessor2.invoke(Unknown Source)<br>sun.reflect.DelegatingMethodAccessorImpl.invoke(DelegatingMethodAccessorImpl.java:43)<br>java.lang.reflect.Method.invoke(Method.java:498)<br>org.testng.internal.MethodInvocationHelper.invokeMethod(MethodInvocationHelper.java:80)<br>org.testng.internal.Invoker.invokeMethod(Invoker.java:714)<br>org.testng.internal.Invoker.invokeTestMethod(Invoker.java:901)<br>org.testng.internal.Invoker.invokeTestMethods(Invoker.java:1231)<br>org.testng.internal.TestMethodWorker.invokeTestMethods(TestMethodWorker.java:127)<br>org.testng.internal.TestMethodWorker.run(TestMethodWorker.java:111)<br>org.testng.TestRunner.privateRun(TestRunner.java:767)<br>org.testng.TestRunner.run(TestRunner.java:617)<br>org.testng.SuiteRunner.runTest(SuiteRunner.java:334)<br>org.testng.SuiteRunner.runSequentially(SuiteRunner.java:329)<br>org.testng.SuiteRunner.privateRun(SuiteRunner.java:291)<br>org.testng.SuiteRunner.run(SuiteRunner.java:240)<br>org.testng.SuiteRunnerWorker.runSuite(SuiteRunnerWorker.java:52)<br>org.testng.SuiteRunnerWorker.run(SuiteRunnerWorker.java:86)<br>org.testng.TestNG.runSuitesSequentially(TestNG.java:1198)<br>org.testng.TestNG.runSuitesLocally(TestNG.java:1123)<br>org.testng.TestNG.run(TestNG.java:1031)<br>org.apache.maven.surefire.testng.TestNGExecutor.run(TestNGExecutor.java:282)<br>org.apache.maven.surefire.testng.TestNGXmlTestSuite.execute(TestNGXmlTestSuite.java:83)<br>org.apache.maven.surefire.testng.TestNGProvider.invoke(TestNGProvider.java:114)<br>org.apache.maven.surefire.booter.ForkedBooter.invokeProviderInSameClassLoader(ForkedBooter.java:286)<br>org.apache.maven.surefire.booter.ForkedBooter.runSuitesInProcess(ForkedBooter.java:240)<br>org.apache.maven.surefire.booter.ForkedBooter.main(ForkedBooter.java:121)<br>
</div> <!-- stack-trace -->
                </div> <!-- method-content -->
              </div> <!-- method -->
              <div class="method">
                <div class="method-content">
                  <a name="testBank({aba=123456789, account_name=John Swith, account_number=12345678, bank_country_code=CN, bsb=123456, ...)">
                  </a> <!-- testBank({aba=123456789, account_name=John Swith, account_number=12345678, bank_country_code=CN, bsb=123456, ...) -->
                  <span class="method-name">testBank</span>
                  <span class="parameters">({aba=123456789, account_name=John Swith, account_number=12345678, bank_country_code=CN, bsb=123456, case_desc=swift_code‰∏?9‰Ω?,È¢ÑÊúüÂ§±Ë¥•CN, caseid=0000040, msg=error, payment_method=SWIFT, response_status=400, run=, swift_code=ICBCCNBJA})</span>
                  <div class="stack-trace"><b>"java.lang.AssertionError: expected [400] but found [200]
	at com.airwallex.bank.BankTest.testBank(BankTest.java:38)
	at org.apache.maven.surefire.testng.TestNGExecutor.run(TestNGExecutor.java:282)
	at org.apache.maven.surefire.testng.TestNGXmlTestSuite.execute(TestNGXmlTestSuite.java:83)
	at org.apache.maven.surefire.testng.TestNGProvider.invoke(TestNGProvider.java:114)
	at org.apache.maven.surefire.booter.ForkedBooter.invokeProviderInSameClassLoader(ForkedBooter.java:286)
	at org.apache.maven.surefire.booter.ForkedBooter.runSuitesInProcess(ForkedBooter.java:240)
	at org.apache.maven.surefire.booter.ForkedBooter.main(ForkedBooter.java:121)
... Removed 25 stack frames<br/> java.lang.AssertionError: expected [400] but found [200]
	at org.testng.Assert.fail(Assert.java:94)
	at org.testng.Assert.failNotEquals(Assert.java:494)
	at org.testng.Assert.assertEquals(Assert.java:123)
	at org.testng.Assert.assertEquals(Assert.java:176)
	at org.testng.Assert.assertEquals(Assert.java:186)
	at com.airwallex.bank.BankTest.testBank(BankTest.java:38)
	at sun.reflect.GeneratedMethodAccessor2.invoke(Unknown Source)
	at sun.reflect.DelegatingMethodAccessorImpl.invoke(DelegatingMethodAccessorImpl.java:43)
	at java.lang.reflect.Method.invoke(Method.java:498)
	at org.testng.internal.MethodInvocationHelper.invokeMethod(MethodInvocationHelper.java:80)
	at org.testng.internal.Invoker.invokeMethod(Invoker.java:714)
	at org.testng.internal.Invoker.invokeTestMethod(Invoker.java:901)
	at org.testng.internal.Invoker.invokeTestMethods(Invoker.java:1231)
	at org.testng.internal.TestMethodWorker.invokeTestMethods(TestMethodWorker.java:127)
	at org.testng.internal.TestMethodWorker.run(TestMethodWorker.java:111)
	at org.testng.TestRunner.privateRun(TestRunner.java:767)
	at org.testng.TestRunner.run(TestRunner.java:617)
	at org.testng.SuiteRunner.runTest(SuiteRunner.java:334)
	at org.testng.SuiteRunner.runSequentially(SuiteRunner.java:329)
	at org.testng.SuiteRunner.privateRun(SuiteRunner.java:291)
	at org.testng.SuiteRunner.run(SuiteRunner.java:240)
	at org.testng.SuiteRunnerWorker.runSuite(SuiteRunnerWorker.java:52)
	at org.testng.SuiteRunnerWorker.run(SuiteRunnerWorker.java:86)
	at org.testng.TestNG.runSuitesSequentially(TestNG.java:1198)
	at org.testng.TestNG.runSuitesLocally(TestNG.java:1123)
	at org.testng.TestNG.run(TestNG.java:1031)
	at org.apache.maven.surefire.testng.TestNGExecutor.run(TestNGExecutor.java:282)
	at org.apache.maven.surefire.testng.TestNGXmlTestSuite.execute(TestNGXmlTestSuite.java:83)
	at org.apache.maven.surefire.testng.TestNGProvider.invoke(TestNGProvider.java:114)
	at org.apache.maven.surefire.booter.ForkedBooter.invokeProviderInSameClassLoader(ForkedBooter.java:286)
	at org.apache.maven.surefire.booter.ForkedBooter.runSuitesInProcess(ForkedBooter.java:240)
	at org.apache.maven.surefire.booter.ForkedBooter.main(ForkedBooter.java:121)
"</b><br>org.testng.Assert.fail(Assert.java:94)<br>org.testng.Assert.failNotEquals(Assert.java:494)<br>org.testng.Assert.assertEquals(Assert.java:123)<br>org.testng.Assert.assertEquals(Assert.java:176)<br>org.testng.Assert.assertEquals(Assert.java:186)<br>com.airwallex.bank.BankTest.testBank(BankTest.java:38)<br>sun.reflect.GeneratedMethodAccessor2.invoke(Unknown Source)<br>sun.reflect.DelegatingMethodAccessorImpl.invoke(DelegatingMethodAccessorImpl.java:43)<br>java.lang.reflect.Method.invoke(Method.java:498)<br>org.testng.internal.MethodInvocationHelper.invokeMethod(MethodInvocationHelper.java:80)<br>org.testng.internal.Invoker.invokeMethod(Invoker.java:714)<br>org.testng.internal.Invoker.invokeTestMethod(Invoker.java:901)<br>org.testng.internal.Invoker.invokeTestMethods(Invoker.java:1231)<br>org.testng.internal.TestMethodWorker.invokeTestMethods(TestMethodWorker.java:127)<br>org.testng.internal.TestMethodWorker.run(TestMethodWorker.java:111)<br>org.testng.TestRunner.privateRun(TestRunner.java:767)<br>org.testng.TestRunner.run(TestRunner.java:617)<br>org.testng.SuiteRunner.runTest(SuiteRunner.java:334)<br>org.testng.SuiteRunner.runSequentially(SuiteRunner.java:329)<br>org.testng.SuiteRunner.privateRun(SuiteRunner.java:291)<br>org.testng.SuiteRunner.run(SuiteRunner.java:240)<br>org.testng.SuiteRunnerWorker.runSuite(SuiteRunnerWorker.java:52)<br>org.testng.SuiteRunnerWorker.run(SuiteRunnerWorker.java:86)<br>org.testng.TestNG.runSuitesSequentially(TestNG.java:1198)<br>org.testng.TestNG.runSuitesLocally(TestNG.java:1123)<br>org.testng.TestNG.run(TestNG.java:1031)<br>org.apache.maven.surefire.testng.TestNGExecutor.run(TestNGExecutor.java:282)<br>org.apache.maven.surefire.testng.TestNGXmlTestSuite.execute(TestNGXmlTestSuite.java:83)<br>org.apache.maven.surefire.testng.TestNGProvider.invoke(TestNGProvider.java:114)<br>org.apache.maven.surefire.booter.ForkedBooter.invokeProviderInSameClassLoader(ForkedBooter.java:286)<br>org.apache.maven.surefire.booter.ForkedBooter.runSuitesInProcess(ForkedBooter.java:240)<br>org.apache.maven.surefire.booter.ForkedBooter.main(ForkedBooter.java:121)<br>
</div> <!-- stack-trace -->
                </div> <!-- method-content -->
              </div> <!-- method -->
              <div class="method">
                <div class="method-content">
                  <a name="testBank({aba=123456789, account_name=jack, account_number=12345, bank_country_code=AU, bsb=123456, case_desc...)">
                  </a> <!-- testBank({aba=123456789, account_name=jack, account_number=12345, bank_country_code=AU, bsb=123456, case_desc...) -->
                  <span class="method-name">testBank</span>
                  <span class="parameters">({aba=123456789, account_name=jack, account_number=12345, bank_country_code=AU, bsb=123456, case_desc=bank_country_code‰∏∫AU,account_number‰∏?5‰∏™Â≠óÁ¨¶‰∏≤,È¢ÑÊúüÂ§±Ë¥•, caseid=0000024, msg=Bank details saved, payment_method=SWIFT, response_status=400, run=, swift_code=ICBCAUBJ})</span>
                  <div class="stack-trace"><b>"java.lang.AssertionError: expected [Bank details saved] but found [Length of account_number should be between 7 and 11 when bank_country_code is &apos;US&apos;]
	at com.airwallex.bank.BankTest.testBank(BankTest.java:39)
	at org.apache.maven.surefire.testng.TestNGExecutor.run(TestNGExecutor.java:282)
	at org.apache.maven.surefire.testng.TestNGXmlTestSuite.execute(TestNGXmlTestSuite.java:83)
	at org.apache.maven.surefire.testng.TestNGProvider.invoke(TestNGProvider.java:114)
	at org.apache.maven.surefire.booter.ForkedBooter.invokeProviderInSameClassLoader(ForkedBooter.java:286)
	at org.apache.maven.surefire.booter.ForkedBooter.runSuitesInProcess(ForkedBooter.java:240)
	at org.apache.maven.surefire.booter.ForkedBooter.main(ForkedBooter.java:121)
... Removed 25 stack frames<br/> java.lang.AssertionError: expected [Bank details saved] but found [Length of account_number should be between 7 and 11 when bank_country_code is &apos;US&apos;]
	at org.testng.Assert.fail(Assert.java:94)
	at org.testng.Assert.failNotEquals(Assert.java:494)
	at org.testng.Assert.assertEquals(Assert.java:123)
	at org.testng.Assert.assertEquals(Assert.java:176)
	at org.testng.Assert.assertEquals(Assert.java:186)
	at com.airwallex.bank.BankTest.testBank(BankTest.java:39)
	at sun.reflect.GeneratedMethodAccessor2.invoke(Unknown Source)
	at sun.reflect.DelegatingMethodAccessorImpl.invoke(DelegatingMethodAccessorImpl.java:43)
	at java.lang.reflect.Method.invoke(Method.java:498)
	at org.testng.internal.MethodInvocationHelper.invokeMethod(MethodInvocationHelper.java:80)
	at org.testng.internal.Invoker.invokeMethod(Invoker.java:714)
	at org.testng.internal.Invoker.invokeTestMethod(Invoker.java:901)
	at org.testng.internal.Invoker.invokeTestMethods(Invoker.java:1231)
	at org.testng.internal.TestMethodWorker.invokeTestMethods(TestMethodWorker.java:127)
	at org.testng.internal.TestMethodWorker.run(TestMethodWorker.java:111)
	at org.testng.TestRunner.privateRun(TestRunner.java:767)
	at org.testng.TestRunner.run(TestRunner.java:617)
	at org.testng.SuiteRunner.runTest(SuiteRunner.java:334)
	at org.testng.SuiteRunner.runSequentially(SuiteRunner.java:329)
	at org.testng.SuiteRunner.privateRun(SuiteRunner.java:291)
	at org.testng.SuiteRunner.run(SuiteRunner.java:240)
	at org.testng.SuiteRunnerWorker.runSuite(SuiteRunnerWorker.java:52)
	at org.testng.SuiteRunnerWorker.run(SuiteRunnerWorker.java:86)
	at org.testng.TestNG.runSuitesSequentially(TestNG.java:1198)
	at org.testng.TestNG.runSuitesLocally(TestNG.java:1123)
	at org.testng.TestNG.run(TestNG.java:1031)
	at org.apache.maven.surefire.testng.TestNGExecutor.run(TestNGExecutor.java:282)
	at org.apache.maven.surefire.testng.TestNGXmlTestSuite.execute(TestNGXmlTestSuite.java:83)
	at org.apache.maven.surefire.testng.TestNGProvider.invoke(TestNGProvider.java:114)
	at org.apache.maven.surefire.booter.ForkedBooter.invokeProviderInSameClassLoader(ForkedBooter.java:286)
	at org.apache.maven.surefire.booter.ForkedBooter.runSuitesInProcess(ForkedBooter.java:240)
	at org.apache.maven.surefire.booter.ForkedBooter.main(ForkedBooter.java:121)
"</b><br>org.testng.Assert.fail(Assert.java:94)<br>org.testng.Assert.failNotEquals(Assert.java:494)<br>org.testng.Assert.assertEquals(Assert.java:123)<br>org.testng.Assert.assertEquals(Assert.java:176)<br>org.testng.Assert.assertEquals(Assert.java:186)<br>com.airwallex.bank.BankTest.testBank(BankTest.java:39)<br>sun.reflect.GeneratedMethodAccessor2.invoke(Unknown Source)<br>sun.reflect.DelegatingMethodAccessorImpl.invoke(DelegatingMethodAccessorImpl.java:43)<br>java.lang.reflect.Method.invoke(Method.java:498)<br>org.testng.internal.MethodInvocationHelper.invokeMethod(MethodInvocationHelper.java:80)<br>org.testng.internal.Invoker.invokeMethod(Invoker.java:714)<br>org.testng.internal.Invoker.invokeTestMethod(Invoker.java:901)<br>org.testng.internal.Invoker.invokeTestMethods(Invoker.java:1231)<br>org.testng.internal.TestMethodWorker.invokeTestMethods(TestMethodWorker.java:127)<br>org.testng.internal.TestMethodWorker.run(TestMethodWorker.java:111)<br>org.testng.TestRunner.privateRun(TestRunner.java:767)<br>org.testng.TestRunner.run(TestRunner.java:617)<br>org.testng.SuiteRunner.runTest(SuiteRunner.java:334)<br>org.testng.SuiteRunner.runSequentially(SuiteRunner.java:329)<br>org.testng.SuiteRunner.privateRun(SuiteRunner.java:291)<br>org.testng.SuiteRunner.run(SuiteRunner.java:240)<br>org.testng.SuiteRunnerWorker.runSuite(SuiteRunnerWorker.java:52)<br>org.testng.SuiteRunnerWorker.run(SuiteRunnerWorker.java:86)<br>org.testng.TestNG.runSuitesSequentially(TestNG.java:1198)<br>org.testng.TestNG.runSuitesLocally(TestNG.java:1123)<br>org.testng.TestNG.run(TestNG.java:1031)<br>org.apache.maven.surefire.testng.TestNGExecutor.run(TestNGExecutor.java:282)<br>org.apache.maven.surefire.testng.TestNGXmlTestSuite.execute(TestNGXmlTestSuite.java:83)<br>org.apache.maven.surefire.testng.TestNGProvider.invoke(TestNGProvider.java:114)<br>org.apache.maven.surefire.booter.ForkedBooter.invokeProviderInSameClassLoader(ForkedBooter.java:286)<br>org.apache.maven.surefire.booter.ForkedBooter.runSuitesInProcess(ForkedBooter.java:240)<br>org.apache.maven.surefire.booter.ForkedBooter.main(ForkedBooter.java:121)<br>
</div> <!-- stack-trace -->
                </div> <!-- method-content -->
              </div> <!-- method -->
              <div class="method">
                <div class="method-content">
                  <a name="testBank({aba=123456789, account_name=jack, account_number=12345678901234567890, bank_country_code=CN, bsb=12...)">
                  </a> <!-- testBank({aba=123456789, account_name=jack, account_number=12345678901234567890, bank_country_code=CN, bsb=12...) -->
                  <span class="method-name">testBank</span>
                  <span class="parameters">({aba=123456789, account_name=jack, account_number=12345678901234567890, bank_country_code=CN, bsb=123456, case_desc=bank_country_code‰∏∫CN,account_number‰∏?21‰∏™Â≠óÁ¨¶‰∏≤,È¢ÑÊúüÂ§±Ë¥•, caseid=0000029, msg=Bank details saved, payment_method=SWIFT, response_status=400, run=, swift_code=ICBCCNBJ})</span>
                  <div class="stack-trace"><b>"java.lang.AssertionError: expected [Bank details saved] but found [Length of account_number should be between 7 and 11 when bank_country_code is &apos;US&apos;]
	at com.airwallex.bank.BankTest.testBank(BankTest.java:39)
	at org.apache.maven.surefire.testng.TestNGExecutor.run(TestNGExecutor.java:282)
	at org.apache.maven.surefire.testng.TestNGXmlTestSuite.execute(TestNGXmlTestSuite.java:83)
	at org.apache.maven.surefire.testng.TestNGProvider.invoke(TestNGProvider.java:114)
	at org.apache.maven.surefire.booter.ForkedBooter.invokeProviderInSameClassLoader(ForkedBooter.java:286)
	at org.apache.maven.surefire.booter.ForkedBooter.runSuitesInProcess(ForkedBooter.java:240)
	at org.apache.maven.surefire.booter.ForkedBooter.main(ForkedBooter.java:121)
... Removed 25 stack frames<br/> java.lang.AssertionError: expected [Bank details saved] but found [Length of account_number should be between 7 and 11 when bank_country_code is &apos;US&apos;]
	at org.testng.Assert.fail(Assert.java:94)
	at org.testng.Assert.failNotEquals(Assert.java:494)
	at org.testng.Assert.assertEquals(Assert.java:123)
	at org.testng.Assert.assertEquals(Assert.java:176)
	at org.testng.Assert.assertEquals(Assert.java:186)
	at com.airwallex.bank.BankTest.testBank(BankTest.java:39)
	at sun.reflect.GeneratedMethodAccessor2.invoke(Unknown Source)
	at sun.reflect.DelegatingMethodAccessorImpl.invoke(DelegatingMethodAccessorImpl.java:43)
	at java.lang.reflect.Method.invoke(Method.java:498)
	at org.testng.internal.MethodInvocationHelper.invokeMethod(MethodInvocationHelper.java:80)
	at org.testng.internal.Invoker.invokeMethod(Invoker.java:714)
	at org.testng.internal.Invoker.invokeTestMethod(Invoker.java:901)
	at org.testng.internal.Invoker.invokeTestMethods(Invoker.java:1231)
	at org.testng.internal.TestMethodWorker.invokeTestMethods(TestMethodWorker.java:127)
	at org.testng.internal.TestMethodWorker.run(TestMethodWorker.java:111)
	at org.testng.TestRunner.privateRun(TestRunner.java:767)
	at org.testng.TestRunner.run(TestRunner.java:617)
	at org.testng.SuiteRunner.runTest(SuiteRunner.java:334)
	at org.testng.SuiteRunner.runSequentially(SuiteRunner.java:329)
	at org.testng.SuiteRunner.privateRun(SuiteRunner.java:291)
	at org.testng.SuiteRunner.run(SuiteRunner.java:240)
	at org.testng.SuiteRunnerWorker.runSuite(SuiteRunnerWorker.java:52)
	at org.testng.SuiteRunnerWorker.run(SuiteRunnerWorker.java:86)
	at org.testng.TestNG.runSuitesSequentially(TestNG.java:1198)
	at org.testng.TestNG.runSuitesLocally(TestNG.java:1123)
	at org.testng.TestNG.run(TestNG.java:1031)
	at org.apache.maven.surefire.testng.TestNGExecutor.run(TestNGExecutor.java:282)
	at org.apache.maven.surefire.testng.TestNGXmlTestSuite.execute(TestNGXmlTestSuite.java:83)
	at org.apache.maven.surefire.testng.TestNGProvider.invoke(TestNGProvider.java:114)
	at org.apache.maven.surefire.booter.ForkedBooter.invokeProviderInSameClassLoader(ForkedBooter.java:286)
	at org.apache.maven.surefire.booter.ForkedBooter.runSuitesInProcess(ForkedBooter.java:240)
	at org.apache.maven.surefire.booter.ForkedBooter.main(ForkedBooter.java:121)
"</b><br>org.testng.Assert.fail(Assert.java:94)<br>org.testng.Assert.failNotEquals(Assert.java:494)<br>org.testng.Assert.assertEquals(Assert.java:123)<br>org.testng.Assert.assertEquals(Assert.java:176)<br>org.testng.Assert.assertEquals(Assert.java:186)<br>com.airwallex.bank.BankTest.testBank(BankTest.java:39)<br>sun.reflect.GeneratedMethodAccessor2.invoke(Unknown Source)<br>sun.reflect.DelegatingMethodAccessorImpl.invoke(DelegatingMethodAccessorImpl.java:43)<br>java.lang.reflect.Method.invoke(Method.java:498)<br>org.testng.internal.MethodInvocationHelper.invokeMethod(MethodInvocationHelper.java:80)<br>org.testng.internal.Invoker.invokeMethod(Invoker.java:714)<br>org.testng.internal.Invoker.invokeTestMethod(Invoker.java:901)<br>org.testng.internal.Invoker.invokeTestMethods(Invoker.java:1231)<br>org.testng.internal.TestMethodWorker.invokeTestMethods(TestMethodWorker.java:127)<br>org.testng.internal.TestMethodWorker.run(TestMethodWorker.java:111)<br>org.testng.TestRunner.privateRun(TestRunner.java:767)<br>org.testng.TestRunner.run(TestRunner.java:617)<br>org.testng.SuiteRunner.runTest(SuiteRunner.java:334)<br>org.testng.SuiteRunner.runSequentially(SuiteRunner.java:329)<br>org.testng.SuiteRunner.privateRun(SuiteRunner.java:291)<br>org.testng.SuiteRunner.run(SuiteRunner.java:240)<br>org.testng.SuiteRunnerWorker.runSuite(SuiteRunnerWorker.java:52)<br>org.testng.SuiteRunnerWorker.run(SuiteRunnerWorker.java:86)<br>org.testng.TestNG.runSuitesSequentially(TestNG.java:1198)<br>org.testng.TestNG.runSuitesLocally(TestNG.java:1123)<br>org.testng.TestNG.run(TestNG.java:1031)<br>org.apache.maven.surefire.testng.TestNGExecutor.run(TestNGExecutor.java:282)<br>org.apache.maven.surefire.testng.TestNGXmlTestSuite.execute(TestNGXmlTestSuite.java:83)<br>org.apache.maven.surefire.testng.TestNGProvider.invoke(TestNGProvider.java:114)<br>org.apache.maven.surefire.booter.ForkedBooter.invokeProviderInSameClassLoader(ForkedBooter.java:286)<br>org.apache.maven.surefire.booter.ForkedBooter.runSuitesInProcess(ForkedBooter.java:240)<br>org.apache.maven.surefire.booter.ForkedBooter.main(ForkedBooter.java:121)<br>
</div> <!-- stack-trace -->
                </div> <!-- method-content -->
              </div> <!-- method -->
              <div class="method">
                <div class="method-content">
                  <a name="testBank({aba=123456789, account_name=John Swith, account_number=123, bank_country_code=US, bsb=123456, case_...)">
                  </a> <!-- testBank({aba=123456789, account_name=John Swith, account_number=123, bank_country_code=US, bsb=123456, case_...) -->
                  <span class="method-name">testBank</span>
                  <span class="parameters">({aba=123456789, account_name=John Swith, account_number=123, bank_country_code=US, bsb=123456, case_desc=swift_codeÁ¨?5‰ΩçÂíåÁ¨?6‰Ωç‰∏ébank contry code‰∏çÂåπÈÖ?(ÂΩìbank contry code‰∏∫AU),È¢ÑÊúüÂ§±Ë¥•, caseid=0000035, msg=The swift code is not valid for the given bank country code: AU, payment_method=SWIFT, response_status=400, run=, swift_code=ICBCAUBJ})</span>
                  <div class="stack-trace"><b>"java.lang.AssertionError: expected [The swift code is not valid for the given bank country code: AU] but found [The swift code is not valid for the given bank country code: US]
	at com.airwallex.bank.BankTest.testBank(BankTest.java:39)
	at org.apache.maven.surefire.testng.TestNGExecutor.run(TestNGExecutor.java:282)
	at org.apache.maven.surefire.testng.TestNGXmlTestSuite.execute(TestNGXmlTestSuite.java:83)
	at org.apache.maven.surefire.testng.TestNGProvider.invoke(TestNGProvider.java:114)
	at org.apache.maven.surefire.booter.ForkedBooter.invokeProviderInSameClassLoader(ForkedBooter.java:286)
	at org.apache.maven.surefire.booter.ForkedBooter.runSuitesInProcess(ForkedBooter.java:240)
	at org.apache.maven.surefire.booter.ForkedBooter.main(ForkedBooter.java:121)
... Removed 25 stack frames<br/> java.lang.AssertionError: expected [The swift code is not valid for the given bank country code: AU] but found [The swift code is not valid for the given bank country code: US]
	at org.testng.Assert.fail(Assert.java:94)
	at org.testng.Assert.failNotEquals(Assert.java:494)
	at org.testng.Assert.assertEquals(Assert.java:123)
	at org.testng.Assert.assertEquals(Assert.java:176)
	at org.testng.Assert.assertEquals(Assert.java:186)
	at com.airwallex.bank.BankTest.testBank(BankTest.java:39)
	at sun.reflect.GeneratedMethodAccessor2.invoke(Unknown Source)
	at sun.reflect.DelegatingMethodAccessorImpl.invoke(DelegatingMethodAccessorImpl.java:43)
	at java.lang.reflect.Method.invoke(Method.java:498)
	at org.testng.internal.MethodInvocationHelper.invokeMethod(MethodInvocationHelper.java:80)
	at org.testng.internal.Invoker.invokeMethod(Invoker.java:714)
	at org.testng.internal.Invoker.invokeTestMethod(Invoker.java:901)
	at org.testng.internal.Invoker.invokeTestMethods(Invoker.java:1231)
	at org.testng.internal.TestMethodWorker.invokeTestMethods(TestMethodWorker.java:127)
	at org.testng.internal.TestMethodWorker.run(TestMethodWorker.java:111)
	at org.testng.TestRunner.privateRun(TestRunner.java:767)
	at org.testng.TestRunner.run(TestRunner.java:617)
	at org.testng.SuiteRunner.runTest(SuiteRunner.java:334)
	at org.testng.SuiteRunner.runSequentially(SuiteRunner.java:329)
	at org.testng.SuiteRunner.privateRun(SuiteRunner.java:291)
	at org.testng.SuiteRunner.run(SuiteRunner.java:240)
	at org.testng.SuiteRunnerWorker.runSuite(SuiteRunnerWorker.java:52)
	at org.testng.SuiteRunnerWorker.run(SuiteRunnerWorker.java:86)
	at org.testng.TestNG.runSuitesSequentially(TestNG.java:1198)
	at org.testng.TestNG.runSuitesLocally(TestNG.java:1123)
	at org.testng.TestNG.run(TestNG.java:1031)
	at org.apache.maven.surefire.testng.TestNGExecutor.run(TestNGExecutor.java:282)
	at org.apache.maven.surefire.testng.TestNGXmlTestSuite.execute(TestNGXmlTestSuite.java:83)
	at org.apache.maven.surefire.testng.TestNGProvider.invoke(TestNGProvider.java:114)
	at org.apache.maven.surefire.booter.ForkedBooter.invokeProviderInSameClassLoader(ForkedBooter.java:286)
	at org.apache.maven.surefire.booter.ForkedBooter.runSuitesInProcess(ForkedBooter.java:240)
	at org.apache.maven.surefire.booter.ForkedBooter.main(ForkedBooter.java:121)
"</b><br>org.testng.Assert.fail(Assert.java:94)<br>org.testng.Assert.failNotEquals(Assert.java:494)<br>org.testng.Assert.assertEquals(Assert.java:123)<br>org.testng.Assert.assertEquals(Assert.java:176)<br>org.testng.Assert.assertEquals(Assert.java:186)<br>com.airwallex.bank.BankTest.testBank(BankTest.java:39)<br>sun.reflect.GeneratedMethodAccessor2.invoke(Unknown Source)<br>sun.reflect.DelegatingMethodAccessorImpl.invoke(DelegatingMethodAccessorImpl.java:43)<br>java.lang.reflect.Method.invoke(Method.java:498)<br>org.testng.internal.MethodInvocationHelper.invokeMethod(MethodInvocationHelper.java:80)<br>org.testng.internal.Invoker.invokeMethod(Invoker.java:714)<br>org.testng.internal.Invoker.invokeTestMethod(Invoker.java:901)<br>org.testng.internal.Invoker.invokeTestMethods(Invoker.java:1231)<br>org.testng.internal.TestMethodWorker.invokeTestMethods(TestMethodWorker.java:127)<br>org.testng.internal.TestMethodWorker.run(TestMethodWorker.java:111)<br>org.testng.TestRunner.privateRun(TestRunner.java:767)<br>org.testng.TestRunner.run(TestRunner.java:617)<br>org.testng.SuiteRunner.runTest(SuiteRunner.java:334)<br>org.testng.SuiteRunner.runSequentially(SuiteRunner.java:329)<br>org.testng.SuiteRunner.privateRun(SuiteRunner.java:291)<br>org.testng.SuiteRunner.run(SuiteRunner.java:240)<br>org.testng.SuiteRunnerWorker.runSuite(SuiteRunnerWorker.java:52)<br>org.testng.SuiteRunnerWorker.run(SuiteRunnerWorker.java:86)<br>org.testng.TestNG.runSuitesSequentially(TestNG.java:1198)<br>org.testng.TestNG.runSuitesLocally(TestNG.java:1123)<br>org.testng.TestNG.run(TestNG.java:1031)<br>org.apache.maven.surefire.testng.TestNGExecutor.run(TestNGExecutor.java:282)<br>org.apache.maven.surefire.testng.TestNGXmlTestSuite.execute(TestNGXmlTestSuite.java:83)<br>org.apache.maven.surefire.testng.TestNGProvider.invoke(TestNGProvider.java:114)<br>org.apache.maven.surefire.booter.ForkedBooter.invokeProviderInSameClassLoader(ForkedBooter.java:286)<br>org.apache.maven.surefire.booter.ForkedBooter.runSuitesInProcess(ForkedBooter.java:240)<br>org.apache.maven.surefire.booter.ForkedBooter.main(ForkedBooter.java:121)<br>
</div> <!-- stack-trace -->
                </div> <!-- method-content -->
              </div> <!-- method -->
              <div class="method">
                <div class="method-content">
                  <a name="testBank({aba=123456789, account_name=jack, account_number=, bank_country_code=US, bsb=123456, case_desc=bank...)">
                  </a> <!-- testBank({aba=123456789, account_name=jack, account_number=, bank_country_code=US, bsb=123456, case_desc=bank...) -->
                  <span class="method-name">testBank</span>
                  <span class="parameters">({aba=123456789, account_name=jack, account_number=, bank_country_code=US, bsb=123456, case_desc=bank_country_code‰∏∫US,account_number‰∏?0‰∏™Â≠óÁ¨¶‰∏≤,È¢ÑÊúüÂ§±Ë¥•, caseid=0000020, msg=Length of account_number should be between 1 and 11 when bank_country_code is 'US', payment_method=SWIFT, response_status=400, run=, swift_code=ICBCUSBJ})</span>
                  <div class="stack-trace"><b>"java.lang.AssertionError: expected [Length of account_number should be between 1 and 11 when bank_country_code is &apos;US&apos;] but found [&apos;account_number&apos; is required]
	at com.airwallex.bank.BankTest.testBank(BankTest.java:39)
	at org.apache.maven.surefire.testng.TestNGExecutor.run(TestNGExecutor.java:282)
	at org.apache.maven.surefire.testng.TestNGXmlTestSuite.execute(TestNGXmlTestSuite.java:83)
	at org.apache.maven.surefire.testng.TestNGProvider.invoke(TestNGProvider.java:114)
	at org.apache.maven.surefire.booter.ForkedBooter.invokeProviderInSameClassLoader(ForkedBooter.java:286)
	at org.apache.maven.surefire.booter.ForkedBooter.runSuitesInProcess(ForkedBooter.java:240)
	at org.apache.maven.surefire.booter.ForkedBooter.main(ForkedBooter.java:121)
... Removed 25 stack frames<br/> java.lang.AssertionError: expected [Length of account_number should be between 1 and 11 when bank_country_code is &apos;US&apos;] but found [&apos;account_number&apos; is required]
	at org.testng.Assert.fail(Assert.java:94)
	at org.testng.Assert.failNotEquals(Assert.java:494)
	at org.testng.Assert.assertEquals(Assert.java:123)
	at org.testng.Assert.assertEquals(Assert.java:176)
	at org.testng.Assert.assertEquals(Assert.java:186)
	at com.airwallex.bank.BankTest.testBank(BankTest.java:39)
	at sun.reflect.GeneratedMethodAccessor2.invoke(Unknown Source)
	at sun.reflect.DelegatingMethodAccessorImpl.invoke(DelegatingMethodAccessorImpl.java:43)
	at java.lang.reflect.Method.invoke(Method.java:498)
	at org.testng.internal.MethodInvocationHelper.invokeMethod(MethodInvocationHelper.java:80)
	at org.testng.internal.Invoker.invokeMethod(Invoker.java:714)
	at org.testng.internal.Invoker.invokeTestMethod(Invoker.java:901)
	at org.testng.internal.Invoker.invokeTestMethods(Invoker.java:1231)
	at org.testng.internal.TestMethodWorker.invokeTestMethods(TestMethodWorker.java:127)
	at org.testng.internal.TestMethodWorker.run(TestMethodWorker.java:111)
	at org.testng.TestRunner.privateRun(TestRunner.java:767)
	at org.testng.TestRunner.run(TestRunner.java:617)
	at org.testng.SuiteRunner.runTest(SuiteRunner.java:334)
	at org.testng.SuiteRunner.runSequentially(SuiteRunner.java:329)
	at org.testng.SuiteRunner.privateRun(SuiteRunner.java:291)
	at org.testng.SuiteRunner.run(SuiteRunner.java:240)
	at org.testng.SuiteRunnerWorker.runSuite(SuiteRunnerWorker.java:52)
	at org.testng.SuiteRunnerWorker.run(SuiteRunnerWorker.java:86)
	at org.testng.TestNG.runSuitesSequentially(TestNG.java:1198)
	at org.testng.TestNG.runSuitesLocally(TestNG.java:1123)
	at org.testng.TestNG.run(TestNG.java:1031)
	at org.apache.maven.surefire.testng.TestNGExecutor.run(TestNGExecutor.java:282)
	at org.apache.maven.surefire.testng.TestNGXmlTestSuite.execute(TestNGXmlTestSuite.java:83)
	at org.apache.maven.surefire.testng.TestNGProvider.invoke(TestNGProvider.java:114)
	at org.apache.maven.surefire.booter.ForkedBooter.invokeProviderInSameClassLoader(ForkedBooter.java:286)
	at org.apache.maven.surefire.booter.ForkedBooter.runSuitesInProcess(ForkedBooter.java:240)
	at org.apache.maven.surefire.booter.ForkedBooter.main(ForkedBooter.java:121)
"</b><br>org.testng.Assert.fail(Assert.java:94)<br>org.testng.Assert.failNotEquals(Assert.java:494)<br>org.testng.Assert.assertEquals(Assert.java:123)<br>org.testng.Assert.assertEquals(Assert.java:176)<br>org.testng.Assert.assertEquals(Assert.java:186)<br>com.airwallex.bank.BankTest.testBank(BankTest.java:39)<br>sun.reflect.GeneratedMethodAccessor2.invoke(Unknown Source)<br>sun.reflect.DelegatingMethodAccessorImpl.invoke(DelegatingMethodAccessorImpl.java:43)<br>java.lang.reflect.Method.invoke(Method.java:498)<br>org.testng.internal.MethodInvocationHelper.invokeMethod(MethodInvocationHelper.java:80)<br>org.testng.internal.Invoker.invokeMethod(Invoker.java:714)<br>org.testng.internal.Invoker.invokeTestMethod(Invoker.java:901)<br>org.testng.internal.Invoker.invokeTestMethods(Invoker.java:1231)<br>org.testng.internal.TestMethodWorker.invokeTestMethods(TestMethodWorker.java:127)<br>org.testng.internal.TestMethodWorker.run(TestMethodWorker.java:111)<br>org.testng.TestRunner.privateRun(TestRunner.java:767)<br>org.testng.TestRunner.run(TestRunner.java:617)<br>org.testng.SuiteRunner.runTest(SuiteRunner.java:334)<br>org.testng.SuiteRunner.runSequentially(SuiteRunner.java:329)<br>org.testng.SuiteRunner.privateRun(SuiteRunner.java:291)<br>org.testng.SuiteRunner.run(SuiteRunner.java:240)<br>org.testng.SuiteRunnerWorker.runSuite(SuiteRunnerWorker.java:52)<br>org.testng.SuiteRunnerWorker.run(SuiteRunnerWorker.java:86)<br>org.testng.TestNG.runSuitesSequentially(TestNG.java:1198)<br>org.testng.TestNG.runSuitesLocally(TestNG.java:1123)<br>org.testng.TestNG.run(TestNG.java:1031)<br>org.apache.maven.surefire.testng.TestNGExecutor.run(TestNGExecutor.java:282)<br>org.apache.maven.surefire.testng.TestNGXmlTestSuite.execute(TestNGXmlTestSuite.java:83)<br>org.apache.maven.surefire.testng.TestNGProvider.invoke(TestNGProvider.java:114)<br>org.apache.maven.surefire.booter.ForkedBooter.invokeProviderInSameClassLoader(ForkedBooter.java:286)<br>org.apache.maven.surefire.booter.ForkedBooter.runSuitesInProcess(ForkedBooter.java:240)<br>org.apache.maven.surefire.booter.ForkedBooter.main(ForkedBooter.java:121)<br>
</div> <!-- stack-trace -->
                </div> <!-- method-content -->
              </div> <!-- method -->
              <div class="method">
                <div class="method-content">
                  <a name="testBank({aba=123456789, account_name=jack, account_number=1234567890, bank_country_code=AU, bsb=123456, case...)">
                  </a> <!-- testBank({aba=123456789, account_name=jack, account_number=1234567890, bank_country_code=AU, bsb=123456, case...) -->
                  <span class="method-name">testBank</span>
                  <span class="parameters">({aba=123456789, account_name=jack, account_number=1234567890, bank_country_code=AU, bsb=123456, case_desc=bank_country_code‰∏∫AU,account_number‰∏?10‰∏™Â≠óÁ¨¶‰∏≤,È¢ÑÊúüÂ§±Ë¥•, caseid=0000025, msg=Bank details saved, payment_method=SWIFT, response_status=400, run=, swift_code=ICBCAUBJ})</span>
                  <div class="stack-trace"><b>"java.lang.AssertionError: expected [Bank details saved] but found [Length of account_number should be between 7 and 11 when bank_country_code is &apos;US&apos;]
	at com.airwallex.bank.BankTest.testBank(BankTest.java:39)
	at org.apache.maven.surefire.testng.TestNGExecutor.run(TestNGExecutor.java:282)
	at org.apache.maven.surefire.testng.TestNGXmlTestSuite.execute(TestNGXmlTestSuite.java:83)
	at org.apache.maven.surefire.testng.TestNGProvider.invoke(TestNGProvider.java:114)
	at org.apache.maven.surefire.booter.ForkedBooter.invokeProviderInSameClassLoader(ForkedBooter.java:286)
	at org.apache.maven.surefire.booter.ForkedBooter.runSuitesInProcess(ForkedBooter.java:240)
	at org.apache.maven.surefire.booter.ForkedBooter.main(ForkedBooter.java:121)
... Removed 25 stack frames<br/> java.lang.AssertionError: expected [Bank details saved] but found [Length of account_number should be between 7 and 11 when bank_country_code is &apos;US&apos;]
	at org.testng.Assert.fail(Assert.java:94)
	at org.testng.Assert.failNotEquals(Assert.java:494)
	at org.testng.Assert.assertEquals(Assert.java:123)
	at org.testng.Assert.assertEquals(Assert.java:176)
	at org.testng.Assert.assertEquals(Assert.java:186)
	at com.airwallex.bank.BankTest.testBank(BankTest.java:39)
	at sun.reflect.GeneratedMethodAccessor2.invoke(Unknown Source)
	at sun.reflect.DelegatingMethodAccessorImpl.invoke(DelegatingMethodAccessorImpl.java:43)
	at java.lang.reflect.Method.invoke(Method.java:498)
	at org.testng.internal.MethodInvocationHelper.invokeMethod(MethodInvocationHelper.java:80)
	at org.testng.internal.Invoker.invokeMethod(Invoker.java:714)
	at org.testng.internal.Invoker.invokeTestMethod(Invoker.java:901)
	at org.testng.internal.Invoker.invokeTestMethods(Invoker.java:1231)
	at org.testng.internal.TestMethodWorker.invokeTestMethods(TestMethodWorker.java:127)
	at org.testng.internal.TestMethodWorker.run(TestMethodWorker.java:111)
	at org.testng.TestRunner.privateRun(TestRunner.java:767)
	at org.testng.TestRunner.run(TestRunner.java:617)
	at org.testng.SuiteRunner.runTest(SuiteRunner.java:334)
	at org.testng.SuiteRunner.runSequentially(SuiteRunner.java:329)
	at org.testng.SuiteRunner.privateRun(SuiteRunner.java:291)
	at org.testng.SuiteRunner.run(SuiteRunner.java:240)
	at org.testng.SuiteRunnerWorker.runSuite(SuiteRunnerWorker.java:52)
	at org.testng.SuiteRunnerWorker.run(SuiteRunnerWorker.java:86)
	at org.testng.TestNG.runSuitesSequentially(TestNG.java:1198)
	at org.testng.TestNG.runSuitesLocally(TestNG.java:1123)
	at org.testng.TestNG.run(TestNG.java:1031)
	at org.apache.maven.surefire.testng.TestNGExecutor.run(TestNGExecutor.java:282)
	at org.apache.maven.surefire.testng.TestNGXmlTestSuite.execute(TestNGXmlTestSuite.java:83)
	at org.apache.maven.surefire.testng.TestNGProvider.invoke(TestNGProvider.java:114)
	at org.apache.maven.surefire.booter.ForkedBooter.invokeProviderInSameClassLoader(ForkedBooter.java:286)
	at org.apache.maven.surefire.booter.ForkedBooter.runSuitesInProcess(ForkedBooter.java:240)
	at org.apache.maven.surefire.booter.ForkedBooter.main(ForkedBooter.java:121)
"</b><br>org.testng.Assert.fail(Assert.java:94)<br>org.testng.Assert.failNotEquals(Assert.java:494)<br>org.testng.Assert.assertEquals(Assert.java:123)<br>org.testng.Assert.assertEquals(Assert.java:176)<br>org.testng.Assert.assertEquals(Assert.java:186)<br>com.airwallex.bank.BankTest.testBank(BankTest.java:39)<br>sun.reflect.GeneratedMethodAccessor2.invoke(Unknown Source)<br>sun.reflect.DelegatingMethodAccessorImpl.invoke(DelegatingMethodAccessorImpl.java:43)<br>java.lang.reflect.Method.invoke(Method.java:498)<br>org.testng.internal.MethodInvocationHelper.invokeMethod(MethodInvocationHelper.java:80)<br>org.testng.internal.Invoker.invokeMethod(Invoker.java:714)<br>org.testng.internal.Invoker.invokeTestMethod(Invoker.java:901)<br>org.testng.internal.Invoker.invokeTestMethods(Invoker.java:1231)<br>org.testng.internal.TestMethodWorker.invokeTestMethods(TestMethodWorker.java:127)<br>org.testng.internal.TestMethodWorker.run(TestMethodWorker.java:111)<br>org.testng.TestRunner.privateRun(TestRunner.java:767)<br>org.testng.TestRunner.run(TestRunner.java:617)<br>org.testng.SuiteRunner.runTest(SuiteRunner.java:334)<br>org.testng.SuiteRunner.runSequentially(SuiteRunner.java:329)<br>org.testng.SuiteRunner.privateRun(SuiteRunner.java:291)<br>org.testng.SuiteRunner.run(SuiteRunner.java:240)<br>org.testng.SuiteRunnerWorker.runSuite(SuiteRunnerWorker.java:52)<br>org.testng.SuiteRunnerWorker.run(SuiteRunnerWorker.java:86)<br>org.testng.TestNG.runSuitesSequentially(TestNG.java:1198)<br>org.testng.TestNG.runSuitesLocally(TestNG.java:1123)<br>org.testng.TestNG.run(TestNG.java:1031)<br>org.apache.maven.surefire.testng.TestNGExecutor.run(TestNGExecutor.java:282)<br>org.apache.maven.surefire.testng.TestNGXmlTestSuite.execute(TestNGXmlTestSuite.java:83)<br>org.apache.maven.surefire.testng.TestNGProvider.invoke(TestNGProvider.java:114)<br>org.apache.maven.surefire.booter.ForkedBooter.invokeProviderInSameClassLoader(ForkedBooter.java:286)<br>org.apache.maven.surefire.booter.ForkedBooter.runSuitesInProcess(ForkedBooter.java:240)<br>org.apache.maven.surefire.booter.ForkedBooter.main(ForkedBooter.java:121)<br>
</div> <!-- stack-trace -->
                </div> <!-- method-content -->
              </div> <!-- method -->
              <div class="method">
                <div class="method-content">
                  <a name="testBank({aba=123456789, account_name=John Swith, account_number=123, bank_country_code=US, bsb=123456, case_...)">
                  </a> <!-- testBank({aba=123456789, account_name=John Swith, account_number=123, bank_country_code=US, bsb=123456, case_...) -->
                  <span class="method-name">testBank</span>
                  <span class="parameters">({aba=123456789, account_name=John Swith, account_number=123, bank_country_code=US, bsb=123456, case_desc=swift_code‰∏?9‰Ω?,È¢ÑÊúüÂ§±Ë¥•US, caseid=0000039, msg=error, payment_method=SWIFT, response_status=400, run=, swift_code=ICBCUSBJA})</span>
                  <div class="stack-trace"><b>"java.lang.AssertionError: expected [400] but found [200]
	at com.airwallex.bank.BankTest.testBank(BankTest.java:38)
	at org.apache.maven.surefire.testng.TestNGExecutor.run(TestNGExecutor.java:282)
	at org.apache.maven.surefire.testng.TestNGXmlTestSuite.execute(TestNGXmlTestSuite.java:83)
	at org.apache.maven.surefire.testng.TestNGProvider.invoke(TestNGProvider.java:114)
	at org.apache.maven.surefire.booter.ForkedBooter.invokeProviderInSameClassLoader(ForkedBooter.java:286)
	at org.apache.maven.surefire.booter.ForkedBooter.runSuitesInProcess(ForkedBooter.java:240)
	at org.apache.maven.surefire.booter.ForkedBooter.main(ForkedBooter.java:121)
... Removed 25 stack frames<br/> java.lang.AssertionError: expected [400] but found [200]
	at org.testng.Assert.fail(Assert.java:94)
	at org.testng.Assert.failNotEquals(Assert.java:494)
	at org.testng.Assert.assertEquals(Assert.java:123)
	at org.testng.Assert.assertEquals(Assert.java:176)
	at org.testng.Assert.assertEquals(Assert.java:186)
	at com.airwallex.bank.BankTest.testBank(BankTest.java:38)
	at sun.reflect.GeneratedMethodAccessor2.invoke(Unknown Source)
	at sun.reflect.DelegatingMethodAccessorImpl.invoke(DelegatingMethodAccessorImpl.java:43)
	at java.lang.reflect.Method.invoke(Method.java:498)
	at org.testng.internal.MethodInvocationHelper.invokeMethod(MethodInvocationHelper.java:80)
	at org.testng.internal.Invoker.invokeMethod(Invoker.java:714)
	at org.testng.internal.Invoker.invokeTestMethod(Invoker.java:901)
	at org.testng.internal.Invoker.invokeTestMethods(Invoker.java:1231)
	at org.testng.internal.TestMethodWorker.invokeTestMethods(TestMethodWorker.java:127)
	at org.testng.internal.TestMethodWorker.run(TestMethodWorker.java:111)
	at org.testng.TestRunner.privateRun(TestRunner.java:767)
	at org.testng.TestRunner.run(TestRunner.java:617)
	at org.testng.SuiteRunner.runTest(SuiteRunner.java:334)
	at org.testng.SuiteRunner.runSequentially(SuiteRunner.java:329)
	at org.testng.SuiteRunner.privateRun(SuiteRunner.java:291)
	at org.testng.SuiteRunner.run(SuiteRunner.java:240)
	at org.testng.SuiteRunnerWorker.runSuite(SuiteRunnerWorker.java:52)
	at org.testng.SuiteRunnerWorker.run(SuiteRunnerWorker.java:86)
	at org.testng.TestNG.runSuitesSequentially(TestNG.java:1198)
	at org.testng.TestNG.runSuitesLocally(TestNG.java:1123)
	at org.testng.TestNG.run(TestNG.java:1031)
	at org.apache.maven.surefire.testng.TestNGExecutor.run(TestNGExecutor.java:282)
	at org.apache.maven.surefire.testng.TestNGXmlTestSuite.execute(TestNGXmlTestSuite.java:83)
	at org.apache.maven.surefire.testng.TestNGProvider.invoke(TestNGProvider.java:114)
	at org.apache.maven.surefire.booter.ForkedBooter.invokeProviderInSameClassLoader(ForkedBooter.java:286)
	at org.apache.maven.surefire.booter.ForkedBooter.runSuitesInProcess(ForkedBooter.java:240)
	at org.apache.maven.surefire.booter.ForkedBooter.main(ForkedBooter.java:121)
"</b><br>org.testng.Assert.fail(Assert.java:94)<br>org.testng.Assert.failNotEquals(Assert.java:494)<br>org.testng.Assert.assertEquals(Assert.java:123)<br>org.testng.Assert.assertEquals(Assert.java:176)<br>org.testng.Assert.assertEquals(Assert.java:186)<br>com.airwallex.bank.BankTest.testBank(BankTest.java:38)<br>sun.reflect.GeneratedMethodAccessor2.invoke(Unknown Source)<br>sun.reflect.DelegatingMethodAccessorImpl.invoke(DelegatingMethodAccessorImpl.java:43)<br>java.lang.reflect.Method.invoke(Method.java:498)<br>org.testng.internal.MethodInvocationHelper.invokeMethod(MethodInvocationHelper.java:80)<br>org.testng.internal.Invoker.invokeMethod(Invoker.java:714)<br>org.testng.internal.Invoker.invokeTestMethod(Invoker.java:901)<br>org.testng.internal.Invoker.invokeTestMethods(Invoker.java:1231)<br>org.testng.internal.TestMethodWorker.invokeTestMethods(TestMethodWorker.java:127)<br>org.testng.internal.TestMethodWorker.run(TestMethodWorker.java:111)<br>org.testng.TestRunner.privateRun(TestRunner.java:767)<br>org.testng.TestRunner.run(TestRunner.java:617)<br>org.testng.SuiteRunner.runTest(SuiteRunner.java:334)<br>org.testng.SuiteRunner.runSequentially(SuiteRunner.java:329)<br>org.testng.SuiteRunner.privateRun(SuiteRunner.java:291)<br>org.testng.SuiteRunner.run(SuiteRunner.java:240)<br>org.testng.SuiteRunnerWorker.runSuite(SuiteRunnerWorker.java:52)<br>org.testng.SuiteRunnerWorker.run(SuiteRunnerWorker.java:86)<br>org.testng.TestNG.runSuitesSequentially(TestNG.java:1198)<br>org.testng.TestNG.runSuitesLocally(TestNG.java:1123)<br>org.testng.TestNG.run(TestNG.java:1031)<br>org.apache.maven.surefire.testng.TestNGExecutor.run(TestNGExecutor.java:282)<br>org.apache.maven.surefire.testng.TestNGXmlTestSuite.execute(TestNGXmlTestSuite.java:83)<br>org.apache.maven.surefire.testng.TestNGProvider.invoke(TestNGProvider.java:114)<br>org.apache.maven.surefire.booter.ForkedBooter.invokeProviderInSameClassLoader(ForkedBooter.java:286)<br>org.apache.maven.surefire.booter.ForkedBooter.runSuitesInProcess(ForkedBooter.java:240)<br>org.apache.maven.surefire.booter.ForkedBooter.main(ForkedBooter.java:121)<br>
</div> <!-- stack-trace -->
                </div> <!-- method-content -->
              </div> <!-- method -->
              <div class="method">
                <div class="method-content">
                  <a name="testBank({aba=123456789, account_name=jack, account_number=12345678901234567890, bank_country_code=CN, bsb=12...)">
                  </a> <!-- testBank({aba=123456789, account_name=jack, account_number=12345678901234567890, bank_country_code=CN, bsb=12...) -->
                  <span class="method-name">testBank</span>
                  <span class="parameters">({aba=123456789, account_name=jack, account_number=12345678901234567890, bank_country_code=CN, bsb=123456, case_desc=bank_country_code‰∏∫CN,account_number‰∏?20‰∏™Â≠óÁ¨¶‰∏≤,È¢ÑÊúüÊàêÂäü, caseid=0000027, msg=Bank details saved, payment_method=SWIFT, response_status=200, run=, swift_code=ICBCCNBJ})</span>
                  <div class="stack-trace"><b>"java.lang.AssertionError: expected [200] but found [400]
	at com.airwallex.bank.BankTest.testBank(BankTest.java:38)
	at org.apache.maven.surefire.testng.TestNGExecutor.run(TestNGExecutor.java:282)
	at org.apache.maven.surefire.testng.TestNGXmlTestSuite.execute(TestNGXmlTestSuite.java:83)
	at org.apache.maven.surefire.testng.TestNGProvider.invoke(TestNGProvider.java:114)
	at org.apache.maven.surefire.booter.ForkedBooter.invokeProviderInSameClassLoader(ForkedBooter.java:286)
	at org.apache.maven.surefire.booter.ForkedBooter.runSuitesInProcess(ForkedBooter.java:240)
	at org.apache.maven.surefire.booter.ForkedBooter.main(ForkedBooter.java:121)
... Removed 25 stack frames<br/> java.lang.AssertionError: expected [200] but found [400]
	at org.testng.Assert.fail(Assert.java:94)
	at org.testng.Assert.failNotEquals(Assert.java:494)
	at org.testng.Assert.assertEquals(Assert.java:123)
	at org.testng.Assert.assertEquals(Assert.java:176)
	at org.testng.Assert.assertEquals(Assert.java:186)
	at com.airwallex.bank.BankTest.testBank(BankTest.java:38)
	at sun.reflect.GeneratedMethodAccessor2.invoke(Unknown Source)
	at sun.reflect.DelegatingMethodAccessorImpl.invoke(DelegatingMethodAccessorImpl.java:43)
	at java.lang.reflect.Method.invoke(Method.java:498)
	at org.testng.internal.MethodInvocationHelper.invokeMethod(MethodInvocationHelper.java:80)
	at org.testng.internal.Invoker.invokeMethod(Invoker.java:714)
	at org.testng.internal.Invoker.invokeTestMethod(Invoker.java:901)
	at org.testng.internal.Invoker.invokeTestMethods(Invoker.java:1231)
	at org.testng.internal.TestMethodWorker.invokeTestMethods(TestMethodWorker.java:127)
	at org.testng.internal.TestMethodWorker.run(TestMethodWorker.java:111)
	at org.testng.TestRunner.privateRun(TestRunner.java:767)
	at org.testng.TestRunner.run(TestRunner.java:617)
	at org.testng.SuiteRunner.runTest(SuiteRunner.java:334)
	at org.testng.SuiteRunner.runSequentially(SuiteRunner.java:329)
	at org.testng.SuiteRunner.privateRun(SuiteRunner.java:291)
	at org.testng.SuiteRunner.run(SuiteRunner.java:240)
	at org.testng.SuiteRunnerWorker.runSuite(SuiteRunnerWorker.java:52)
	at org.testng.SuiteRunnerWorker.run(SuiteRunnerWorker.java:86)
	at org.testng.TestNG.runSuitesSequentially(TestNG.java:1198)
	at org.testng.TestNG.runSuitesLocally(TestNG.java:1123)
	at org.testng.TestNG.run(TestNG.java:1031)
	at org.apache.maven.surefire.testng.TestNGExecutor.run(TestNGExecutor.java:282)
	at org.apache.maven.surefire.testng.TestNGXmlTestSuite.execute(TestNGXmlTestSuite.java:83)
	at org.apache.maven.surefire.testng.TestNGProvider.invoke(TestNGProvider.java:114)
	at org.apache.maven.surefire.booter.ForkedBooter.invokeProviderInSameClassLoader(ForkedBooter.java:286)
	at org.apache.maven.surefire.booter.ForkedBooter.runSuitesInProcess(ForkedBooter.java:240)
	at org.apache.maven.surefire.booter.ForkedBooter.main(ForkedBooter.java:121)
"</b><br>org.testng.Assert.fail(Assert.java:94)<br>org.testng.Assert.failNotEquals(Assert.java:494)<br>org.testng.Assert.assertEquals(Assert.java:123)<br>org.testng.Assert.assertEquals(Assert.java:176)<br>org.testng.Assert.assertEquals(Assert.java:186)<br>com.airwallex.bank.BankTest.testBank(BankTest.java:38)<br>sun.reflect.GeneratedMethodAccessor2.invoke(Unknown Source)<br>sun.reflect.DelegatingMethodAccessorImpl.invoke(DelegatingMethodAccessorImpl.java:43)<br>java.lang.reflect.Method.invoke(Method.java:498)<br>org.testng.internal.MethodInvocationHelper.invokeMethod(MethodInvocationHelper.java:80)<br>org.testng.internal.Invoker.invokeMethod(Invoker.java:714)<br>org.testng.internal.Invoker.invokeTestMethod(Invoker.java:901)<br>org.testng.internal.Invoker.invokeTestMethods(Invoker.java:1231)<br>org.testng.internal.TestMethodWorker.invokeTestMethods(TestMethodWorker.java:127)<br>org.testng.internal.TestMethodWorker.run(TestMethodWorker.java:111)<br>org.testng.TestRunner.privateRun(TestRunner.java:767)<br>org.testng.TestRunner.run(TestRunner.java:617)<br>org.testng.SuiteRunner.runTest(SuiteRunner.java:334)<br>org.testng.SuiteRunner.runSequentially(SuiteRunner.java:329)<br>org.testng.SuiteRunner.privateRun(SuiteRunner.java:291)<br>org.testng.SuiteRunner.run(SuiteRunner.java:240)<br>org.testng.SuiteRunnerWorker.runSuite(SuiteRunnerWorker.java:52)<br>org.testng.SuiteRunnerWorker.run(SuiteRunnerWorker.java:86)<br>org.testng.TestNG.runSuitesSequentially(TestNG.java:1198)<br>org.testng.TestNG.runSuitesLocally(TestNG.java:1123)<br>org.testng.TestNG.run(TestNG.java:1031)<br>org.apache.maven.surefire.testng.TestNGExecutor.run(TestNGExecutor.java:282)<br>org.apache.maven.surefire.testng.TestNGXmlTestSuite.execute(TestNGXmlTestSuite.java:83)<br>org.apache.maven.surefire.testng.TestNGProvider.invoke(TestNGProvider.java:114)<br>org.apache.maven.surefire.booter.ForkedBooter.invokeProviderInSameClassLoader(ForkedBooter.java:286)<br>org.apache.maven.surefire.booter.ForkedBooter.runSuitesInProcess(ForkedBooter.java:240)<br>org.apache.maven.surefire.booter.ForkedBooter.main(ForkedBooter.java:121)<br>
</div> <!-- stack-trace -->
                </div> <!-- method-content -->
              </div> <!-- method -->
              <div class="method">
                <div class="method-content">
                  <a name="testBank({aba=123456789, account_name=jack, account_number=123456789012345678, bank_country_code=US, bsb=1234...)">
                  </a> <!-- testBank({aba=123456789, account_name=jack, account_number=123456789012345678, bank_country_code=US, bsb=1234...) -->
                  <span class="method-name">testBank</span>
                  <span class="parameters">({aba=123456789, account_name=jack, account_number=123456789012345678, bank_country_code=US, bsb=123456, case_desc=bank_country_code‰∏∫US,account_number‰∏?18‰∏™Â≠óÁ¨¶‰∏≤,È¢ÑÊúüÂ§±Ë¥•, caseid=0000021, msg=Length of account_number should be between 1 and 11 when bank_country_code is 'US', payment_method=SWIFT, response_status=400, run=, swift_code=ICBCUSBJ})</span>
                  <div class="stack-trace"><b>"java.lang.AssertionError: expected [Length of account_number should be between 1 and 11 when bank_country_code is &apos;US&apos;] but found [Length of account_number should be between 7 and 11 when bank_country_code is &apos;US&apos;]
	at com.airwallex.bank.BankTest.testBank(BankTest.java:39)
	at org.apache.maven.surefire.testng.TestNGExecutor.run(TestNGExecutor.java:282)
	at org.apache.maven.surefire.testng.TestNGXmlTestSuite.execute(TestNGXmlTestSuite.java:83)
	at org.apache.maven.surefire.testng.TestNGProvider.invoke(TestNGProvider.java:114)
	at org.apache.maven.surefire.booter.ForkedBooter.invokeProviderInSameClassLoader(ForkedBooter.java:286)
	at org.apache.maven.surefire.booter.ForkedBooter.runSuitesInProcess(ForkedBooter.java:240)
	at org.apache.maven.surefire.booter.ForkedBooter.main(ForkedBooter.java:121)
... Removed 25 stack frames<br/> java.lang.AssertionError: expected [Length of account_number should be between 1 and 11 when bank_country_code is &apos;US&apos;] but found [Length of account_number should be between 7 and 11 when bank_country_code is &apos;US&apos;]
	at org.testng.Assert.fail(Assert.java:94)
	at org.testng.Assert.failNotEquals(Assert.java:494)
	at org.testng.Assert.assertEquals(Assert.java:123)
	at org.testng.Assert.assertEquals(Assert.java:176)
	at org.testng.Assert.assertEquals(Assert.java:186)
	at com.airwallex.bank.BankTest.testBank(BankTest.java:39)
	at sun.reflect.GeneratedMethodAccessor2.invoke(Unknown Source)
	at sun.reflect.DelegatingMethodAccessorImpl.invoke(DelegatingMethodAccessorImpl.java:43)
	at java.lang.reflect.Method.invoke(Method.java:498)
	at org.testng.internal.MethodInvocationHelper.invokeMethod(MethodInvocationHelper.java:80)
	at org.testng.internal.Invoker.invokeMethod(Invoker.java:714)
	at org.testng.internal.Invoker.invokeTestMethod(Invoker.java:901)
	at org.testng.internal.Invoker.invokeTestMethods(Invoker.java:1231)
	at org.testng.internal.TestMethodWorker.invokeTestMethods(TestMethodWorker.java:127)
	at org.testng.internal.TestMethodWorker.run(TestMethodWorker.java:111)
	at org.testng.TestRunner.privateRun(TestRunner.java:767)
	at org.testng.TestRunner.run(TestRunner.java:617)
	at org.testng.SuiteRunner.runTest(SuiteRunner.java:334)
	at org.testng.SuiteRunner.runSequentially(SuiteRunner.java:329)
	at org.testng.SuiteRunner.privateRun(SuiteRunner.java:291)
	at org.testng.SuiteRunner.run(SuiteRunner.java:240)
	at org.testng.SuiteRunnerWorker.runSuite(SuiteRunnerWorker.java:52)
	at org.testng.SuiteRunnerWorker.run(SuiteRunnerWorker.java:86)
	at org.testng.TestNG.runSuitesSequentially(TestNG.java:1198)
	at org.testng.TestNG.runSuitesLocally(TestNG.java:1123)
	at org.testng.TestNG.run(TestNG.java:1031)
	at org.apache.maven.surefire.testng.TestNGExecutor.run(TestNGExecutor.java:282)
	at org.apache.maven.surefire.testng.TestNGXmlTestSuite.execute(TestNGXmlTestSuite.java:83)
	at org.apache.maven.surefire.testng.TestNGProvider.invoke(TestNGProvider.java:114)
	at org.apache.maven.surefire.booter.ForkedBooter.invokeProviderInSameClassLoader(ForkedBooter.java:286)
	at org.apache.maven.surefire.booter.ForkedBooter.runSuitesInProcess(ForkedBooter.java:240)
	at org.apache.maven.surefire.booter.ForkedBooter.main(ForkedBooter.java:121)
"</b><br>org.testng.Assert.fail(Assert.java:94)<br>org.testng.Assert.failNotEquals(Assert.java:494)<br>org.testng.Assert.assertEquals(Assert.java:123)<br>org.testng.Assert.assertEquals(Assert.java:176)<br>org.testng.Assert.assertEquals(Assert.java:186)<br>com.airwallex.bank.BankTest.testBank(BankTest.java:39)<br>sun.reflect.GeneratedMethodAccessor2.invoke(Unknown Source)<br>sun.reflect.DelegatingMethodAccessorImpl.invoke(DelegatingMethodAccessorImpl.java:43)<br>java.lang.reflect.Method.invoke(Method.java:498)<br>org.testng.internal.MethodInvocationHelper.invokeMethod(MethodInvocationHelper.java:80)<br>org.testng.internal.Invoker.invokeMethod(Invoker.java:714)<br>org.testng.internal.Invoker.invokeTestMethod(Invoker.java:901)<br>org.testng.internal.Invoker.invokeTestMethods(Invoker.java:1231)<br>org.testng.internal.TestMethodWorker.invokeTestMethods(TestMethodWorker.java:127)<br>org.testng.internal.TestMethodWorker.run(TestMethodWorker.java:111)<br>org.testng.TestRunner.privateRun(TestRunner.java:767)<br>org.testng.TestRunner.run(TestRunner.java:617)<br>org.testng.SuiteRunner.runTest(SuiteRunner.java:334)<br>org.testng.SuiteRunner.runSequentially(SuiteRunner.java:329)<br>org.testng.SuiteRunner.privateRun(SuiteRunner.java:291)<br>org.testng.SuiteRunner.run(SuiteRunner.java:240)<br>org.testng.SuiteRunnerWorker.runSuite(SuiteRunnerWorker.java:52)<br>org.testng.SuiteRunnerWorker.run(SuiteRunnerWorker.java:86)<br>org.testng.TestNG.runSuitesSequentially(TestNG.java:1198)<br>org.testng.TestNG.runSuitesLocally(TestNG.java:1123)<br>org.testng.TestNG.run(TestNG.java:1031)<br>org.apache.maven.surefire.testng.TestNGExecutor.run(TestNGExecutor.java:282)<br>org.apache.maven.surefire.testng.TestNGXmlTestSuite.execute(TestNGXmlTestSuite.java:83)<br>org.apache.maven.surefire.testng.TestNGProvider.invoke(TestNGProvider.java:114)<br>org.apache.maven.surefire.booter.ForkedBooter.invokeProviderInSameClassLoader(ForkedBooter.java:286)<br>org.apache.maven.surefire.booter.ForkedBooter.runSuitesInProcess(ForkedBooter.java:240)<br>org.apache.maven.surefire.booter.ForkedBooter.main(ForkedBooter.java:121)<br>
</div> <!-- stack-trace -->
                </div> <!-- method-content -->
              </div> <!-- method -->
              <div class="method">
                <div class="method-content">
                  <a name="testBank({aba=123456789, account_name=John Swith, account_number=123, bank_country_code=US, bsb=123456, case_...)">
                  </a> <!-- testBank({aba=123456789, account_name=John Swith, account_number=123, bank_country_code=US, bsb=123456, case_...) -->
                  <span class="method-name">testBank</span>
                  <span class="parameters">({aba=123456789, account_name=John Swith, account_number=123, bank_country_code=US, bsb=123456, case_desc=swift_codeÁ¨?5‰ΩçÂíåÁ¨?6‰Ωç‰∏ébank contry code‰∏çÂåπÈÖ?(ÂΩìbank contry code‰∏∫CN),È¢ÑÊúüÂ§±Ë¥•, caseid=0000036, msg=The swift code is not valid for the given bank country code: CN, payment_method=SWIFT, response_status=400, run=, swift_code=ICBCAUBJ})</span>
                  <div class="stack-trace"><b>"java.lang.AssertionError: expected [The swift code is not valid for the given bank country code: CN] but found [The swift code is not valid for the given bank country code: US]
	at com.airwallex.bank.BankTest.testBank(BankTest.java:39)
	at org.apache.maven.surefire.testng.TestNGExecutor.run(TestNGExecutor.java:282)
	at org.apache.maven.surefire.testng.TestNGXmlTestSuite.execute(TestNGXmlTestSuite.java:83)
	at org.apache.maven.surefire.testng.TestNGProvider.invoke(TestNGProvider.java:114)
	at org.apache.maven.surefire.booter.ForkedBooter.invokeProviderInSameClassLoader(ForkedBooter.java:286)
	at org.apache.maven.surefire.booter.ForkedBooter.runSuitesInProcess(ForkedBooter.java:240)
	at org.apache.maven.surefire.booter.ForkedBooter.main(ForkedBooter.java:121)
... Removed 25 stack frames<br/> java.lang.AssertionError: expected [The swift code is not valid for the given bank country code: CN] but found [The swift code is not valid for the given bank country code: US]
	at org.testng.Assert.fail(Assert.java:94)
	at org.testng.Assert.failNotEquals(Assert.java:494)
	at org.testng.Assert.assertEquals(Assert.java:123)
	at org.testng.Assert.assertEquals(Assert.java:176)
	at org.testng.Assert.assertEquals(Assert.java:186)
	at com.airwallex.bank.BankTest.testBank(BankTest.java:39)
	at sun.reflect.GeneratedMethodAccessor2.invoke(Unknown Source)
	at sun.reflect.DelegatingMethodAccessorImpl.invoke(DelegatingMethodAccessorImpl.java:43)
	at java.lang.reflect.Method.invoke(Method.java:498)
	at org.testng.internal.MethodInvocationHelper.invokeMethod(MethodInvocationHelper.java:80)
	at org.testng.internal.Invoker.invokeMethod(Invoker.java:714)
	at org.testng.internal.Invoker.invokeTestMethod(Invoker.java:901)
	at org.testng.internal.Invoker.invokeTestMethods(Invoker.java:1231)
	at org.testng.internal.TestMethodWorker.invokeTestMethods(TestMethodWorker.java:127)
	at org.testng.internal.TestMethodWorker.run(TestMethodWorker.java:111)
	at org.testng.TestRunner.privateRun(TestRunner.java:767)
	at org.testng.TestRunner.run(TestRunner.java:617)
	at org.testng.SuiteRunner.runTest(SuiteRunner.java:334)
	at org.testng.SuiteRunner.runSequentially(SuiteRunner.java:329)
	at org.testng.SuiteRunner.privateRun(SuiteRunner.java:291)
	at org.testng.SuiteRunner.run(SuiteRunner.java:240)
	at org.testng.SuiteRunnerWorker.runSuite(SuiteRunnerWorker.java:52)
	at org.testng.SuiteRunnerWorker.run(SuiteRunnerWorker.java:86)
	at org.testng.TestNG.runSuitesSequentially(TestNG.java:1198)
	at org.testng.TestNG.runSuitesLocally(TestNG.java:1123)
	at org.testng.TestNG.run(TestNG.java:1031)
	at org.apache.maven.surefire.testng.TestNGExecutor.run(TestNGExecutor.java:282)
	at org.apache.maven.surefire.testng.TestNGXmlTestSuite.execute(TestNGXmlTestSuite.java:83)
	at org.apache.maven.surefire.testng.TestNGProvider.invoke(TestNGProvider.java:114)
	at org.apache.maven.surefire.booter.ForkedBooter.invokeProviderInSameClassLoader(ForkedBooter.java:286)
	at org.apache.maven.surefire.booter.ForkedBooter.runSuitesInProcess(ForkedBooter.java:240)
	at org.apache.maven.surefire.booter.ForkedBooter.main(ForkedBooter.java:121)
"</b><br>org.testng.Assert.fail(Assert.java:94)<br>org.testng.Assert.failNotEquals(Assert.java:494)<br>org.testng.Assert.assertEquals(Assert.java:123)<br>org.testng.Assert.assertEquals(Assert.java:176)<br>org.testng.Assert.assertEquals(Assert.java:186)<br>com.airwallex.bank.BankTest.testBank(BankTest.java:39)<br>sun.reflect.GeneratedMethodAccessor2.invoke(Unknown Source)<br>sun.reflect.DelegatingMethodAccessorImpl.invoke(DelegatingMethodAccessorImpl.java:43)<br>java.lang.reflect.Method.invoke(Method.java:498)<br>org.testng.internal.MethodInvocationHelper.invokeMethod(MethodInvocationHelper.java:80)<br>org.testng.internal.Invoker.invokeMethod(Invoker.java:714)<br>org.testng.internal.Invoker.invokeTestMethod(Invoker.java:901)<br>org.testng.internal.Invoker.invokeTestMethods(Invoker.java:1231)<br>org.testng.internal.TestMethodWorker.invokeTestMethods(TestMethodWorker.java:127)<br>org.testng.internal.TestMethodWorker.run(TestMethodWorker.java:111)<br>org.testng.TestRunner.privateRun(TestRunner.java:767)<br>org.testng.TestRunner.run(TestRunner.java:617)<br>org.testng.SuiteRunner.runTest(SuiteRunner.java:334)<br>org.testng.SuiteRunner.runSequentially(SuiteRunner.java:329)<br>org.testng.SuiteRunner.privateRun(SuiteRunner.java:291)<br>org.testng.SuiteRunner.run(SuiteRunner.java:240)<br>org.testng.SuiteRunnerWorker.runSuite(SuiteRunnerWorker.java:52)<br>org.testng.SuiteRunnerWorker.run(SuiteRunnerWorker.java:86)<br>org.testng.TestNG.runSuitesSequentially(TestNG.java:1198)<br>org.testng.TestNG.runSuitesLocally(TestNG.java:1123)<br>org.testng.TestNG.run(TestNG.java:1031)<br>org.apache.maven.surefire.testng.TestNGExecutor.run(TestNGExecutor.java:282)<br>org.apache.maven.surefire.testng.TestNGXmlTestSuite.execute(TestNGXmlTestSuite.java:83)<br>org.apache.maven.surefire.testng.TestNGProvider.invoke(TestNGProvider.java:114)<br>org.apache.maven.surefire.booter.ForkedBooter.invokeProviderInSameClassLoader(ForkedBooter.java:286)<br>org.apache.maven.surefire.booter.ForkedBooter.runSuitesInProcess(ForkedBooter.java:240)<br>org.apache.maven.surefire.booter.ForkedBooter.main(ForkedBooter.java:121)<br>
</div> <!-- stack-trace -->
                </div> <!-- method-content -->
              </div> <!-- method -->
              <div class="method">
                <div class="method-content">
                  <a name="testBank({aba=, account_name=John Swith, account_number=12345678, bank_country_code=US, bsb=123456, case_desc...)">
                  </a> <!-- testBank({aba=, account_name=John Swith, account_number=12345678, bank_country_code=US, bsb=123456, case_desc...) -->
                  <span class="method-name">testBank</span>
                  <span class="parameters">({aba=, account_name=John Swith, account_number=12345678, bank_country_code=US, bsb=123456, case_desc=aba‰∏∫Á©∫,bank country‰∏∫US,È¢ÑÊúüÂ§±Ë¥•, caseid=0000050, msg='bsb' is required when bank country code is 'US', payment_method=SWIFT, response_status=400, run=true, swift_code=ICBCUSBJ})</span>
                  <div class="stack-trace"><b>"java.lang.AssertionError: expected [400] but found [200]
	at com.airwallex.bank.BankTest.testBank(BankTest.java:38)
	at org.apache.maven.surefire.testng.TestNGExecutor.run(TestNGExecutor.java:282)
	at org.apache.maven.surefire.testng.TestNGXmlTestSuite.execute(TestNGXmlTestSuite.java:83)
	at org.apache.maven.surefire.testng.TestNGProvider.invoke(TestNGProvider.java:114)
	at org.apache.maven.surefire.booter.ForkedBooter.invokeProviderInSameClassLoader(ForkedBooter.java:286)
	at org.apache.maven.surefire.booter.ForkedBooter.runSuitesInProcess(ForkedBooter.java:240)
	at org.apache.maven.surefire.booter.ForkedBooter.main(ForkedBooter.java:121)
... Removed 25 stack frames<br/> java.lang.AssertionError: expected [400] but found [200]
	at org.testng.Assert.fail(Assert.java:94)
	at org.testng.Assert.failNotEquals(Assert.java:494)
	at org.testng.Assert.assertEquals(Assert.java:123)
	at org.testng.Assert.assertEquals(Assert.java:176)
	at org.testng.Assert.assertEquals(Assert.java:186)
	at com.airwallex.bank.BankTest.testBank(BankTest.java:38)
	at sun.reflect.GeneratedMethodAccessor2.invoke(Unknown Source)
	at sun.reflect.DelegatingMethodAccessorImpl.invoke(DelegatingMethodAccessorImpl.java:43)
	at java.lang.reflect.Method.invoke(Method.java:498)
	at org.testng.internal.MethodInvocationHelper.invokeMethod(MethodInvocationHelper.java:80)
	at org.testng.internal.Invoker.invokeMethod(Invoker.java:714)
	at org.testng.internal.Invoker.invokeTestMethod(Invoker.java:901)
	at org.testng.internal.Invoker.invokeTestMethods(Invoker.java:1231)
	at org.testng.internal.TestMethodWorker.invokeTestMethods(TestMethodWorker.java:127)
	at org.testng.internal.TestMethodWorker.run(TestMethodWorker.java:111)
	at org.testng.TestRunner.privateRun(TestRunner.java:767)
	at org.testng.TestRunner.run(TestRunner.java:617)
	at org.testng.SuiteRunner.runTest(SuiteRunner.java:334)
	at org.testng.SuiteRunner.runSequentially(SuiteRunner.java:329)
	at org.testng.SuiteRunner.privateRun(SuiteRunner.java:291)
	at org.testng.SuiteRunner.run(SuiteRunner.java:240)
	at org.testng.SuiteRunnerWorker.runSuite(SuiteRunnerWorker.java:52)
	at org.testng.SuiteRunnerWorker.run(SuiteRunnerWorker.java:86)
	at org.testng.TestNG.runSuitesSequentially(TestNG.java:1198)
	at org.testng.TestNG.runSuitesLocally(TestNG.java:1123)
	at org.testng.TestNG.run(TestNG.java:1031)
	at org.apache.maven.surefire.testng.TestNGExecutor.run(TestNGExecutor.java:282)
	at org.apache.maven.surefire.testng.TestNGXmlTestSuite.execute(TestNGXmlTestSuite.java:83)
	at org.apache.maven.surefire.testng.TestNGProvider.invoke(TestNGProvider.java:114)
	at org.apache.maven.surefire.booter.ForkedBooter.invokeProviderInSameClassLoader(ForkedBooter.java:286)
	at org.apache.maven.surefire.booter.ForkedBooter.runSuitesInProcess(ForkedBooter.java:240)
	at org.apache.maven.surefire.booter.ForkedBooter.main(ForkedBooter.java:121)
"</b><br>org.testng.Assert.fail(Assert.java:94)<br>org.testng.Assert.failNotEquals(Assert.java:494)<br>org.testng.Assert.assertEquals(Assert.java:123)<br>org.testng.Assert.assertEquals(Assert.java:176)<br>org.testng.Assert.assertEquals(Assert.java:186)<br>com.airwallex.bank.BankTest.testBank(BankTest.java:38)<br>sun.reflect.GeneratedMethodAccessor2.invoke(Unknown Source)<br>sun.reflect.DelegatingMethodAccessorImpl.invoke(DelegatingMethodAccessorImpl.java:43)<br>java.lang.reflect.Method.invoke(Method.java:498)<br>org.testng.internal.MethodInvocationHelper.invokeMethod(MethodInvocationHelper.java:80)<br>org.testng.internal.Invoker.invokeMethod(Invoker.java:714)<br>org.testng.internal.Invoker.invokeTestMethod(Invoker.java:901)<br>org.testng.internal.Invoker.invokeTestMethods(Invoker.java:1231)<br>org.testng.internal.TestMethodWorker.invokeTestMethods(TestMethodWorker.java:127)<br>org.testng.internal.TestMethodWorker.run(TestMethodWorker.java:111)<br>org.testng.TestRunner.privateRun(TestRunner.java:767)<br>org.testng.TestRunner.run(TestRunner.java:617)<br>org.testng.SuiteRunner.runTest(SuiteRunner.java:334)<br>org.testng.SuiteRunner.runSequentially(SuiteRunner.java:329)<br>org.testng.SuiteRunner.privateRun(SuiteRunner.java:291)<br>org.testng.SuiteRunner.run(SuiteRunner.java:240)<br>org.testng.SuiteRunnerWorker.runSuite(SuiteRunnerWorker.java:52)<br>org.testng.SuiteRunnerWorker.run(SuiteRunnerWorker.java:86)<br>org.testng.TestNG.runSuitesSequentially(TestNG.java:1198)<br>org.testng.TestNG.runSuitesLocally(TestNG.java:1123)<br>org.testng.TestNG.run(TestNG.java:1031)<br>org.apache.maven.surefire.testng.TestNGExecutor.run(TestNGExecutor.java:282)<br>org.apache.maven.surefire.testng.TestNGXmlTestSuite.execute(TestNGXmlTestSuite.java:83)<br>org.apache.maven.surefire.testng.TestNGProvider.invoke(TestNGProvider.java:114)<br>org.apache.maven.surefire.booter.ForkedBooter.invokeProviderInSameClassLoader(ForkedBooter.java:286)<br>org.apache.maven.surefire.booter.ForkedBooter.runSuitesInProcess(ForkedBooter.java:240)<br>org.apache.maven.surefire.booter.ForkedBooter.main(ForkedBooter.java:121)<br>
</div> <!-- stack-trace -->
                </div> <!-- method-content -->
              </div> <!-- method -->
            </div> <!-- main-panel-content rounded-window-bottom -->
          </div> <!-- suite-Default_Suite-class-failed -->
          <div class="suite-Default_Suite-class-passed">
            <div class="main-panel-header rounded-window-top">
              <img src="passed.png"/>
              <span class="class-name">com.airwallex.bank.BankTest</span>
            </div> <!-- main-panel-header rounded-window-top -->
            <div class="main-panel-content rounded-window-bottom">
              <div class="method">
                <div class="method-content">
                  <a name="testBank({aba=123456789, account_name=jack, account_number=123456789, bank_country_code=AU, bsb=123456, case_...)">
                  </a> <!-- testBank({aba=123456789, account_name=jack, account_number=123456789, bank_country_code=AU, bsb=123456, case_...) -->
                  <span class="method-name">testBank</span>
                  <span class="parameters">({aba=123456789, account_name=jack, account_number=123456789, bank_country_code=AU, bsb=123456, case_desc=bank_country_code‰∏∫AU,account_number‰∏?9‰∏™Â≠óÁ¨¶‰∏≤,È¢ÑÊúüÊàêÂäü, caseid=0000023, msg=Bank details saved, payment_method=SWIFT, response_status=200, run=, swift_code=ICBCAUBJ})</span>
                </div> <!-- method-content -->
              </div> <!-- method -->
              <div class="method">
                <div class="method-content">
                  <a name="testBank({aba=123456789, account_name=John Swith, account_number=123, bank_country_code=US, bsb=123456, case_...)">
                  </a> <!-- testBank({aba=123456789, account_name=John Swith, account_number=123, bank_country_code=US, bsb=123456, case_...) -->
                  <span class="method-name">testBank</span>
                  <span class="parameters">({aba=123456789, account_name=John Swith, account_number=123, bank_country_code=US, bsb=123456, case_desc=payment_method‰∏∫ÂÖ∂‰ªñÂ≠óÁ¨¶‰∏≤(Â¶ÇSWI),È¢ÑÊúüÂ§±Ë¥•, caseid=0000006, msg='payment_method' field required, the value should be either 'LOCAL' or 'SWIFT', payment_method=SWI, response_status=400, run=, swift_code=ICBCUSBJ})</span>
                </div> <!-- method-content -->
              </div> <!-- method -->
              <div class="method">
                <div class="method-content">
                  <a name="testBank({aba=123456789, account_name=John Swith, account_number=12345678, bank_country_code=AU, bsb=1234567,...)">
                  </a> <!-- testBank({aba=123456789, account_name=John Swith, account_number=12345678, bank_country_code=AU, bsb=1234567,...) -->
                  <span class="method-name">testBank</span>
                  <span class="parameters">({aba=123456789, account_name=John Swith, account_number=12345678, bank_country_code=AU, bsb=1234567, case_desc=bsb‰∏?7‰Ω?,bank country‰∏∫AU,È¢ÑÊúüÂ§±Ë¥•, caseid=0000043, msg=Length of 'bsb' should be 6, payment_method=SWIFT, response_status=400, run=, swift_code=ICBCAUBJA})</span>
                </div> <!-- method-content -->
              </div> <!-- method -->
              <div class="method">
                <div class="method-content">
                  <a name="testBank({aba=123456789, account_name=John Swith, account_number=1234567, bank_country_code=, bsb=123456, cas...)">
                  </a> <!-- testBank({aba=123456789, account_name=John Swith, account_number=1234567, bank_country_code=, bsb=123456, cas...) -->
                  <span class="method-name">testBank</span>
                  <span class="parameters">({aba=123456789, account_name=John Swith, account_number=1234567, bank_country_code=, bsb=123456, case_desc=bank_country_code‰∏∫Á©∫,È¢ÑÊúüÂ§±Ë¥•, caseid=0000010, msg='bank_country_code' is required, and should be one of 'US', 'AU', or 'CN', payment_method=SWIFT, response_status=400, run=, swift_code=ICBCUSBJ})</span>
                </div> <!-- method-content -->
              </div> <!-- method -->
              <div class="method">
                <div class="method-content">
                  <a name="testBank({aba=123456789, account_name=John Swith, account_number=1234567, bank_country_code=JP, bsb=123456, c...)">
                  </a> <!-- testBank({aba=123456789, account_name=John Swith, account_number=1234567, bank_country_code=JP, bsb=123456, c...) -->
                  <span class="method-name">testBank</span>
                  <span class="parameters">({aba=123456789, account_name=John Swith, account_number=1234567, bank_country_code=JP, bsb=123456, case_desc=bank_country_code‰∏∫ÂÖ∂‰ªñÂ≠óÁ¨¶‰∏≤(Â¶ÇJP),È¢ÑÊúüÂ§±Ë¥•, caseid=0000012, msg='bank_country_code' is required, and should be one of 'US', 'AU', or 'CN', payment_method=SWIFT, response_status=400, run=, swift_code=ICBCUSBJ})</span>
                </div> <!-- method-content -->
              </div> <!-- method -->
              <div class="method">
                <div class="method-content">
                  <a name="testBank({aba=123456789, account_name=jack, account_number=12345678901234567, bank_country_code=US, bsb=12345...)">
                  </a> <!-- testBank({aba=123456789, account_name=jack, account_number=12345678901234567, bank_country_code=US, bsb=12345...) -->
                  <span class="method-name">testBank</span>
                  <span class="parameters">({aba=123456789, account_name=jack, account_number=12345678901234567, bank_country_code=US, bsb=123456, case_desc=bank_country_code‰∏∫US,account_number‰∏?17‰∏™Â≠óÁ¨¶‰∏≤,È¢ÑÊúüÊàêÂäü, caseid=0000019, msg=Bank details saved, payment_method=SWIFT, response_status=200, run=, swift_code=ICBCUSBJ})</span>
                </div> <!-- method-content -->
              </div> <!-- method -->
              <div class="method">
                <div class="method-content">
                  <a name="testBank({aba=123456789, account_name=JohnJohn12, account_number=123, bank_country_code=US, bsb=123456, case_...)">
                  </a> <!-- testBank({aba=123456789, account_name=JohnJohn12, account_number=123, bank_country_code=US, bsb=123456, case_...) -->
                  <span class="method-name">testBank</span>
                  <span class="parameters">({aba=123456789, account_name=JohnJohn12, account_number=123, bank_country_code=US, bsb=123456, case_desc=account_name‰∏?10‰∏™Â≠óÁ¨?,È¢ÑÊúüÊàêÂäü, caseid=0000014, msg=Bank details saved, payment_method=SWIFT, response_status=200, run=, swift_code=ICBCUSBJ})</span>
                </div> <!-- method-content -->
              </div> <!-- method -->
              <div class="method">
                <div class="method-content">
                  <a name="testBank({aba=123456789, account_name=John Swith, account_number=1234567, bank_country_code=CN, bsb=12345678,...)">
                  </a> <!-- testBank({aba=123456789, account_name=John Swith, account_number=1234567, bank_country_code=CN, bsb=12345678,...) -->
                  <span class="method-name">testBank</span>
                  <span class="parameters">({aba=123456789, account_name=John Swith, account_number=1234567, bank_country_code=CN, bsb=12345678, case_desc=swift_codeÁ¨?5‰ΩçÂíåÁ¨?6‰Ωç‰∏ébank contry codeÂåπÈÖç(ÂΩìbank contry code‰∏∫CN),È¢ÑÊúüÊàêÂäü, caseid=0000032, msg=Bank details saved, payment_method=SWIFT, response_status=200, run=, swift_code=ICBCCNBJ})</span>
                </div> <!-- method-content -->
              </div> <!-- method -->
              <div class="method">
                <div class="method-content">
                  <a name="testBank({aba=12345678, account_name=John Swith, account_number=12345678, bank_country_code=US, bsb=12345, ca...)">
                  </a> <!-- testBank({aba=12345678, account_name=John Swith, account_number=12345678, bank_country_code=US, bsb=12345, ca...) -->
                  <span class="method-name">testBank</span>
                  <span class="parameters">({aba=12345678, account_name=John Swith, account_number=12345678, bank_country_code=US, bsb=12345, case_desc=aba‰∏?8‰Ω?,bank country‰∏∫US,È¢ÑÊúüÂ§±Ë¥•, caseid=0000048, msg=Length of 'aba' should be 9, payment_method=SWIFT, response_status=400, run=true, swift_code=ICBCUSBJA})</span>
                </div> <!-- method-content -->
              </div> <!-- method -->
              <div class="method">
                <div class="method-content">
                  <a name="testBank({aba=1234567890, account_name=John Swith, account_number=12345678, bank_country_code=US, bsb=1234567...)">
                  </a> <!-- testBank({aba=1234567890, account_name=John Swith, account_number=12345678, bank_country_code=US, bsb=1234567...) -->
                  <span class="method-name">testBank</span>
                  <span class="parameters">({aba=1234567890, account_name=John Swith, account_number=12345678, bank_country_code=US, bsb=1234567, case_desc=aba‰∏?10‰Ω?,bank country‰∏∫US,È¢ÑÊúüÂ§±Ë¥•, caseid=0000049, msg=Length of 'aba' should be 9, payment_method=SWIFT, response_status=400, run=true, swift_code=ICBCUSBJA})</span>
                </div> <!-- method-content -->
              </div> <!-- method -->
              <div class="method">
                <div class="method-content">
                  <a name="testBank({aba=123456789, account_name=John Swith, account_number=1234567, bank_country_code=AU, bsb=123456, c...)">
                  </a> <!-- testBank({aba=123456789, account_name=John Swith, account_number=1234567, bank_country_code=AU, bsb=123456, c...) -->
                  <span class="method-name">testBank</span>
                  <span class="parameters">({aba=123456789, account_name=John Swith, account_number=1234567, bank_country_code=AU, bsb=123456, case_desc=swift_codeÁ¨?5‰ΩçÂíåÁ¨?6‰Ωç‰∏ébank contry codeÂåπÈÖç(ÂΩìbank contry code‰∏∫AU),È¢ÑÊúüÊàêÂäü, caseid=0000031, msg=Bank details saved, payment_method=SWIFT, response_status=200, run=, swift_code=ICBCAUBJ})</span>
                </div> <!-- method-content -->
              </div> <!-- method -->
              <div class="method">
                <div class="method-content">
                  <a name="testBank({aba=123456789, account_name=John Swith, account_number=123, bank_country_code=US, bsb=123456, case_...)">
                  </a> <!-- testBank({aba=123456789, account_name=John Swith, account_number=123, bank_country_code=US, bsb=123456, case_...) -->
                  <span class="method-name">testBank</span>
                  <span class="parameters">({aba=123456789, account_name=John Swith, account_number=123, bank_country_code=US, bsb=123456, case_desc=payment_method‰∏∫SWIFT,È¢ÑÊúüÊàêÂäü, caseid=0000001, msg=Bank details saved, payment_method=SWIFT, response_status=200, run=, swift_code=ICBCUSBJ})</span>
                </div> <!-- method-content -->
              </div> <!-- method -->
              <div class="method">
                <div class="method-content">
                  <a name="testBank({aba=123456789, account_name=John Swith, account_number=123, bank_country_code=US, bsb=123456, case_...)">
                  </a> <!-- testBank({aba=123456789, account_name=John Swith, account_number=123, bank_country_code=US, bsb=123456, case_...) -->
                  <span class="method-name">testBank</span>
                  <span class="parameters">({aba=123456789, account_name=John Swith, account_number=123, bank_country_code=US, bsb=123456, case_desc=payment_method‰∏∫Á©∫,È¢ÑÊúüÂ§±Ë¥•, caseid=0000004, msg='payment_method' field required, the value should be either 'LOCAL' or 'SWIFT', payment_method=, response_status=400, run=, swift_code=ICBCUSBJ})</span>
                </div> <!-- method-content -->
              </div> <!-- method -->
              <div class="method">
                <div class="method-content">
                  <a name="testBank({aba=123456789, account_name=J, account_number=123, bank_country_code=US, bsb=123456, case_desc=acco...)">
                  </a> <!-- testBank({aba=123456789, account_name=J, account_number=123, bank_country_code=US, bsb=123456, case_desc=acco...) -->
                  <span class="method-name">testBank</span>
                  <span class="parameters">({aba=123456789, account_name=J, account_number=123, bank_country_code=US, bsb=123456, case_desc=account_name‰∏?1‰∏™Â≠óÁ¨?,È¢ÑÊúüÂ§±Ë¥•, caseid=0000016, msg=Length of account_name should be between 2 and 10, payment_method=SWIFT, response_status=400, run=, swift_code=ICBCUSBJ})</span>
                </div> <!-- method-content -->
              </div> <!-- method -->
              <div class="method">
                <div class="method-content">
                  <a name="testBank({aba=123456789, account_name=Jo, account_number=123, bank_country_code=US, bsb=123456, case_desc=acc...)">
                  </a> <!-- testBank({aba=123456789, account_name=Jo, account_number=123, bank_country_code=US, bsb=123456, case_desc=acc...) -->
                  <span class="method-name">testBank</span>
                  <span class="parameters">({aba=123456789, account_name=Jo, account_number=123, bank_country_code=US, bsb=123456, case_desc=account_name‰∏?2‰∏™Â≠óÁ¨?,È¢ÑÊúüÊàêÂäü, caseid=0000013, msg=Bank details saved, payment_method=SWIFT, response_status=200, run=, swift_code=ICBCUSBJ})</span>
                </div> <!-- method-content -->
              </div> <!-- method -->
              <div class="method">
                <div class="method-content">
                  <a name="testBank({aba=123456789, account_name=John Swith, account_number=12345678, bank_country_code=AU, bsb=123456, ...)">
                  </a> <!-- testBank({aba=123456789, account_name=John Swith, account_number=12345678, bank_country_code=AU, bsb=123456, ...) -->
                  <span class="method-name">testBank</span>
                  <span class="parameters">({aba=123456789, account_name=John Swith, account_number=12345678, bank_country_code=AU, bsb=123456, case_desc=bsb‰∏?6‰Ω?,bank country‰∏∫AU,È¢ÑÊúüÊàêÂäü, caseid=0000041, msg=Bank details saved, payment_method=SWIFT, response_status=200, run=, swift_code=ICBCAUBJA})</span>
                </div> <!-- method-content -->
              </div> <!-- method -->
              <div class="method">
                <div class="method-content">
                  <a name="testBank({aba=123456789, account_name=John Swith, account_number=12345678, bank_country_code=US, bsb=, case_d...)">
                  </a> <!-- testBank({aba=123456789, account_name=John Swith, account_number=12345678, bank_country_code=US, bsb=, case_d...) -->
                  <span class="method-name">testBank</span>
                  <span class="parameters">({aba=123456789, account_name=John Swith, account_number=12345678, bank_country_code=US, bsb=, case_desc=bsb‰∏∫Á©∫,bank country‰∏∫US,È¢ÑÊúüÊàêÂäü, caseid=0000045, msg=Bank details saved, payment_method=SWIFT, response_status=200, run=, swift_code=ICBCUSBJ})</span>
                </div> <!-- method-content -->
              </div> <!-- method -->
              <div class="method">
                <div class="method-content">
                  <a name="testBank({aba=123456789, account_name=John Swith, account_number=1234567, bank_country_code=AU, bsb=123456, c...)">
                  </a> <!-- testBank({aba=123456789, account_name=John Swith, account_number=1234567, bank_country_code=AU, bsb=123456, c...) -->
                  <span class="method-name">testBank</span>
                  <span class="parameters">({aba=123456789, account_name=John Swith, account_number=1234567, bank_country_code=AU, bsb=123456, case_desc=bank_country_code‰∏∫AU,È¢ÑÊúüÊàêÂäü, caseid=0000008, msg=Bank details saved, payment_method=SWIFT, response_status=200, run=, swift_code=ICBCAUBJ})</span>
                </div> <!-- method-content -->
              </div> <!-- method -->
              <div class="method">
                <div class="method-content">
                  <a name="testBank({aba=123456789, account_name=John Swith, account_number=12345678, bank_country_code=AU, bsb=12345, c...)">
                  </a> <!-- testBank({aba=123456789, account_name=John Swith, account_number=12345678, bank_country_code=AU, bsb=12345, c...) -->
                  <span class="method-name">testBank</span>
                  <span class="parameters">({aba=123456789, account_name=John Swith, account_number=12345678, bank_country_code=AU, bsb=12345, case_desc=bsb‰∏?5‰Ω?,bank country‰∏∫AU,È¢ÑÊúüÂ§±Ë¥•, caseid=0000042, msg=Length of 'bsb' should be 6, payment_method=SWIFT, response_status=400, run=, swift_code=ICBCAUBJA})</span>
                </div> <!-- method-content -->
              </div> <!-- method -->
              <div class="method">
                <div class="method-content">
                  <a name="testBank({aba=123456789, account_name=Êù∞ÂÖã, account_number=123, bank_country_code=US, bsb=123456, case_desc=ac...)">
                  </a> <!-- testBank({aba=123456789, account_name=Êù∞ÂÖã, account_number=123, bank_country_code=US, bsb=123456, case_desc=ac...) -->
                  <span class="method-name">testBank</span>
                  <span class="parameters">({aba=123456789, account_name=Êù∞ÂÖã, account_number=123, bank_country_code=US, bsb=123456, case_desc=account_name‰∏?2‰∏™‰∏≠Êñ?,È¢ÑÊúüÊàêÂäü, caseid=0000015, msg=Bank details saved, payment_method=SWIFT, response_status=200, run=, swift_code=ICBCUSBJ})</span>
                </div> <!-- method-content -->
              </div> <!-- method -->
              <div class="method">
                <div class="method-content">
                  <a name="testBank({aba=123456789, account_name=John Swith, account_number=1234567, bank_country_code=null, bsb=123456,...)">
                  </a> <!-- testBank({aba=123456789, account_name=John Swith, account_number=1234567, bank_country_code=null, bsb=123456,...) -->
                  <span class="method-name">testBank</span>
                  <span class="parameters">({aba=123456789, account_name=John Swith, account_number=1234567, bank_country_code=null, bsb=123456, case_desc=bank_country_code‰∏∫null,È¢ÑÊúüÂ§±Ë¥•, caseid=0000011, msg='bank_country_code' is required, and should be one of 'US', 'AU', or 'CN', payment_method=SWIFT, response_status=400, run=, swift_code=ICBCUSBJ})</span>
                </div> <!-- method-content -->
              </div> <!-- method -->
              <div class="method">
                <div class="method-content">
                  <a name="testBank({aba=123456789, account_name=John Swith1, account_number=123, bank_country_code=US, bsb=123456, case...)">
                  </a> <!-- testBank({aba=123456789, account_name=John Swith1, account_number=123, bank_country_code=US, bsb=123456, case...) -->
                  <span class="method-name">testBank</span>
                  <span class="parameters">({aba=123456789, account_name=John Swith1, account_number=123, bank_country_code=US, bsb=123456, case_desc=account_name‰∏?11‰∏™Â≠óÁ¨?,È¢ÑÊúüÂ§±Ë¥•, caseid=0000017, msg=Length of account_name should be between 2 and 10, payment_method=SWIFT, response_status=400, run=, swift_code=ICBCUSBJ})</span>
                </div> <!-- method-content -->
              </div> <!-- method -->
              <div class="method">
                <div class="method-content">
                  <a name="testBank({aba=123456789, account_name=John Swith, account_number=12345678, bank_country_code=CN, bsb=, case_d...)">
                  </a> <!-- testBank({aba=123456789, account_name=John Swith, account_number=12345678, bank_country_code=CN, bsb=, case_d...) -->
                  <span class="method-name">testBank</span>
                  <span class="parameters">({aba=123456789, account_name=John Swith, account_number=12345678, bank_country_code=CN, bsb=, case_desc=bsb‰∏∫Á©∫,bank country‰∏∫CN,È¢ÑÊúüÊàêÂäü, caseid=0000046, msg=Bank details saved, payment_method=SWIFT, response_status=200, run=, swift_code=ICBCCNBJ})</span>
                </div> <!-- method-content -->
              </div> <!-- method -->
              <div class="method">
                <div class="method-content">
                  <a name="testBank({aba=123456789, account_name=John Swith, account_number=123, bank_country_code=US, bsb=123456, case_...)">
                  </a> <!-- testBank({aba=123456789, account_name=John Swith, account_number=123, bank_country_code=US, bsb=123456, case_...) -->
                  <span class="method-name">testBank</span>
                  <span class="parameters">({aba=123456789, account_name=John Swith, account_number=123, bank_country_code=US, bsb=123456, case_desc=swift_codeÁ¨?5‰ΩçÂíåÁ¨?6‰Ωç‰∏ébank contry codeÂåπÈÖç(ÂΩìbank contry code‰∏∫US),È¢ÑÊúüÊàêÂäü, caseid=0000030, msg=Bank details saved, payment_method=SWIFT, response_status=200, run=, swift_code=ICBCUSBJ})</span>
                </div> <!-- method-content -->
              </div> <!-- method -->
              <div class="method">
                <div class="method-content">
                  <a name="testBank({aba=123456789, account_name=John Swith, account_number=123, bank_country_code=US, bsb=123456, case_...)">
                  </a> <!-- testBank({aba=123456789, account_name=John Swith, account_number=123, bank_country_code=US, bsb=123456, case_...) -->
                  <span class="method-name">testBank</span>
                  <span class="parameters">({aba=123456789, account_name=John Swith, account_number=123, bank_country_code=US, bsb=123456, case_desc=payment_method‰∏∫null,È¢ÑÊúüÂ§±Ë¥•, caseid=0000005, msg='payment_method' field required, the value should be either 'LOCAL' or 'SWIFT', payment_method=null, response_status=400, run=, swift_code=ICBCUSBJ})</span>
                </div> <!-- method-content -->
              </div> <!-- method -->
              <div class="method">
                <div class="method-content">
                  <a name="testBank({aba=123456789, account_name=John Swith, account_number=123, bank_country_code=US, bsb=123456, case_...)">
                  </a> <!-- testBank({aba=123456789, account_name=John Swith, account_number=123, bank_country_code=US, bsb=123456, case_...) -->
                  <span class="method-name">testBank</span>
                  <span class="parameters">({aba=123456789, account_name=John Swith, account_number=123, bank_country_code=US, bsb=123456, case_desc=swift_codeÁ¨?5‰ΩçÂíåÁ¨?6‰Ωç‰∏ébank contry code‰∏çÂåπÈÖ?(ÂΩìbank contry code‰∏∫US),È¢ÑÊúüÂ§±Ë¥•, caseid=0000034, msg=The swift code is not valid for the given bank country code: US, payment_method=SWIFT, response_status=400, run=, swift_code=ICBCAUBJ})</span>
                </div> <!-- method-content -->
              </div> <!-- method -->
              <div class="method">
                <div class="method-content">
                  <a name="testBank({aba=123456789, account_name=John Swith, account_number=123, bank_country_code=US, bsb=123456, case_...)">
                  </a> <!-- testBank({aba=123456789, account_name=John Swith, account_number=123, bank_country_code=US, bsb=123456, case_...) -->
                  <span class="method-name">testBank</span>
                  <span class="parameters">({aba=123456789, account_name=John Swith, account_number=123, bank_country_code=US, bsb=123456, case_desc=swift_code‰∏?11‰Ω?,È¢ÑÊúüÊàêÂäü, caseid=0000038, msg=Bank details saved, payment_method=SWIFT, response_status=200, run=, swift_code=ICBCUSBJABC})</span>
                </div> <!-- method-content -->
              </div> <!-- method -->
              <div class="method">
                <div class="method-content">
                  <a name="testBank({aba=123456789, account_name=John Swith, account_number=123, bank_country_code=US, bsb=123456, case_...)">
                  </a> <!-- testBank({aba=123456789, account_name=John Swith, account_number=123, bank_country_code=US, bsb=123456, case_...) -->
                  <span class="method-name">testBank</span>
                  <span class="parameters">({aba=123456789, account_name=John Swith, account_number=123, bank_country_code=US, bsb=123456, case_desc=payment_method‰∏∫LOCAL,È¢ÑÊúüÊàêÂäü, caseid=0000002, msg=Bank details saved, payment_method=LOCAL, response_status=200, run=, swift_code=ICBCUSBJ})</span>
                </div> <!-- method-content -->
              </div> <!-- method -->
              <div class="method">
                <div class="method-content">
                  <a name="testBank({aba=123456789, account_name=John Swith, account_number=123, bank_country_code=US, bsb=123456, case_...)">
                  </a> <!-- testBank({aba=123456789, account_name=John Swith, account_number=123, bank_country_code=US, bsb=123456, case_...) -->
                  <span class="method-name">testBank</span>
                  <span class="parameters">({aba=123456789, account_name=John Swith, account_number=123, bank_country_code=US, bsb=123456, case_desc=swift_code‰∏?8‰Ω?,È¢ÑÊúüÊàêÂäü, caseid=0000037, msg=Bank details saved, payment_method=SWIFT, response_status=200, run=, swift_code=ICBCUSBJ})</span>
                </div> <!-- method-content -->
              </div> <!-- method -->
              <div class="method">
                <div class="method-content">
                  <a name="testBank({aba=123456789, account_name=John Swith, account_number=123, bank_country_code=US, bsb=123456, case_...)">
                  </a> <!-- testBank({aba=123456789, account_name=John Swith, account_number=123, bank_country_code=US, bsb=123456, case_...) -->
                  <span class="method-name">testBank</span>
                  <span class="parameters">({aba=123456789, account_name=John Swith, account_number=123, bank_country_code=US, bsb=123456, case_desc=swift_code‰∏∫Á©∫ÔºàÂΩìpayment_method‰∏∫SWIFTÔº?,È¢ÑÊúüÂ§±Ë¥•, caseid=0000033, msg='swift_code' is required when payment method is 'SWIFT', payment_method=SWIFT, response_status=400, run=true, swift_code=})</span>
                </div> <!-- method-content -->
              </div> <!-- method -->
              <div class="method">
                <div class="method-content">
                  <a name="testBank({aba=123456789, account_name=John Swith, account_number=12345678, bank_country_code=AU, bsb=, case_d...)">
                  </a> <!-- testBank({aba=123456789, account_name=John Swith, account_number=12345678, bank_country_code=AU, bsb=, case_d...) -->
                  <span class="method-name">testBank</span>
                  <span class="parameters">({aba=123456789, account_name=John Swith, account_number=12345678, bank_country_code=AU, bsb=, case_desc=bsb‰∏∫Á©∫,bank country‰∏∫AU,È¢ÑÊúüÂ§±Ë¥•, caseid=00000044, msg='bsb' is required when bank country code is 'AU', payment_method=SWIFT, response_status=400, run=, swift_code=ICBCAUBJ})</span>
                </div> <!-- method-content -->
              </div> <!-- method -->
              <div class="method">
                <div class="method-content">
                  <a name="testBank({aba=123456789, account_name=John Swith, account_number=12345678, bank_country_code=US, bsb=123456, ...)">
                  </a> <!-- testBank({aba=123456789, account_name=John Swith, account_number=12345678, bank_country_code=US, bsb=123456, ...) -->
                  <span class="method-name">testBank</span>
                  <span class="parameters">({aba=123456789, account_name=John Swith, account_number=12345678, bank_country_code=US, bsb=123456, case_desc=aba‰∏?9‰Ω?,bank country‰∏∫US,È¢ÑÊúüÊàêÂäü, caseid=0000047, msg=Bank details saved, payment_method=SWIFT, response_status=200, run=true, swift_code=ICBCUSBJA})</span>
                </div> <!-- method-content -->
              </div> <!-- method -->
              <div class="method">
                <div class="method-content">
                  <a name="testBank({aba=123456789, account_name=John Swith, account_number=123, bank_country_code=US, bsb=123456, case_...)">
                  </a> <!-- testBank({aba=123456789, account_name=John Swith, account_number=123, bank_country_code=US, bsb=123456, case_...) -->
                  <span class="method-name">testBank</span>
                  <span class="parameters">({aba=123456789, account_name=John Swith, account_number=123, bank_country_code=US, bsb=123456, case_desc=payment_method‰∏∫swift,È¢ÑÊúüÂ§±Ë¥•, caseid=0000003, msg='payment_method' field required, the value should be either 'LOCAL' or 'SWIFT', payment_method=swift, response_status=400, run=, swift_code=ICBCUSBJ})</span>
                </div> <!-- method-content -->
              </div> <!-- method -->
              <div class="method">
                <div class="method-content">
                  <a name="testBank({aba=123456789, account_name=John Swith, account_number=1234567, bank_country_code=CN, bsb=123456, c...)">
                  </a> <!-- testBank({aba=123456789, account_name=John Swith, account_number=1234567, bank_country_code=CN, bsb=123456, c...) -->
                  <span class="method-name">testBank</span>
                  <span class="parameters">({aba=123456789, account_name=John Swith, account_number=1234567, bank_country_code=CN, bsb=123456, case_desc=bank_country_code‰∏∫CN,È¢ÑÊúüÊàêÂäü, caseid=0000009, msg=Bank details saved, payment_method=SWIFT, response_status=200, run=, swift_code=ICBCCNBJ})</span>
                </div> <!-- method-content -->
              </div> <!-- method -->
              <div class="method">
                <div class="method-content">
                  <a name="testBank({aba=, account_name=John Swith, account_number=12345678, bank_country_code=AU, bsb=123456, case_desc...)">
                  </a> <!-- testBank({aba=, account_name=John Swith, account_number=12345678, bank_country_code=AU, bsb=123456, case_desc...) -->
                  <span class="method-name">testBank</span>
                  <span class="parameters">({aba=, account_name=John Swith, account_number=12345678, bank_country_code=AU, bsb=123456, case_desc=aba‰∏∫Á©∫,bank country‰∏∫AU,È¢ÑÊúüÊàêÂäü, caseid=0000051, msg=Bank details saved, payment_method=SWIFT, response_status=200, run=true, swift_code=ICBCAUBJ})</span>
                </div> <!-- method-content -->
              </div> <!-- method -->
              <div class="method">
                <div class="method-content">
                  <a name="testBank({aba=123456789, account_name=jack, account_number=1, bank_country_code=US, bsb=123456, case_desc=ban...)">
                  </a> <!-- testBank({aba=123456789, account_name=jack, account_number=1, bank_country_code=US, bsb=123456, case_desc=ban...) -->
                  <span class="method-name">testBank</span>
                  <span class="parameters">({aba=123456789, account_name=jack, account_number=1, bank_country_code=US, bsb=123456, case_desc=bank_country_code‰∏∫US,account_number‰∏?1‰∏™Â≠óÁ¨¶‰∏≤,È¢ÑÊúüÊàêÂäü, caseid=0000018, msg=Bank details saved, payment_method=SWIFT, response_status=200, run=, swift_code=ICBCUSBJ})</span>
                </div> <!-- method-content -->
              </div> <!-- method -->
              <div class="method">
                <div class="method-content">
                  <a name="testBank({aba=123456789, account_name=jack, account_number=12345678, bank_country_code=CN, bsb=123456, case_d...)">
                  </a> <!-- testBank({aba=123456789, account_name=jack, account_number=12345678, bank_country_code=CN, bsb=123456, case_d...) -->
                  <span class="method-name">testBank</span>
                  <span class="parameters">({aba=123456789, account_name=jack, account_number=12345678, bank_country_code=CN, bsb=123456, case_desc=bank_country_code‰∏∫CN,account_number‰∏?8‰∏™Â≠óÁ¨¶‰∏≤,È¢ÑÊúüÊàêÂäü, caseid=0000026, msg=Bank details saved, payment_method=SWIFT, response_status=200, run=, swift_code=ICBCCNBJ})</span>
                </div> <!-- method-content -->
              </div> <!-- method -->
              <div class="method">
                <div class="method-content">
                  <a name="testBank({aba=, account_name=John Swith, account_number=12345678, bank_country_code=CN, bsb=123456, case_desc...)">
                  </a> <!-- testBank({aba=, account_name=John Swith, account_number=12345678, bank_country_code=CN, bsb=123456, case_desc...) -->
                  <span class="method-name">testBank</span>
                  <span class="parameters">({aba=, account_name=John Swith, account_number=12345678, bank_country_code=CN, bsb=123456, case_desc=aba‰∏∫Á©∫,bank country‰∏∫CN,È¢ÑÊúüÊàêÂäü, caseid=0000052, msg=Bank details saved, payment_method=SWIFT, response_status=200, run=true, swift_code=ICBCCNBJ})</span>
                </div> <!-- method-content -->
              </div> <!-- method -->
              <div class="method">
                <div class="method-content">
                  <a name="testBank({aba=123456789, account_name=jack, account_number=123456, bank_country_code=AU, bsb=123456, case_des...)">
                  </a> <!-- testBank({aba=123456789, account_name=jack, account_number=123456, bank_country_code=AU, bsb=123456, case_des...) -->
                  <span class="method-name">testBank</span>
                  <span class="parameters">({aba=123456789, account_name=jack, account_number=123456, bank_country_code=AU, bsb=123456, case_desc=bank_country_code‰∏∫AU,account_number‰∏?6‰∏™Â≠óÁ¨¶‰∏≤,È¢ÑÊúüÊàêÂäü, caseid=0000022, msg=Bank details saved, payment_method=SWIFT, response_status=200, run=, swift_code=ICBCAUBJ})</span>
                </div> <!-- method-content -->
              </div> <!-- method -->
              <div class="method">
                <div class="method-content">
                  <a name="testBank({aba=123456789, account_name=John Swith, account_number=1234567, bank_country_code=US, bsb=123456, c...)">
                  </a> <!-- testBank({aba=123456789, account_name=John Swith, account_number=1234567, bank_country_code=US, bsb=123456, c...) -->
                  <span class="method-name">testBank</span>
                  <span class="parameters">({aba=123456789, account_name=John Swith, account_number=1234567, bank_country_code=US, bsb=123456, case_desc=bank_country_code‰∏∫US,È¢ÑÊúüÊàêÂäü, caseid=0000007, msg=Bank details saved, payment_method=SWIFT, response_status=200, run=, swift_code=ICBCUSBJ})</span>
                </div> <!-- method-content -->
              </div> <!-- method -->
            </div> <!-- main-panel-content rounded-window-bottom -->
          </div> <!-- suite-Default_Suite-class-passed -->
        </div> <!-- panel Default_Suite -->
        <div panel-name="test-xml-Default_Suite" class="panel">
          <div class="main-panel-header rounded-window-top">
            <span class="header-content">D:\work\java\IDEAL\bank\src\test\resources\testng.xml</span>
          </div> <!-- main-panel-header rounded-window-top -->
          <div class="main-panel-content rounded-window-bottom">
            <pre>
&lt;?xml version=&quot;1.0&quot; encoding=&quot;UTF-8&quot;?&gt;
&lt;!DOCTYPE suite SYSTEM &quot;http://testng.org/testng-1.0.dtd&quot;&gt;
&lt;suite verbose=&quot;0&quot; name=&quot;Default Suite&quot;&gt;
  &lt;test name=&quot;java test&quot;&gt;
    &lt;classes&gt;
      &lt;class name=&quot;com.airwallex.bank.BankTest&quot;/&gt;
    &lt;/classes&gt;
  &lt;/test&gt; &lt;!-- java test --&gt;
&lt;/suite&gt; &lt;!-- Default Suite --&gt;
            </pre>
          </div> <!-- main-panel-content rounded-window-bottom -->
        </div> <!-- panel -->
        <div panel-name="testlist-Default_Suite" class="panel">
          <div class="main-panel-header rounded-window-top">
            <span class="header-content">Tests for Default Suite</span>
          </div> <!-- main-panel-header rounded-window-top -->
          <div class="main-panel-content rounded-window-bottom">
            <ul>
              <li>
                <span class="test-name">java test (1 class)</span>
              </li>
            </ul>
          </div> <!-- main-panel-content rounded-window-bottom -->
        </div> <!-- panel -->
        <div panel-name="group-Default_Suite" class="panel">
          <div class="main-panel-header rounded-window-top">
            <span class="header-content">Groups for Default Suite</span>
          </div> <!-- main-panel-header rounded-window-top -->
          <div class="main-panel-content rounded-window-bottom">
          </div> <!-- main-panel-content rounded-window-bottom -->
        </div> <!-- panel -->
        <div panel-name="times-Default_Suite" class="panel">
          <div class="main-panel-header rounded-window-top">
            <span class="header-content">Times for Default Suite</span>
          </div> <!-- main-panel-header rounded-window-top -->
          <div class="main-panel-content rounded-window-bottom">
            <div class="times-div">
              <script type="text/javascript">
suiteTableInitFunctions.push('tableData_Default_Suite');
function tableData_Default_Suite() {
var data = new google.visualization.DataTable();
data.addColumn('number', 'Number');
data.addColumn('string', 'Method');
data.addColumn('string', 'Class');
data.addColumn('number', 'Time (ms)');
data.addRows(52);
data.setCell(0, 0, 0)
data.setCell(0, 1, 'testBank')
data.setCell(0, 2, 'com.airwallex.bank.BankTest')
data.setCell(0, 3, 1349);
data.setCell(1, 0, 1)
data.setCell(1, 1, 'testBank')
data.setCell(1, 2, 'com.airwallex.bank.BankTest')
data.setCell(1, 3, 1062);
data.setCell(2, 0, 2)
data.setCell(2, 1, 'testBank')
data.setCell(2, 2, 'com.airwallex.bank.BankTest')
data.setCell(2, 3, 954);
data.setCell(3, 0, 3)
data.setCell(3, 1, 'testBank')
data.setCell(3, 2, 'com.airwallex.bank.BankTest')
data.setCell(3, 3, 815);
data.setCell(4, 0, 4)
data.setCell(4, 1, 'testBank')
data.setCell(4, 2, 'com.airwallex.bank.BankTest')
data.setCell(4, 3, 746);
data.setCell(5, 0, 5)
data.setCell(5, 1, 'testBank')
data.setCell(5, 2, 'com.airwallex.bank.BankTest')
data.setCell(5, 3, 731);
data.setCell(6, 0, 6)
data.setCell(6, 1, 'testBank')
data.setCell(6, 2, 'com.airwallex.bank.BankTest')
data.setCell(6, 3, 434);
data.setCell(7, 0, 7)
data.setCell(7, 1, 'testBank')
data.setCell(7, 2, 'com.airwallex.bank.BankTest')
data.setCell(7, 3, 431);
data.setCell(8, 0, 8)
data.setCell(8, 1, 'testBank')
data.setCell(8, 2, 'com.airwallex.bank.BankTest')
data.setCell(8, 3, 429);
data.setCell(9, 0, 9)
data.setCell(9, 1, 'testBank')
data.setCell(9, 2, 'com.airwallex.bank.BankTest')
data.setCell(9, 3, 426);
data.setCell(10, 0, 10)
data.setCell(10, 1, 'testBank')
data.setCell(10, 2, 'com.airwallex.bank.BankTest')
data.setCell(10, 3, 422);
data.setCell(11, 0, 11)
data.setCell(11, 1, 'testBank')
data.setCell(11, 2, 'com.airwallex.bank.BankTest')
data.setCell(11, 3, 415);
data.setCell(12, 0, 12)
data.setCell(12, 1, 'testBank')
data.setCell(12, 2, 'com.airwallex.bank.BankTest')
data.setCell(12, 3, 406);
data.setCell(13, 0, 13)
data.setCell(13, 1, 'testBank')
data.setCell(13, 2, 'com.airwallex.bank.BankTest')
data.setCell(13, 3, 406);
data.setCell(14, 0, 14)
data.setCell(14, 1, 'testBank')
data.setCell(14, 2, 'com.airwallex.bank.BankTest')
data.setCell(14, 3, 405);
data.setCell(15, 0, 15)
data.setCell(15, 1, 'testBank')
data.setCell(15, 2, 'com.airwallex.bank.BankTest')
data.setCell(15, 3, 402);
data.setCell(16, 0, 16)
data.setCell(16, 1, 'testBank')
data.setCell(16, 2, 'com.airwallex.bank.BankTest')
data.setCell(16, 3, 396);
data.setCell(17, 0, 17)
data.setCell(17, 1, 'testBank')
data.setCell(17, 2, 'com.airwallex.bank.BankTest')
data.setCell(17, 3, 395);
data.setCell(18, 0, 18)
data.setCell(18, 1, 'testBank')
data.setCell(18, 2, 'com.airwallex.bank.BankTest')
data.setCell(18, 3, 392);
data.setCell(19, 0, 19)
data.setCell(19, 1, 'testBank')
data.setCell(19, 2, 'com.airwallex.bank.BankTest')
data.setCell(19, 3, 392);
data.setCell(20, 0, 20)
data.setCell(20, 1, 'testBank')
data.setCell(20, 2, 'com.airwallex.bank.BankTest')
data.setCell(20, 3, 392);
data.setCell(21, 0, 21)
data.setCell(21, 1, 'testBank')
data.setCell(21, 2, 'com.airwallex.bank.BankTest')
data.setCell(21, 3, 390);
data.setCell(22, 0, 22)
data.setCell(22, 1, 'testBank')
data.setCell(22, 2, 'com.airwallex.bank.BankTest')
data.setCell(22, 3, 390);
data.setCell(23, 0, 23)
data.setCell(23, 1, 'testBank')
data.setCell(23, 2, 'com.airwallex.bank.BankTest')
data.setCell(23, 3, 390);
data.setCell(24, 0, 24)
data.setCell(24, 1, 'testBank')
data.setCell(24, 2, 'com.airwallex.bank.BankTest')
data.setCell(24, 3, 390);
data.setCell(25, 0, 25)
data.setCell(25, 1, 'testBank')
data.setCell(25, 2, 'com.airwallex.bank.BankTest')
data.setCell(25, 3, 385);
data.setCell(26, 0, 26)
data.setCell(26, 1, 'testBank')
data.setCell(26, 2, 'com.airwallex.bank.BankTest')
data.setCell(26, 3, 384);
data.setCell(27, 0, 27)
data.setCell(27, 1, 'testBank')
data.setCell(27, 2, 'com.airwallex.bank.BankTest')
data.setCell(27, 3, 377);
data.setCell(28, 0, 28)
data.setCell(28, 1, 'testBank')
data.setCell(28, 2, 'com.airwallex.bank.BankTest')
data.setCell(28, 3, 375);
data.setCell(29, 0, 29)
data.setCell(29, 1, 'testBank')
data.setCell(29, 2, 'com.airwallex.bank.BankTest')
data.setCell(29, 3, 375);
data.setCell(30, 0, 30)
data.setCell(30, 1, 'testBank')
data.setCell(30, 2, 'com.airwallex.bank.BankTest')
data.setCell(30, 3, 375);
data.setCell(31, 0, 31)
data.setCell(31, 1, 'testBank')
data.setCell(31, 2, 'com.airwallex.bank.BankTest')
data.setCell(31, 3, 374);
data.setCell(32, 0, 32)
data.setCell(32, 1, 'testBank')
data.setCell(32, 2, 'com.airwallex.bank.BankTest')
data.setCell(32, 3, 374);
data.setCell(33, 0, 33)
data.setCell(33, 1, 'testBank')
data.setCell(33, 2, 'com.airwallex.bank.BankTest')
data.setCell(33, 3, 374);
data.setCell(34, 0, 34)
data.setCell(34, 1, 'testBank')
data.setCell(34, 2, 'com.airwallex.bank.BankTest')
data.setCell(34, 3, 369);
data.setCell(35, 0, 35)
data.setCell(35, 1, 'testBank')
data.setCell(35, 2, 'com.airwallex.bank.BankTest')
data.setCell(35, 3, 368);
data.setCell(36, 0, 36)
data.setCell(36, 1, 'testBank')
data.setCell(36, 2, 'com.airwallex.bank.BankTest')
data.setCell(36, 3, 368);
data.setCell(37, 0, 37)
data.setCell(37, 1, 'testBank')
data.setCell(37, 2, 'com.airwallex.bank.BankTest')
data.setCell(37, 3, 368);
data.setCell(38, 0, 38)
data.setCell(38, 1, 'testBank')
data.setCell(38, 2, 'com.airwallex.bank.BankTest')
data.setCell(38, 3, 360);
data.setCell(39, 0, 39)
data.setCell(39, 1, 'testBank')
data.setCell(39, 2, 'com.airwallex.bank.BankTest')
data.setCell(39, 3, 360);
data.setCell(40, 0, 40)
data.setCell(40, 1, 'testBank')
data.setCell(40, 2, 'com.airwallex.bank.BankTest')
data.setCell(40, 3, 359);
data.setCell(41, 0, 41)
data.setCell(41, 1, 'testBank')
data.setCell(41, 2, 'com.airwallex.bank.BankTest')
data.setCell(41, 3, 359);
data.setCell(42, 0, 42)
data.setCell(42, 1, 'testBank')
data.setCell(42, 2, 'com.airwallex.bank.BankTest')
data.setCell(42, 3, 359);
data.setCell(43, 0, 43)
data.setCell(43, 1, 'testBank')
data.setCell(43, 2, 'com.airwallex.bank.BankTest')
data.setCell(43, 3, 359);
data.setCell(44, 0, 44)
data.setCell(44, 1, 'testBank')
data.setCell(44, 2, 'com.airwallex.bank.BankTest')
data.setCell(44, 3, 358);
data.setCell(45, 0, 45)
data.setCell(45, 1, 'testBank')
data.setCell(45, 2, 'com.airwallex.bank.BankTest')
data.setCell(45, 3, 344);
data.setCell(46, 0, 46)
data.setCell(46, 1, 'testBank')
data.setCell(46, 2, 'com.airwallex.bank.BankTest')
data.setCell(46, 3, 343);
data.setCell(47, 0, 47)
data.setCell(47, 1, 'testBank')
data.setCell(47, 2, 'com.airwallex.bank.BankTest')
data.setCell(47, 3, 333);
data.setCell(48, 0, 48)
data.setCell(48, 1, 'testBank')
data.setCell(48, 2, 'com.airwallex.bank.BankTest')
data.setCell(48, 3, 328);
data.setCell(49, 0, 49)
data.setCell(49, 1, 'testBank')
data.setCell(49, 2, 'com.airwallex.bank.BankTest')
data.setCell(49, 3, 327);
data.setCell(50, 0, 50)
data.setCell(50, 1, 'testBank')
data.setCell(50, 2, 'com.airwallex.bank.BankTest')
data.setCell(50, 3, 326);
data.setCell(51, 0, 51)
data.setCell(51, 1, 'testBank')
data.setCell(51, 2, 'com.airwallex.bank.BankTest')
data.setCell(51, 3, 314);
window.suiteTableData['Default_Suite']= { tableData: data, tableDiv: 'times-div-Default_Suite'}
return data;
}
              </script>
              <span class="suite-total-time">Total running time: 23 seconds</span>
              <div id="times-div-Default_Suite">
              </div> <!-- times-div-Default_Suite -->
            </div> <!-- times-div -->
          </div> <!-- main-panel-content rounded-window-bottom -->
        </div> <!-- panel -->
        <div panel-name="reporter-Default_Suite" class="panel">
          <div class="main-panel-header rounded-window-top">
            <span class="header-content">Reporter output for Default Suite</span>
          </div> <!-- main-panel-header rounded-window-top -->
          <div class="main-panel-content rounded-window-bottom">
          </div> <!-- main-panel-content rounded-window-bottom -->
        </div> <!-- panel -->
        <div panel-name="ignored-methods-Default_Suite" class="panel">
          <div class="main-panel-header rounded-window-top">
            <span class="header-content">0 ignored methods</span>
          </div> <!-- main-panel-header rounded-window-top -->
          <div class="main-panel-content rounded-window-bottom">
          </div> <!-- main-panel-content rounded-window-bottom -->
        </div> <!-- panel -->
        <div panel-name="chronological-Default_Suite" class="panel">
          <div class="main-panel-header rounded-window-top">
            <span class="header-content">Methods in chronological order</span>
          </div> <!-- main-panel-header rounded-window-top -->
          <div class="main-panel-content rounded-window-bottom">
            <div class="chronological-class">
              <div class="chronological-class-name">com.airwallex.bank.BankTest</div> <!-- chronological-class-name -->
              <div class="test-method">
                <span class="method-name">testBank({aba=123456789, account_name=John Swith, account_number=123, bank_country_code=US, bsb=123456, case_...)</span>
                <span class="method-start">0 ms</span>
              </div> <!-- test-method -->
              <div class="test-method">
                <span class="method-name">testBank({aba=123456789, account_name=John Swith, account_number=123, bank_country_code=US, bsb=123456, case_...)</span>
                <span class="method-start">1349 ms</span>
              </div> <!-- test-method -->
              <div class="test-method">
                <span class="method-name">testBank({aba=123456789, account_name=John Swith, account_number=123, bank_country_code=US, bsb=123456, case_...)</span>
                <span class="method-start">1663 ms</span>
              </div> <!-- test-method -->
              <div class="test-method">
                <span class="method-name">testBank({aba=123456789, account_name=John Swith, account_number=123, bank_country_code=US, bsb=123456, case_...)</span>
                <span class="method-start">1991 ms</span>
              </div> <!-- test-method -->
              <div class="test-method">
                <span class="method-name">testBank({aba=123456789, account_name=John Swith, account_number=123, bank_country_code=US, bsb=123456, case_...)</span>
                <span class="method-start">2318 ms</span>
              </div> <!-- test-method -->
              <div class="test-method">
                <span class="method-name">testBank({aba=123456789, account_name=John Swith, account_number=123, bank_country_code=US, bsb=123456, case_...)</span>
                <span class="method-start">2651 ms</span>
              </div> <!-- test-method -->
              <div class="test-method">
                <span class="method-name">testBank({aba=123456789, account_name=John Swith, account_number=1234567, bank_country_code=US, bsb=123456, c...)</span>
                <span class="method-start">3010 ms</span>
              </div> <!-- test-method -->
              <div class="test-method">
                <span class="method-name">testBank({aba=123456789, account_name=John Swith, account_number=1234567, bank_country_code=AU, bsb=123456, c...)</span>
                <span class="method-start">3384 ms</span>
              </div> <!-- test-method -->
              <div class="test-method">
                <span class="method-name">testBank({aba=123456789, account_name=John Swith, account_number=1234567, bank_country_code=CN, bsb=123456, c...)</span>
                <span class="method-start">3780 ms</span>
              </div> <!-- test-method -->
              <div class="test-method">
                <span class="method-name">testBank({aba=123456789, account_name=John Swith, account_number=1234567, bank_country_code=, bsb=123456, cas...)</span>
                <span class="method-start">4124 ms</span>
              </div> <!-- test-method -->
              <div class="test-method">
                <span class="method-name">testBank({aba=123456789, account_name=John Swith, account_number=1234567, bank_country_code=null, bsb=123456,...)</span>
                <span class="method-start">4450 ms</span>
              </div> <!-- test-method -->
              <div class="test-method">
                <span class="method-name">testBank({aba=123456789, account_name=John Swith, account_number=1234567, bank_country_code=JP, bsb=123456, c...)</span>
                <span class="method-start">5196 ms</span>
              </div> <!-- test-method -->
              <div class="test-method">
                <span class="method-name">testBank({aba=123456789, account_name=Jo, account_number=123, bank_country_code=US, bsb=123456, case_desc=acc...)</span>
                <span class="method-start">5927 ms</span>
              </div> <!-- test-method -->
              <div class="test-method">
                <span class="method-name">testBank({aba=123456789, account_name=JohnJohn12, account_number=123, bank_country_code=US, bsb=123456, case_...)</span>
                <span class="method-start">6742 ms</span>
              </div> <!-- test-method -->
              <div class="test-method">
                <span class="method-name">testBank({aba=123456789, account_name=Êù∞ÂÖã, account_number=123, bank_country_code=US, bsb=123456, case_desc=ac...)</span>
                <span class="method-start">7148 ms</span>
              </div> <!-- test-method -->
              <div class="test-method">
                <span class="method-name">testBank({aba=123456789, account_name=J, account_number=123, bank_country_code=US, bsb=123456, case_desc=acco...)</span>
                <span class="method-start">7579 ms</span>
              </div> <!-- test-method -->
              <div class="test-method">
                <span class="method-name">testBank({aba=123456789, account_name=John Swith1, account_number=123, bank_country_code=US, bsb=123456, case...)</span>
                <span class="method-start">7985 ms</span>
              </div> <!-- test-method -->
              <div class="test-method">
                <span class="method-name">testBank({aba=123456789, account_name=jack, account_number=1, bank_country_code=US, bsb=123456, case_desc=ban...)</span>
                <span class="method-start">8390 ms</span>
              </div> <!-- test-method -->
              <div class="test-method">
                <span class="method-name">testBank({aba=123456789, account_name=jack, account_number=12345678901234567, bank_country_code=US, bsb=12345...)</span>
                <span class="method-start">8819 ms</span>
              </div> <!-- test-method -->
              <div class="test-method">
                <img src="failed.png">
                </img>
                <span class="method-name">testBank({aba=123456789, account_name=jack, account_number=, bank_country_code=US, bsb=123456, case_desc=bank...)</span>
                <span class="method-start">9241 ms</span>
              </div> <!-- test-method -->
              <div class="test-method">
                <img src="failed.png">
                </img>
                <span class="method-name">testBank({aba=123456789, account_name=jack, account_number=123456789012345678, bank_country_code=US, bsb=1234...)</span>
                <span class="method-start">9690 ms</span>
              </div> <!-- test-method -->
              <div class="test-method">
                <span class="method-name">testBank({aba=123456789, account_name=jack, account_number=123456, bank_country_code=AU, bsb=123456, case_des...)</span>
                <span class="method-start">10082 ms</span>
              </div> <!-- test-method -->
              <div class="test-method">
                <span class="method-name">testBank({aba=123456789, account_name=jack, account_number=123456789, bank_country_code=AU, bsb=123456, case_...)</span>
                <span class="method-start">11144 ms</span>
              </div> <!-- test-method -->
              <div class="test-method">
                <img src="failed.png">
                </img>
                <span class="method-name">testBank({aba=123456789, account_name=jack, account_number=12345, bank_country_code=AU, bsb=123456, case_desc...)</span>
                <span class="method-start">11504 ms</span>
              </div> <!-- test-method -->
              <div class="test-method">
                <img src="failed.png">
                </img>
                <span class="method-name">testBank({aba=123456789, account_name=jack, account_number=1234567890, bank_country_code=AU, bsb=123456, case...)</span>
                <span class="method-start">11873 ms</span>
              </div> <!-- test-method -->
              <div class="test-method">
                <span class="method-name">testBank({aba=123456789, account_name=jack, account_number=12345678, bank_country_code=CN, bsb=123456, case_d...)</span>
                <span class="method-start">12231 ms</span>
              </div> <!-- test-method -->
              <div class="test-method">
                <img src="failed.png">
                </img>
                <span class="method-name">testBank({aba=123456789, account_name=jack, account_number=12345678901234567890, bank_country_code=CN, bsb=12...)</span>
                <span class="method-start">12599 ms</span>
              </div> <!-- test-method -->
              <div class="test-method">
                <img src="failed.png">
                </img>
                <span class="method-name">testBank({aba=123456789, account_name=jack, account_number=1234567, bank_country_code=CN, bsb=123456, case_de...)</span>
                <span class="method-start">12973 ms</span>
              </div> <!-- test-method -->
              <div class="test-method">
                <img src="failed.png">
                </img>
                <span class="method-name">testBank({aba=123456789, account_name=jack, account_number=12345678901234567890, bank_country_code=CN, bsb=12...)</span>
                <span class="method-start">13363 ms</span>
              </div> <!-- test-method -->
              <div class="test-method">
                <span class="method-name">testBank({aba=123456789, account_name=John Swith, account_number=123, bank_country_code=US, bsb=123456, case_...)</span>
                <span class="method-start">13740 ms</span>
              </div> <!-- test-method -->
              <div class="test-method">
                <span class="method-name">testBank({aba=123456789, account_name=John Swith, account_number=1234567, bank_country_code=AU, bsb=123456, c...)</span>
                <span class="method-start">14099 ms</span>
              </div> <!-- test-method -->
              <div class="test-method">
                <span class="method-name">testBank({aba=123456789, account_name=John Swith, account_number=1234567, bank_country_code=CN, bsb=12345678,...)</span>
                <span class="method-start">14467 ms</span>
              </div> <!-- test-method -->
              <div class="test-method">
                <span class="method-name">testBank({aba=123456789, account_name=John Swith, account_number=123, bank_country_code=US, bsb=123456, case_...)</span>
                <span class="method-start">14859 ms</span>
              </div> <!-- test-method -->
              <div class="test-method">
                <span class="method-name">testBank({aba=123456789, account_name=John Swith, account_number=123, bank_country_code=US, bsb=123456, case_...)</span>
                <span class="method-start">15251 ms</span>
              </div> <!-- test-method -->
              <div class="test-method">
                <img src="failed.png">
                </img>
                <span class="method-name">testBank({aba=123456789, account_name=John Swith, account_number=123, bank_country_code=US, bsb=123456, case_...)</span>
                <span class="method-start">15666 ms</span>
              </div> <!-- test-method -->
              <div class="test-method">
                <img src="failed.png">
                </img>
                <span class="method-name">testBank({aba=123456789, account_name=John Swith, account_number=123, bank_country_code=US, bsb=123456, case_...)</span>
                <span class="method-start">16056 ms</span>
              </div> <!-- test-method -->
              <div class="test-method">
                <span class="method-name">testBank({aba=123456789, account_name=John Swith, account_number=123, bank_country_code=US, bsb=123456, case_...)</span>
                <span class="method-start">16482 ms</span>
              </div> <!-- test-method -->
              <div class="test-method">
                <span class="method-name">testBank({aba=123456789, account_name=John Swith, account_number=123, bank_country_code=US, bsb=123456, case_...)</span>
                <span class="method-start">16842 ms</span>
              </div> <!-- test-method -->
              <div class="test-method">
                <img src="failed.png">
                </img>
                <span class="method-name">testBank({aba=123456789, account_name=John Swith, account_number=123, bank_country_code=US, bsb=123456, case_...)</span>
                <span class="method-start">17201 ms</span>
              </div> <!-- test-method -->
              <div class="test-method">
                <img src="failed.png">
                </img>
                <span class="method-name">testBank({aba=123456789, account_name=John Swith, account_number=12345678, bank_country_code=CN, bsb=123456, ...)</span>
                <span class="method-start">17603 ms</span>
              </div> <!-- test-method -->
              <div class="test-method">
                <span class="method-name">testBank({aba=123456789, account_name=John Swith, account_number=12345678, bank_country_code=AU, bsb=123456, ...)</span>
                <span class="method-start">17993 ms</span>
              </div> <!-- test-method -->
              <div class="test-method">
                <span class="method-name">testBank({aba=123456789, account_name=John Swith, account_number=12345678, bank_country_code=AU, bsb=12345, c...)</span>
                <span class="method-start">18383 ms</span>
              </div> <!-- test-method -->
              <div class="test-method">
                <span class="method-name">testBank({aba=123456789, account_name=John Swith, account_number=12345678, bank_country_code=AU, bsb=1234567,...)</span>
                <span class="method-start">18768 ms</span>
              </div> <!-- test-method -->
              <div class="test-method">
                <span class="method-name">testBank({aba=123456789, account_name=John Swith, account_number=12345678, bank_country_code=AU, bsb=, case_d...)</span>
                <span class="method-start">19142 ms</span>
              </div> <!-- test-method -->
              <div class="test-method">
                <span class="method-name">testBank({aba=123456789, account_name=John Swith, account_number=12345678, bank_country_code=US, bsb=, case_d...)</span>
                <span class="method-start">19537 ms</span>
              </div> <!-- test-method -->
              <div class="test-method">
                <span class="method-name">testBank({aba=123456789, account_name=John Swith, account_number=12345678, bank_country_code=CN, bsb=, case_d...)</span>
                <span class="method-start">19912 ms</span>
              </div> <!-- test-method -->
              <div class="test-method">
                <span class="method-name">testBank({aba=123456789, account_name=John Swith, account_number=12345678, bank_country_code=US, bsb=123456, ...)</span>
                <span class="method-start">20287 ms</span>
              </div> <!-- test-method -->
              <div class="test-method">
                <span class="method-name">testBank({aba=12345678, account_name=John Swith, account_number=12345678, bank_country_code=US, bsb=12345, ca...)</span>
                <span class="method-start">21241 ms</span>
              </div> <!-- test-method -->
              <div class="test-method">
                <span class="method-name">testBank({aba=1234567890, account_name=John Swith, account_number=12345678, bank_country_code=US, bsb=1234567...)</span>
                <span class="method-start">21609 ms</span>
              </div> <!-- test-method -->
              <div class="test-method">
                <img src="failed.png">
                </img>
                <span class="method-name">testBank({aba=, account_name=John Swith, account_number=12345678, bank_country_code=US, bsb=123456, case_desc...)</span>
                <span class="method-start">21968 ms</span>
              </div> <!-- test-method -->
              <div class="test-method">
                <span class="method-name">testBank({aba=, account_name=John Swith, account_number=12345678, bank_country_code=AU, bsb=123456, case_desc...)</span>
                <span class="method-start">22311 ms</span>
              </div> <!-- test-method -->
              <div class="test-method">
                <span class="method-name">testBank({aba=, account_name=John Swith, account_number=12345678, bank_country_code=CN, bsb=123456, case_desc...)</span>
                <span class="method-start">22695 ms</span>
              </div> <!-- test-method -->
          </div> <!-- main-panel-content rounded-window-bottom -->
        </div> <!-- panel -->
      </div> <!-- main-panel-root -->
    </div> <!-- wrapper -->
  </body>
</html>
