<html>
<head>
<title>TestNG:  java test</title>
<link href="../testng.css" rel="stylesheet" type="text/css" />
<link href="../my-testng.css" rel="stylesheet" type="text/css" />

<style type="text/css">
.log { display: none;} 
.stack-trace { display: none;} 
</style>
<script type="text/javascript">
<!--
function flip(e) {
  current = e.style.display;
  if (current == 'block') {
    e.style.display = 'none';
    return 0;
  }
  else {
    e.style.display = 'block';
    return 1;
  }
}

function toggleBox(szDivId, elem, msg1, msg2)
{
  var res = -1;  if (document.getElementById) {
    res = flip(document.getElementById(szDivId));
  }
  else if (document.all) {
    // this is the way old msie versions work
    res = flip(document.all[szDivId]);
  }
  if(elem) {
    if(res == 0) elem.innerHTML = msg1; else elem.innerHTML = msg2;
  }

}

function toggleAllBoxes() {
  if (document.getElementsByTagName) {
    d = document.getElementsByTagName('div');
    for (i = 0; i < d.length; i++) {
      if (d[i].className == 'log') {
        flip(d[i]);
      }
    }
  }
}

// -->
</script>

</head>
<body>
<h2 align='center'>java test</h2><table border='1' align="center">
<tr>
<td>Tests passed/Failed/Skipped:</td><td>40/12/0</td>
</tr><tr>
<td>Started on:</td><td>Sun Dec 23 23:27:59 CST 2018</td>
</tr>
<tr><td>Total time:</td><td>23 seconds (23101 ms)</td>
</tr><tr>
<td>Included groups:</td><td></td>
</tr><tr>
<td>Excluded groups:</td><td></td>
</tr>
</table><p/>
<small><i>(Hover the method name to see the test class name)</i></small><p/>
<table width='100%' border='1' class='invocation-failed'>
<tr><td colspan='4' align='center'><b>FAILED TESTS</b></td></tr>
<tr><td><b>Test method</b></td>
<td width="30%"><b>Exception</b></td>
<td width="10%"><b>Time (seconds)</b></td>
<td><b>Instance</b></td>
</tr>
<tr>
<td title='com.airwallex.bank.BankTest.testBank()'><b>testBank</b><br>Test class: com.airwallex.bank.BankTest<br>Parameters: {aba=123456789, account_name=jack, account_number=, bank_country_code=US, bsb=123456, case_desc=bank_country_code‰∏∫US,account_number‰∏?0‰∏™Â≠óÁ¨¶‰∏≤,È¢ÑÊúüÂ§±Ë¥•, caseid=0000020, msg=Length of account_number should be between 1 and 11 when bank_country_code is 'US', payment_method=SWIFT, response_status=400, run=, swift_code=ICBCUSBJ}</td>
<td><div><pre>java.lang.AssertionError: expected [Length of account_number should be between 1 and 11 when bank_country_code is &apos;US&apos;] but found [&apos;account_number&apos; is required]
	at com.airwallex.bank.BankTest.testBank(BankTest.java:39)
	at org.apache.maven.surefire.testng.TestNGExecutor.run(TestNGExecutor.java:282)
	at org.apache.maven.surefire.testng.TestNGXmlTestSuite.execute(TestNGXmlTestSuite.java:83)
	at org.apache.maven.surefire.testng.TestNGProvider.invoke(TestNGProvider.java:114)
	at org.apache.maven.surefire.booter.ForkedBooter.invokeProviderInSameClassLoader(ForkedBooter.java:286)
	at org.apache.maven.surefire.booter.ForkedBooter.runSuitesInProcess(ForkedBooter.java:240)
	at org.apache.maven.surefire.booter.ForkedBooter.main(ForkedBooter.java:121)
... Removed 25 stack frames</pre></div><a href='#' onClick='toggleBox("stack-trace22671767", this, "Click to show all stack frames", "Click to hide stack frames")'>Click to show all stack frames</a>
<div class='stack-trace' id='stack-trace22671767'><pre>java.lang.AssertionError: expected [Length of account_number should be between 1 and 11 when bank_country_code is &apos;US&apos;] but found [&apos;account_number&apos; is required]
	at org.testng.Assert.fail(Assert.java:94)
	at org.testng.Assert.failNotEquals(Assert.java:494)
	at org.testng.Assert.assertEquals(Assert.java:123)
	at org.testng.Assert.assertEquals(Assert.java:176)
	at org.testng.Assert.assertEquals(Assert.java:186)
	at com.airwallex.bank.BankTest.testBank(BankTest.java:39)
	at sun.reflect.GeneratedMethodAccessor2.invoke(Unknown Source)
	at sun.reflect.DelegatingMethodAccessorImpl.invoke(DelegatingMethodAccessorImpl.java:43)
	at java.lang.reflect.Method.invoke(Method.java:498)
	at org.testng.internal.MethodInvocationHelper.invokeMethod(MethodInvocationHelper.java:80)
	at org.testng.internal.Invoker.invokeMethod(Invoker.java:714)
	at org.testng.internal.Invoker.invokeTestMethod(Invoker.java:901)
	at org.testng.internal.Invoker.invokeTestMethods(Invoker.java:1231)
	at org.testng.internal.TestMethodWorker.invokeTestMethods(TestMethodWorker.java:127)
	at org.testng.internal.TestMethodWorker.run(TestMethodWorker.java:111)
	at org.testng.TestRunner.privateRun(TestRunner.java:767)
	at org.testng.TestRunner.run(TestRunner.java:617)
	at org.testng.SuiteRunner.runTest(SuiteRunner.java:334)
	at org.testng.SuiteRunner.runSequentially(SuiteRunner.java:329)
	at org.testng.SuiteRunner.privateRun(SuiteRunner.java:291)
	at org.testng.SuiteRunner.run(SuiteRunner.java:240)
	at org.testng.SuiteRunnerWorker.runSuite(SuiteRunnerWorker.java:52)
	at org.testng.SuiteRunnerWorker.run(SuiteRunnerWorker.java:86)
	at org.testng.TestNG.runSuitesSequentially(TestNG.java:1198)
	at org.testng.TestNG.runSuitesLocally(TestNG.java:1123)
	at org.testng.TestNG.run(TestNG.java:1031)
	at org.apache.maven.surefire.testng.TestNGExecutor.run(TestNGExecutor.java:282)
	at org.apache.maven.surefire.testng.TestNGXmlTestSuite.execute(TestNGXmlTestSuite.java:83)
	at org.apache.maven.surefire.testng.TestNGProvider.invoke(TestNGProvider.java:114)
	at org.apache.maven.surefire.booter.ForkedBooter.invokeProviderInSameClassLoader(ForkedBooter.java:286)
	at org.apache.maven.surefire.booter.ForkedBooter.runSuitesInProcess(ForkedBooter.java:240)
	at org.apache.maven.surefire.booter.ForkedBooter.main(ForkedBooter.java:121)
</pre></div></td>
<td>0</td>
<td>com.airwallex.bank.BankTest@6b143ee9</td></tr>
<tr>
<td title='com.airwallex.bank.BankTest.testBank()'><b>testBank</b><br>Test class: com.airwallex.bank.BankTest<br>Parameters: {aba=123456789, account_name=jack, account_number=123456789012345678, bank_country_code=US, bsb=123456, case_desc=bank_country_code‰∏∫US,account_number‰∏?18‰∏™Â≠óÁ¨¶‰∏≤,È¢ÑÊúüÂ§±Ë¥•, caseid=0000021, msg=Length of account_number should be between 1 and 11 when bank_country_code is 'US', payment_method=SWIFT, response_status=400, run=, swift_code=ICBCUSBJ}</td>
<td><div><pre>java.lang.AssertionError: expected [Length of account_number should be between 1 and 11 when bank_country_code is &apos;US&apos;] but found [Length of account_number should be between 7 and 11 when bank_country_code is &apos;US&apos;]
	at com.airwallex.bank.BankTest.testBank(BankTest.java:39)
	at org.apache.maven.surefire.testng.TestNGExecutor.run(TestNGExecutor.java:282)
	at org.apache.maven.surefire.testng.TestNGXmlTestSuite.execute(TestNGXmlTestSuite.java:83)
	at org.apache.maven.surefire.testng.TestNGProvider.invoke(TestNGProvider.java:114)
	at org.apache.maven.surefire.booter.ForkedBooter.invokeProviderInSameClassLoader(ForkedBooter.java:286)
	at org.apache.maven.surefire.booter.ForkedBooter.runSuitesInProcess(ForkedBooter.java:240)
	at org.apache.maven.surefire.booter.ForkedBooter.main(ForkedBooter.java:121)
... Removed 25 stack frames</pre></div><a href='#' onClick='toggleBox("stack-trace98394724", this, "Click to show all stack frames", "Click to hide stack frames")'>Click to show all stack frames</a>
<div class='stack-trace' id='stack-trace98394724'><pre>java.lang.AssertionError: expected [Length of account_number should be between 1 and 11 when bank_country_code is &apos;US&apos;] but found [Length of account_number should be between 7 and 11 when bank_country_code is &apos;US&apos;]
	at org.testng.Assert.fail(Assert.java:94)
	at org.testng.Assert.failNotEquals(Assert.java:494)
	at org.testng.Assert.assertEquals(Assert.java:123)
	at org.testng.Assert.assertEquals(Assert.java:176)
	at org.testng.Assert.assertEquals(Assert.java:186)
	at com.airwallex.bank.BankTest.testBank(BankTest.java:39)
	at sun.reflect.GeneratedMethodAccessor2.invoke(Unknown Source)
	at sun.reflect.DelegatingMethodAccessorImpl.invoke(DelegatingMethodAccessorImpl.java:43)
	at java.lang.reflect.Method.invoke(Method.java:498)
	at org.testng.internal.MethodInvocationHelper.invokeMethod(MethodInvocationHelper.java:80)
	at org.testng.internal.Invoker.invokeMethod(Invoker.java:714)
	at org.testng.internal.Invoker.invokeTestMethod(Invoker.java:901)
	at org.testng.internal.Invoker.invokeTestMethods(Invoker.java:1231)
	at org.testng.internal.TestMethodWorker.invokeTestMethods(TestMethodWorker.java:127)
	at org.testng.internal.TestMethodWorker.run(TestMethodWorker.java:111)
	at org.testng.TestRunner.privateRun(TestRunner.java:767)
	at org.testng.TestRunner.run(TestRunner.java:617)
	at org.testng.SuiteRunner.runTest(SuiteRunner.java:334)
	at org.testng.SuiteRunner.runSequentially(SuiteRunner.java:329)
	at org.testng.SuiteRunner.privateRun(SuiteRunner.java:291)
	at org.testng.SuiteRunner.run(SuiteRunner.java:240)
	at org.testng.SuiteRunnerWorker.runSuite(SuiteRunnerWorker.java:52)
	at org.testng.SuiteRunnerWorker.run(SuiteRunnerWorker.java:86)
	at org.testng.TestNG.runSuitesSequentially(TestNG.java:1198)
	at org.testng.TestNG.runSuitesLocally(TestNG.java:1123)
	at org.testng.TestNG.run(TestNG.java:1031)
	at org.apache.maven.surefire.testng.TestNGExecutor.run(TestNGExecutor.java:282)
	at org.apache.maven.surefire.testng.TestNGXmlTestSuite.execute(TestNGXmlTestSuite.java:83)
	at org.apache.maven.surefire.testng.TestNGProvider.invoke(TestNGProvider.java:114)
	at org.apache.maven.surefire.booter.ForkedBooter.invokeProviderInSameClassLoader(ForkedBooter.java:286)
	at org.apache.maven.surefire.booter.ForkedBooter.runSuitesInProcess(ForkedBooter.java:240)
	at org.apache.maven.surefire.booter.ForkedBooter.main(ForkedBooter.java:121)
</pre></div></td>
<td>0</td>
<td>com.airwallex.bank.BankTest@6b143ee9</td></tr>
<tr>
<td title='com.airwallex.bank.BankTest.testBank()'><b>testBank</b><br>Test class: com.airwallex.bank.BankTest<br>Parameters: {aba=123456789, account_name=jack, account_number=12345, bank_country_code=AU, bsb=123456, case_desc=bank_country_code‰∏∫AU,account_number‰∏?5‰∏™Â≠óÁ¨¶‰∏≤,È¢ÑÊúüÂ§±Ë¥•, caseid=0000024, msg=Bank details saved, payment_method=SWIFT, response_status=400, run=, swift_code=ICBCAUBJ}</td>
<td><div><pre>java.lang.AssertionError: expected [Bank details saved] but found [Length of account_number should be between 7 and 11 when bank_country_code is &apos;US&apos;]
	at com.airwallex.bank.BankTest.testBank(BankTest.java:39)
	at org.apache.maven.surefire.testng.TestNGExecutor.run(TestNGExecutor.java:282)
	at org.apache.maven.surefire.testng.TestNGXmlTestSuite.execute(TestNGXmlTestSuite.java:83)
	at org.apache.maven.surefire.testng.TestNGProvider.invoke(TestNGProvider.java:114)
	at org.apache.maven.surefire.booter.ForkedBooter.invokeProviderInSameClassLoader(ForkedBooter.java:286)
	at org.apache.maven.surefire.booter.ForkedBooter.runSuitesInProcess(ForkedBooter.java:240)
	at org.apache.maven.surefire.booter.ForkedBooter.main(ForkedBooter.java:121)
... Removed 25 stack frames</pre></div><a href='#' onClick='toggleBox("stack-trace1472465", this, "Click to show all stack frames", "Click to hide stack frames")'>Click to show all stack frames</a>
<div class='stack-trace' id='stack-trace1472465'><pre>java.lang.AssertionError: expected [Bank details saved] but found [Length of account_number should be between 7 and 11 when bank_country_code is &apos;US&apos;]
	at org.testng.Assert.fail(Assert.java:94)
	at org.testng.Assert.failNotEquals(Assert.java:494)
	at org.testng.Assert.assertEquals(Assert.java:123)
	at org.testng.Assert.assertEquals(Assert.java:176)
	at org.testng.Assert.assertEquals(Assert.java:186)
	at com.airwallex.bank.BankTest.testBank(BankTest.java:39)
	at sun.reflect.GeneratedMethodAccessor2.invoke(Unknown Source)
	at sun.reflect.DelegatingMethodAccessorImpl.invoke(DelegatingMethodAccessorImpl.java:43)
	at java.lang.reflect.Method.invoke(Method.java:498)
	at org.testng.internal.MethodInvocationHelper.invokeMethod(MethodInvocationHelper.java:80)
	at org.testng.internal.Invoker.invokeMethod(Invoker.java:714)
	at org.testng.internal.Invoker.invokeTestMethod(Invoker.java:901)
	at org.testng.internal.Invoker.invokeTestMethods(Invoker.java:1231)
	at org.testng.internal.TestMethodWorker.invokeTestMethods(TestMethodWorker.java:127)
	at org.testng.internal.TestMethodWorker.run(TestMethodWorker.java:111)
	at org.testng.TestRunner.privateRun(TestRunner.java:767)
	at org.testng.TestRunner.run(TestRunner.java:617)
	at org.testng.SuiteRunner.runTest(SuiteRunner.java:334)
	at org.testng.SuiteRunner.runSequentially(SuiteRunner.java:329)
	at org.testng.SuiteRunner.privateRun(SuiteRunner.java:291)
	at org.testng.SuiteRunner.run(SuiteRunner.java:240)
	at org.testng.SuiteRunnerWorker.runSuite(SuiteRunnerWorker.java:52)
	at org.testng.SuiteRunnerWorker.run(SuiteRunnerWorker.java:86)
	at org.testng.TestNG.runSuitesSequentially(TestNG.java:1198)
	at org.testng.TestNG.runSuitesLocally(TestNG.java:1123)
	at org.testng.TestNG.run(TestNG.java:1031)
	at org.apache.maven.surefire.testng.TestNGExecutor.run(TestNGExecutor.java:282)
	at org.apache.maven.surefire.testng.TestNGXmlTestSuite.execute(TestNGXmlTestSuite.java:83)
	at org.apache.maven.surefire.testng.TestNGProvider.invoke(TestNGProvider.java:114)
	at org.apache.maven.surefire.booter.ForkedBooter.invokeProviderInSameClassLoader(ForkedBooter.java:286)
	at org.apache.maven.surefire.booter.ForkedBooter.runSuitesInProcess(ForkedBooter.java:240)
	at org.apache.maven.surefire.booter.ForkedBooter.main(ForkedBooter.java:121)
</pre></div></td>
<td>0</td>
<td>com.airwallex.bank.BankTest@6b143ee9</td></tr>
<tr>
<td title='com.airwallex.bank.BankTest.testBank()'><b>testBank</b><br>Test class: com.airwallex.bank.BankTest<br>Parameters: {aba=123456789, account_name=jack, account_number=1234567890, bank_country_code=AU, bsb=123456, case_desc=bank_country_code‰∏∫AU,account_number‰∏?10‰∏™Â≠óÁ¨¶‰∏≤,È¢ÑÊúüÂ§±Ë¥•, caseid=0000025, msg=Bank details saved, payment_method=SWIFT, response_status=400, run=, swift_code=ICBCAUBJ}</td>
<td><div><pre>java.lang.AssertionError: expected [Bank details saved] but found [Length of account_number should be between 7 and 11 when bank_country_code is &apos;US&apos;]
	at com.airwallex.bank.BankTest.testBank(BankTest.java:39)
	at org.apache.maven.surefire.testng.TestNGExecutor.run(TestNGExecutor.java:282)
	at org.apache.maven.surefire.testng.TestNGXmlTestSuite.execute(TestNGXmlTestSuite.java:83)
	at org.apache.maven.surefire.testng.TestNGProvider.invoke(TestNGProvider.java:114)
	at org.apache.maven.surefire.booter.ForkedBooter.invokeProviderInSameClassLoader(ForkedBooter.java:286)
	at org.apache.maven.surefire.booter.ForkedBooter.runSuitesInProcess(ForkedBooter.java:240)
	at org.apache.maven.surefire.booter.ForkedBooter.main(ForkedBooter.java:121)
... Removed 25 stack frames</pre></div><a href='#' onClick='toggleBox("stack-trace1791045777", this, "Click to show all stack frames", "Click to hide stack frames")'>Click to show all stack frames</a>
<div class='stack-trace' id='stack-trace1791045777'><pre>java.lang.AssertionError: expected [Bank details saved] but found [Length of account_number should be between 7 and 11 when bank_country_code is &apos;US&apos;]
	at org.testng.Assert.fail(Assert.java:94)
	at org.testng.Assert.failNotEquals(Assert.java:494)
	at org.testng.Assert.assertEquals(Assert.java:123)
	at org.testng.Assert.assertEquals(Assert.java:176)
	at org.testng.Assert.assertEquals(Assert.java:186)
	at com.airwallex.bank.BankTest.testBank(BankTest.java:39)
	at sun.reflect.GeneratedMethodAccessor2.invoke(Unknown Source)
	at sun.reflect.DelegatingMethodAccessorImpl.invoke(DelegatingMethodAccessorImpl.java:43)
	at java.lang.reflect.Method.invoke(Method.java:498)
	at org.testng.internal.MethodInvocationHelper.invokeMethod(MethodInvocationHelper.java:80)
	at org.testng.internal.Invoker.invokeMethod(Invoker.java:714)
	at org.testng.internal.Invoker.invokeTestMethod(Invoker.java:901)
	at org.testng.internal.Invoker.invokeTestMethods(Invoker.java:1231)
	at org.testng.internal.TestMethodWorker.invokeTestMethods(TestMethodWorker.java:127)
	at org.testng.internal.TestMethodWorker.run(TestMethodWorker.java:111)
	at org.testng.TestRunner.privateRun(TestRunner.java:767)
	at org.testng.TestRunner.run(TestRunner.java:617)
	at org.testng.SuiteRunner.runTest(SuiteRunner.java:334)
	at org.testng.SuiteRunner.runSequentially(SuiteRunner.java:329)
	at org.testng.SuiteRunner.privateRun(SuiteRunner.java:291)
	at org.testng.SuiteRunner.run(SuiteRunner.java:240)
	at org.testng.SuiteRunnerWorker.runSuite(SuiteRunnerWorker.java:52)
	at org.testng.SuiteRunnerWorker.run(SuiteRunnerWorker.java:86)
	at org.testng.TestNG.runSuitesSequentially(TestNG.java:1198)
	at org.testng.TestNG.runSuitesLocally(TestNG.java:1123)
	at org.testng.TestNG.run(TestNG.java:1031)
	at org.apache.maven.surefire.testng.TestNGExecutor.run(TestNGExecutor.java:282)
	at org.apache.maven.surefire.testng.TestNGXmlTestSuite.execute(TestNGXmlTestSuite.java:83)
	at org.apache.maven.surefire.testng.TestNGProvider.invoke(TestNGProvider.java:114)
	at org.apache.maven.surefire.booter.ForkedBooter.invokeProviderInSameClassLoader(ForkedBooter.java:286)
	at org.apache.maven.surefire.booter.ForkedBooter.runSuitesInProcess(ForkedBooter.java:240)
	at org.apache.maven.surefire.booter.ForkedBooter.main(ForkedBooter.java:121)
</pre></div></td>
<td>0</td>
<td>com.airwallex.bank.BankTest@6b143ee9</td></tr>
<tr>
<td title='com.airwallex.bank.BankTest.testBank()'><b>testBank</b><br>Test class: com.airwallex.bank.BankTest<br>Parameters: {aba=123456789, account_name=jack, account_number=12345678901234567890, bank_country_code=CN, bsb=123456, case_desc=bank_country_code‰∏∫CN,account_number‰∏?20‰∏™Â≠óÁ¨¶‰∏≤,È¢ÑÊúüÊàêÂäü, caseid=0000027, msg=Bank details saved, payment_method=SWIFT, response_status=200, run=, swift_code=ICBCCNBJ}</td>
<td><div><pre>java.lang.AssertionError: expected [200] but found [400]
	at com.airwallex.bank.BankTest.testBank(BankTest.java:38)
	at org.apache.maven.surefire.testng.TestNGExecutor.run(TestNGExecutor.java:282)
	at org.apache.maven.surefire.testng.TestNGXmlTestSuite.execute(TestNGXmlTestSuite.java:83)
	at org.apache.maven.surefire.testng.TestNGProvider.invoke(TestNGProvider.java:114)
	at org.apache.maven.surefire.booter.ForkedBooter.invokeProviderInSameClassLoader(ForkedBooter.java:286)
	at org.apache.maven.surefire.booter.ForkedBooter.runSuitesInProcess(ForkedBooter.java:240)
	at org.apache.maven.surefire.booter.ForkedBooter.main(ForkedBooter.java:121)
... Removed 25 stack frames</pre></div><a href='#' onClick='toggleBox("stack-trace370440646", this, "Click to show all stack frames", "Click to hide stack frames")'>Click to show all stack frames</a>
<div class='stack-trace' id='stack-trace370440646'><pre>java.lang.AssertionError: expected [200] but found [400]
	at org.testng.Assert.fail(Assert.java:94)
	at org.testng.Assert.failNotEquals(Assert.java:494)
	at org.testng.Assert.assertEquals(Assert.java:123)
	at org.testng.Assert.assertEquals(Assert.java:176)
	at org.testng.Assert.assertEquals(Assert.java:186)
	at com.airwallex.bank.BankTest.testBank(BankTest.java:38)
	at sun.reflect.GeneratedMethodAccessor2.invoke(Unknown Source)
	at sun.reflect.DelegatingMethodAccessorImpl.invoke(DelegatingMethodAccessorImpl.java:43)
	at java.lang.reflect.Method.invoke(Method.java:498)
	at org.testng.internal.MethodInvocationHelper.invokeMethod(MethodInvocationHelper.java:80)
	at org.testng.internal.Invoker.invokeMethod(Invoker.java:714)
	at org.testng.internal.Invoker.invokeTestMethod(Invoker.java:901)
	at org.testng.internal.Invoker.invokeTestMethods(Invoker.java:1231)
	at org.testng.internal.TestMethodWorker.invokeTestMethods(TestMethodWorker.java:127)
	at org.testng.internal.TestMethodWorker.run(TestMethodWorker.java:111)
	at org.testng.TestRunner.privateRun(TestRunner.java:767)
	at org.testng.TestRunner.run(TestRunner.java:617)
	at org.testng.SuiteRunner.runTest(SuiteRunner.java:334)
	at org.testng.SuiteRunner.runSequentially(SuiteRunner.java:329)
	at org.testng.SuiteRunner.privateRun(SuiteRunner.java:291)
	at org.testng.SuiteRunner.run(SuiteRunner.java:240)
	at org.testng.SuiteRunnerWorker.runSuite(SuiteRunnerWorker.java:52)
	at org.testng.SuiteRunnerWorker.run(SuiteRunnerWorker.java:86)
	at org.testng.TestNG.runSuitesSequentially(TestNG.java:1198)
	at org.testng.TestNG.runSuitesLocally(TestNG.java:1123)
	at org.testng.TestNG.run(TestNG.java:1031)
	at org.apache.maven.surefire.testng.TestNGExecutor.run(TestNGExecutor.java:282)
	at org.apache.maven.surefire.testng.TestNGXmlTestSuite.execute(TestNGXmlTestSuite.java:83)
	at org.apache.maven.surefire.testng.TestNGProvider.invoke(TestNGProvider.java:114)
	at org.apache.maven.surefire.booter.ForkedBooter.invokeProviderInSameClassLoader(ForkedBooter.java:286)
	at org.apache.maven.surefire.booter.ForkedBooter.runSuitesInProcess(ForkedBooter.java:240)
	at org.apache.maven.surefire.booter.ForkedBooter.main(ForkedBooter.java:121)
</pre></div></td>
<td>0</td>
<td>com.airwallex.bank.BankTest@6b143ee9</td></tr>
<tr>
<td title='com.airwallex.bank.BankTest.testBank()'><b>testBank</b><br>Test class: com.airwallex.bank.BankTest<br>Parameters: {aba=123456789, account_name=jack, account_number=1234567, bank_country_code=CN, bsb=123456, case_desc=bank_country_code‰∏∫CN,account_number‰∏?7‰∏™Â≠óÁ¨¶‰∏≤,È¢ÑÊúüÂ§±Ë¥•, caseid=0000028, msg=xxx, payment_method=SWIFT, response_status=400, run=, swift_code=ICBCCNBJ}</td>
<td><div><pre>java.lang.AssertionError: expected [400] but found [200]
	at com.airwallex.bank.BankTest.testBank(BankTest.java:38)
	at org.apache.maven.surefire.testng.TestNGExecutor.run(TestNGExecutor.java:282)
	at org.apache.maven.surefire.testng.TestNGXmlTestSuite.execute(TestNGXmlTestSuite.java:83)
	at org.apache.maven.surefire.testng.TestNGProvider.invoke(TestNGProvider.java:114)
	at org.apache.maven.surefire.booter.ForkedBooter.invokeProviderInSameClassLoader(ForkedBooter.java:286)
	at org.apache.maven.surefire.booter.ForkedBooter.runSuitesInProcess(ForkedBooter.java:240)
	at org.apache.maven.surefire.booter.ForkedBooter.main(ForkedBooter.java:121)
... Removed 25 stack frames</pre></div><a href='#' onClick='toggleBox("stack-trace2130772866", this, "Click to show all stack frames", "Click to hide stack frames")'>Click to show all stack frames</a>
<div class='stack-trace' id='stack-trace2130772866'><pre>java.lang.AssertionError: expected [400] but found [200]
	at org.testng.Assert.fail(Assert.java:94)
	at org.testng.Assert.failNotEquals(Assert.java:494)
	at org.testng.Assert.assertEquals(Assert.java:123)
	at org.testng.Assert.assertEquals(Assert.java:176)
	at org.testng.Assert.assertEquals(Assert.java:186)
	at com.airwallex.bank.BankTest.testBank(BankTest.java:38)
	at sun.reflect.GeneratedMethodAccessor2.invoke(Unknown Source)
	at sun.reflect.DelegatingMethodAccessorImpl.invoke(DelegatingMethodAccessorImpl.java:43)
	at java.lang.reflect.Method.invoke(Method.java:498)
	at org.testng.internal.MethodInvocationHelper.invokeMethod(MethodInvocationHelper.java:80)
	at org.testng.internal.Invoker.invokeMethod(Invoker.java:714)
	at org.testng.internal.Invoker.invokeTestMethod(Invoker.java:901)
	at org.testng.internal.Invoker.invokeTestMethods(Invoker.java:1231)
	at org.testng.internal.TestMethodWorker.invokeTestMethods(TestMethodWorker.java:127)
	at org.testng.internal.TestMethodWorker.run(TestMethodWorker.java:111)
	at org.testng.TestRunner.privateRun(TestRunner.java:767)
	at org.testng.TestRunner.run(TestRunner.java:617)
	at org.testng.SuiteRunner.runTest(SuiteRunner.java:334)
	at org.testng.SuiteRunner.runSequentially(SuiteRunner.java:329)
	at org.testng.SuiteRunner.privateRun(SuiteRunner.java:291)
	at org.testng.SuiteRunner.run(SuiteRunner.java:240)
	at org.testng.SuiteRunnerWorker.runSuite(SuiteRunnerWorker.java:52)
	at org.testng.SuiteRunnerWorker.run(SuiteRunnerWorker.java:86)
	at org.testng.TestNG.runSuitesSequentially(TestNG.java:1198)
	at org.testng.TestNG.runSuitesLocally(TestNG.java:1123)
	at org.testng.TestNG.run(TestNG.java:1031)
	at org.apache.maven.surefire.testng.TestNGExecutor.run(TestNGExecutor.java:282)
	at org.apache.maven.surefire.testng.TestNGXmlTestSuite.execute(TestNGXmlTestSuite.java:83)
	at org.apache.maven.surefire.testng.TestNGProvider.invoke(TestNGProvider.java:114)
	at org.apache.maven.surefire.booter.ForkedBooter.invokeProviderInSameClassLoader(ForkedBooter.java:286)
	at org.apache.maven.surefire.booter.ForkedBooter.runSuitesInProcess(ForkedBooter.java:240)
	at org.apache.maven.surefire.booter.ForkedBooter.main(ForkedBooter.java:121)
</pre></div></td>
<td>0</td>
<td>com.airwallex.bank.BankTest@6b143ee9</td></tr>
<tr>
<td title='com.airwallex.bank.BankTest.testBank()'><b>testBank</b><br>Test class: com.airwallex.bank.BankTest<br>Parameters: {aba=123456789, account_name=jack, account_number=12345678901234567890, bank_country_code=CN, bsb=123456, case_desc=bank_country_code‰∏∫CN,account_number‰∏?21‰∏™Â≠óÁ¨¶‰∏≤,È¢ÑÊúüÂ§±Ë¥•, caseid=0000029, msg=Bank details saved, payment_method=SWIFT, response_status=400, run=, swift_code=ICBCCNBJ}</td>
<td><div><pre>java.lang.AssertionError: expected [Bank details saved] but found [Length of account_number should be between 7 and 11 when bank_country_code is &apos;US&apos;]
	at com.airwallex.bank.BankTest.testBank(BankTest.java:39)
	at org.apache.maven.surefire.testng.TestNGExecutor.run(TestNGExecutor.java:282)
	at org.apache.maven.surefire.testng.TestNGXmlTestSuite.execute(TestNGXmlTestSuite.java:83)
	at org.apache.maven.surefire.testng.TestNGProvider.invoke(TestNGProvider.java:114)
	at org.apache.maven.surefire.booter.ForkedBooter.invokeProviderInSameClassLoader(ForkedBooter.java:286)
	at org.apache.maven.surefire.booter.ForkedBooter.runSuitesInProcess(ForkedBooter.java:240)
	at org.apache.maven.surefire.booter.ForkedBooter.main(ForkedBooter.java:121)
... Removed 25 stack frames</pre></div><a href='#' onClick='toggleBox("stack-trace728739494", this, "Click to show all stack frames", "Click to hide stack frames")'>Click to show all stack frames</a>
<div class='stack-trace' id='stack-trace728739494'><pre>java.lang.AssertionError: expected [Bank details saved] but found [Length of account_number should be between 7 and 11 when bank_country_code is &apos;US&apos;]
	at org.testng.Assert.fail(Assert.java:94)
	at org.testng.Assert.failNotEquals(Assert.java:494)
	at org.testng.Assert.assertEquals(Assert.java:123)
	at org.testng.Assert.assertEquals(Assert.java:176)
	at org.testng.Assert.assertEquals(Assert.java:186)
	at com.airwallex.bank.BankTest.testBank(BankTest.java:39)
	at sun.reflect.GeneratedMethodAccessor2.invoke(Unknown Source)
	at sun.reflect.DelegatingMethodAccessorImpl.invoke(DelegatingMethodAccessorImpl.java:43)
	at java.lang.reflect.Method.invoke(Method.java:498)
	at org.testng.internal.MethodInvocationHelper.invokeMethod(MethodInvocationHelper.java:80)
	at org.testng.internal.Invoker.invokeMethod(Invoker.java:714)
	at org.testng.internal.Invoker.invokeTestMethod(Invoker.java:901)
	at org.testng.internal.Invoker.invokeTestMethods(Invoker.java:1231)
	at org.testng.internal.TestMethodWorker.invokeTestMethods(TestMethodWorker.java:127)
	at org.testng.internal.TestMethodWorker.run(TestMethodWorker.java:111)
	at org.testng.TestRunner.privateRun(TestRunner.java:767)
	at org.testng.TestRunner.run(TestRunner.java:617)
	at org.testng.SuiteRunner.runTest(SuiteRunner.java:334)
	at org.testng.SuiteRunner.runSequentially(SuiteRunner.java:329)
	at org.testng.SuiteRunner.privateRun(SuiteRunner.java:291)
	at org.testng.SuiteRunner.run(SuiteRunner.java:240)
	at org.testng.SuiteRunnerWorker.runSuite(SuiteRunnerWorker.java:52)
	at org.testng.SuiteRunnerWorker.run(SuiteRunnerWorker.java:86)
	at org.testng.TestNG.runSuitesSequentially(TestNG.java:1198)
	at org.testng.TestNG.runSuitesLocally(TestNG.java:1123)
	at org.testng.TestNG.run(TestNG.java:1031)
	at org.apache.maven.surefire.testng.TestNGExecutor.run(TestNGExecutor.java:282)
	at org.apache.maven.surefire.testng.TestNGXmlTestSuite.execute(TestNGXmlTestSuite.java:83)
	at org.apache.maven.surefire.testng.TestNGProvider.invoke(TestNGProvider.java:114)
	at org.apache.maven.surefire.booter.ForkedBooter.invokeProviderInSameClassLoader(ForkedBooter.java:286)
	at org.apache.maven.surefire.booter.ForkedBooter.runSuitesInProcess(ForkedBooter.java:240)
	at org.apache.maven.surefire.booter.ForkedBooter.main(ForkedBooter.java:121)
</pre></div></td>
<td>0</td>
<td>com.airwallex.bank.BankTest@6b143ee9</td></tr>
<tr>
<td title='com.airwallex.bank.BankTest.testBank()'><b>testBank</b><br>Test class: com.airwallex.bank.BankTest<br>Parameters: {aba=123456789, account_name=John Swith, account_number=123, bank_country_code=US, bsb=123456, case_desc=swift_codeÁ¨?5‰ΩçÂíåÁ¨?6‰Ωç‰∏ébank contry code‰∏çÂåπÈÖ?(ÂΩìbank contry code‰∏∫AU),È¢ÑÊúüÂ§±Ë¥•, caseid=0000035, msg=The swift code is not valid for the given bank country code: AU, payment_method=SWIFT, response_status=400, run=, swift_code=ICBCAUBJ}</td>
<td><div><pre>java.lang.AssertionError: expected [The swift code is not valid for the given bank country code: AU] but found [The swift code is not valid for the given bank country code: US]
	at com.airwallex.bank.BankTest.testBank(BankTest.java:39)
	at org.apache.maven.surefire.testng.TestNGExecutor.run(TestNGExecutor.java:282)
	at org.apache.maven.surefire.testng.TestNGXmlTestSuite.execute(TestNGXmlTestSuite.java:83)
	at org.apache.maven.surefire.testng.TestNGProvider.invoke(TestNGProvider.java:114)
	at org.apache.maven.surefire.booter.ForkedBooter.invokeProviderInSameClassLoader(ForkedBooter.java:286)
	at org.apache.maven.surefire.booter.ForkedBooter.runSuitesInProcess(ForkedBooter.java:240)
	at org.apache.maven.surefire.booter.ForkedBooter.main(ForkedBooter.java:121)
... Removed 25 stack frames</pre></div><a href='#' onClick='toggleBox("stack-trace1264213713", this, "Click to show all stack frames", "Click to hide stack frames")'>Click to show all stack frames</a>
<div class='stack-trace' id='stack-trace1264213713'><pre>java.lang.AssertionError: expected [The swift code is not valid for the given bank country code: AU] but found [The swift code is not valid for the given bank country code: US]
	at org.testng.Assert.fail(Assert.java:94)
	at org.testng.Assert.failNotEquals(Assert.java:494)
	at org.testng.Assert.assertEquals(Assert.java:123)
	at org.testng.Assert.assertEquals(Assert.java:176)
	at org.testng.Assert.assertEquals(Assert.java:186)
	at com.airwallex.bank.BankTest.testBank(BankTest.java:39)
	at sun.reflect.GeneratedMethodAccessor2.invoke(Unknown Source)
	at sun.reflect.DelegatingMethodAccessorImpl.invoke(DelegatingMethodAccessorImpl.java:43)
	at java.lang.reflect.Method.invoke(Method.java:498)
	at org.testng.internal.MethodInvocationHelper.invokeMethod(MethodInvocationHelper.java:80)
	at org.testng.internal.Invoker.invokeMethod(Invoker.java:714)
	at org.testng.internal.Invoker.invokeTestMethod(Invoker.java:901)
	at org.testng.internal.Invoker.invokeTestMethods(Invoker.java:1231)
	at org.testng.internal.TestMethodWorker.invokeTestMethods(TestMethodWorker.java:127)
	at org.testng.internal.TestMethodWorker.run(TestMethodWorker.java:111)
	at org.testng.TestRunner.privateRun(TestRunner.java:767)
	at org.testng.TestRunner.run(TestRunner.java:617)
	at org.testng.SuiteRunner.runTest(SuiteRunner.java:334)
	at org.testng.SuiteRunner.runSequentially(SuiteRunner.java:329)
	at org.testng.SuiteRunner.privateRun(SuiteRunner.java:291)
	at org.testng.SuiteRunner.run(SuiteRunner.java:240)
	at org.testng.SuiteRunnerWorker.runSuite(SuiteRunnerWorker.java:52)
	at org.testng.SuiteRunnerWorker.run(SuiteRunnerWorker.java:86)
	at org.testng.TestNG.runSuitesSequentially(TestNG.java:1198)
	at org.testng.TestNG.runSuitesLocally(TestNG.java:1123)
	at org.testng.TestNG.run(TestNG.java:1031)
	at org.apache.maven.surefire.testng.TestNGExecutor.run(TestNGExecutor.java:282)
	at org.apache.maven.surefire.testng.TestNGXmlTestSuite.execute(TestNGXmlTestSuite.java:83)
	at org.apache.maven.surefire.testng.TestNGProvider.invoke(TestNGProvider.java:114)
	at org.apache.maven.surefire.booter.ForkedBooter.invokeProviderInSameClassLoader(ForkedBooter.java:286)
	at org.apache.maven.surefire.booter.ForkedBooter.runSuitesInProcess(ForkedBooter.java:240)
	at org.apache.maven.surefire.booter.ForkedBooter.main(ForkedBooter.java:121)
</pre></div></td>
<td>0</td>
<td>com.airwallex.bank.BankTest@6b143ee9</td></tr>
<tr>
<td title='com.airwallex.bank.BankTest.testBank()'><b>testBank</b><br>Test class: com.airwallex.bank.BankTest<br>Parameters: {aba=123456789, account_name=John Swith, account_number=123, bank_country_code=US, bsb=123456, case_desc=swift_codeÁ¨?5‰ΩçÂíåÁ¨?6‰Ωç‰∏ébank contry code‰∏çÂåπÈÖ?(ÂΩìbank contry code‰∏∫CN),È¢ÑÊúüÂ§±Ë¥•, caseid=0000036, msg=The swift code is not valid for the given bank country code: CN, payment_method=SWIFT, response_status=400, run=, swift_code=ICBCAUBJ}</td>
<td><div><pre>java.lang.AssertionError: expected [The swift code is not valid for the given bank country code: CN] but found [The swift code is not valid for the given bank country code: US]
	at com.airwallex.bank.BankTest.testBank(BankTest.java:39)
	at org.apache.maven.surefire.testng.TestNGExecutor.run(TestNGExecutor.java:282)
	at org.apache.maven.surefire.testng.TestNGXmlTestSuite.execute(TestNGXmlTestSuite.java:83)
	at org.apache.maven.surefire.testng.TestNGProvider.invoke(TestNGProvider.java:114)
	at org.apache.maven.surefire.booter.ForkedBooter.invokeProviderInSameClassLoader(ForkedBooter.java:286)
	at org.apache.maven.surefire.booter.ForkedBooter.runSuitesInProcess(ForkedBooter.java:240)
	at org.apache.maven.surefire.booter.ForkedBooter.main(ForkedBooter.java:121)
... Removed 25 stack frames</pre></div><a href='#' onClick='toggleBox("stack-trace1019384604", this, "Click to show all stack frames", "Click to hide stack frames")'>Click to show all stack frames</a>
<div class='stack-trace' id='stack-trace1019384604'><pre>java.lang.AssertionError: expected [The swift code is not valid for the given bank country code: CN] but found [The swift code is not valid for the given bank country code: US]
	at org.testng.Assert.fail(Assert.java:94)
	at org.testng.Assert.failNotEquals(Assert.java:494)
	at org.testng.Assert.assertEquals(Assert.java:123)
	at org.testng.Assert.assertEquals(Assert.java:176)
	at org.testng.Assert.assertEquals(Assert.java:186)
	at com.airwallex.bank.BankTest.testBank(BankTest.java:39)
	at sun.reflect.GeneratedMethodAccessor2.invoke(Unknown Source)
	at sun.reflect.DelegatingMethodAccessorImpl.invoke(DelegatingMethodAccessorImpl.java:43)
	at java.lang.reflect.Method.invoke(Method.java:498)
	at org.testng.internal.MethodInvocationHelper.invokeMethod(MethodInvocationHelper.java:80)
	at org.testng.internal.Invoker.invokeMethod(Invoker.java:714)
	at org.testng.internal.Invoker.invokeTestMethod(Invoker.java:901)
	at org.testng.internal.Invoker.invokeTestMethods(Invoker.java:1231)
	at org.testng.internal.TestMethodWorker.invokeTestMethods(TestMethodWorker.java:127)
	at org.testng.internal.TestMethodWorker.run(TestMethodWorker.java:111)
	at org.testng.TestRunner.privateRun(TestRunner.java:767)
	at org.testng.TestRunner.run(TestRunner.java:617)
	at org.testng.SuiteRunner.runTest(SuiteRunner.java:334)
	at org.testng.SuiteRunner.runSequentially(SuiteRunner.java:329)
	at org.testng.SuiteRunner.privateRun(SuiteRunner.java:291)
	at org.testng.SuiteRunner.run(SuiteRunner.java:240)
	at org.testng.SuiteRunnerWorker.runSuite(SuiteRunnerWorker.java:52)
	at org.testng.SuiteRunnerWorker.run(SuiteRunnerWorker.java:86)
	at org.testng.TestNG.runSuitesSequentially(TestNG.java:1198)
	at org.testng.TestNG.runSuitesLocally(TestNG.java:1123)
	at org.testng.TestNG.run(TestNG.java:1031)
	at org.apache.maven.surefire.testng.TestNGExecutor.run(TestNGExecutor.java:282)
	at org.apache.maven.surefire.testng.TestNGXmlTestSuite.execute(TestNGXmlTestSuite.java:83)
	at org.apache.maven.surefire.testng.TestNGProvider.invoke(TestNGProvider.java:114)
	at org.apache.maven.surefire.booter.ForkedBooter.invokeProviderInSameClassLoader(ForkedBooter.java:286)
	at org.apache.maven.surefire.booter.ForkedBooter.runSuitesInProcess(ForkedBooter.java:240)
	at org.apache.maven.surefire.booter.ForkedBooter.main(ForkedBooter.java:121)
</pre></div></td>
<td>0</td>
<td>com.airwallex.bank.BankTest@6b143ee9</td></tr>
<tr>
<td title='com.airwallex.bank.BankTest.testBank()'><b>testBank</b><br>Test class: com.airwallex.bank.BankTest<br>Parameters: {aba=123456789, account_name=John Swith, account_number=123, bank_country_code=US, bsb=123456, case_desc=swift_code‰∏?9‰Ω?,È¢ÑÊúüÂ§±Ë¥•US, caseid=0000039, msg=error, payment_method=SWIFT, response_status=400, run=, swift_code=ICBCUSBJA}</td>
<td><div><pre>java.lang.AssertionError: expected [400] but found [200]
	at com.airwallex.bank.BankTest.testBank(BankTest.java:38)
	at org.apache.maven.surefire.testng.TestNGExecutor.run(TestNGExecutor.java:282)
	at org.apache.maven.surefire.testng.TestNGXmlTestSuite.execute(TestNGXmlTestSuite.java:83)
	at org.apache.maven.surefire.testng.TestNGProvider.invoke(TestNGProvider.java:114)
	at org.apache.maven.surefire.booter.ForkedBooter.invokeProviderInSameClassLoader(ForkedBooter.java:286)
	at org.apache.maven.surefire.booter.ForkedBooter.runSuitesInProcess(ForkedBooter.java:240)
	at org.apache.maven.surefire.booter.ForkedBooter.main(ForkedBooter.java:121)
... Removed 25 stack frames</pre></div><a href='#' onClick='toggleBox("stack-trace2061347276", this, "Click to show all stack frames", "Click to hide stack frames")'>Click to show all stack frames</a>
<div class='stack-trace' id='stack-trace2061347276'><pre>java.lang.AssertionError: expected [400] but found [200]
	at org.testng.Assert.fail(Assert.java:94)
	at org.testng.Assert.failNotEquals(Assert.java:494)
	at org.testng.Assert.assertEquals(Assert.java:123)
	at org.testng.Assert.assertEquals(Assert.java:176)
	at org.testng.Assert.assertEquals(Assert.java:186)
	at com.airwallex.bank.BankTest.testBank(BankTest.java:38)
	at sun.reflect.GeneratedMethodAccessor2.invoke(Unknown Source)
	at sun.reflect.DelegatingMethodAccessorImpl.invoke(DelegatingMethodAccessorImpl.java:43)
	at java.lang.reflect.Method.invoke(Method.java:498)
	at org.testng.internal.MethodInvocationHelper.invokeMethod(MethodInvocationHelper.java:80)
	at org.testng.internal.Invoker.invokeMethod(Invoker.java:714)
	at org.testng.internal.Invoker.invokeTestMethod(Invoker.java:901)
	at org.testng.internal.Invoker.invokeTestMethods(Invoker.java:1231)
	at org.testng.internal.TestMethodWorker.invokeTestMethods(TestMethodWorker.java:127)
	at org.testng.internal.TestMethodWorker.run(TestMethodWorker.java:111)
	at org.testng.TestRunner.privateRun(TestRunner.java:767)
	at org.testng.TestRunner.run(TestRunner.java:617)
	at org.testng.SuiteRunner.runTest(SuiteRunner.java:334)
	at org.testng.SuiteRunner.runSequentially(SuiteRunner.java:329)
	at org.testng.SuiteRunner.privateRun(SuiteRunner.java:291)
	at org.testng.SuiteRunner.run(SuiteRunner.java:240)
	at org.testng.SuiteRunnerWorker.runSuite(SuiteRunnerWorker.java:52)
	at org.testng.SuiteRunnerWorker.run(SuiteRunnerWorker.java:86)
	at org.testng.TestNG.runSuitesSequentially(TestNG.java:1198)
	at org.testng.TestNG.runSuitesLocally(TestNG.java:1123)
	at org.testng.TestNG.run(TestNG.java:1031)
	at org.apache.maven.surefire.testng.TestNGExecutor.run(TestNGExecutor.java:282)
	at org.apache.maven.surefire.testng.TestNGXmlTestSuite.execute(TestNGXmlTestSuite.java:83)
	at org.apache.maven.surefire.testng.TestNGProvider.invoke(TestNGProvider.java:114)
	at org.apache.maven.surefire.booter.ForkedBooter.invokeProviderInSameClassLoader(ForkedBooter.java:286)
	at org.apache.maven.surefire.booter.ForkedBooter.runSuitesInProcess(ForkedBooter.java:240)
	at org.apache.maven.surefire.booter.ForkedBooter.main(ForkedBooter.java:121)
</pre></div></td>
<td>0</td>
<td>com.airwallex.bank.BankTest@6b143ee9</td></tr>
<tr>
<td title='com.airwallex.bank.BankTest.testBank()'><b>testBank</b><br>Test class: com.airwallex.bank.BankTest<br>Parameters: {aba=123456789, account_name=John Swith, account_number=12345678, bank_country_code=CN, bsb=123456, case_desc=swift_code‰∏?9‰Ω?,È¢ÑÊúüÂ§±Ë¥•CN, caseid=0000040, msg=error, payment_method=SWIFT, response_status=400, run=, swift_code=ICBCCNBJA}</td>
<td><div><pre>java.lang.AssertionError: expected [400] but found [200]
	at com.airwallex.bank.BankTest.testBank(BankTest.java:38)
	at org.apache.maven.surefire.testng.TestNGExecutor.run(TestNGExecutor.java:282)
	at org.apache.maven.surefire.testng.TestNGXmlTestSuite.execute(TestNGXmlTestSuite.java:83)
	at org.apache.maven.surefire.testng.TestNGProvider.invoke(TestNGProvider.java:114)
	at org.apache.maven.surefire.booter.ForkedBooter.invokeProviderInSameClassLoader(ForkedBooter.java:286)
	at org.apache.maven.surefire.booter.ForkedBooter.runSuitesInProcess(ForkedBooter.java:240)
	at org.apache.maven.surefire.booter.ForkedBooter.main(ForkedBooter.java:121)
... Removed 25 stack frames</pre></div><a href='#' onClick='toggleBox("stack-trace1128096251", this, "Click to show all stack frames", "Click to hide stack frames")'>Click to show all stack frames</a>
<div class='stack-trace' id='stack-trace1128096251'><pre>java.lang.AssertionError: expected [400] but found [200]
	at org.testng.Assert.fail(Assert.java:94)
	at org.testng.Assert.failNotEquals(Assert.java:494)
	at org.testng.Assert.assertEquals(Assert.java:123)
	at org.testng.Assert.assertEquals(Assert.java:176)
	at org.testng.Assert.assertEquals(Assert.java:186)
	at com.airwallex.bank.BankTest.testBank(BankTest.java:38)
	at sun.reflect.GeneratedMethodAccessor2.invoke(Unknown Source)
	at sun.reflect.DelegatingMethodAccessorImpl.invoke(DelegatingMethodAccessorImpl.java:43)
	at java.lang.reflect.Method.invoke(Method.java:498)
	at org.testng.internal.MethodInvocationHelper.invokeMethod(MethodInvocationHelper.java:80)
	at org.testng.internal.Invoker.invokeMethod(Invoker.java:714)
	at org.testng.internal.Invoker.invokeTestMethod(Invoker.java:901)
	at org.testng.internal.Invoker.invokeTestMethods(Invoker.java:1231)
	at org.testng.internal.TestMethodWorker.invokeTestMethods(TestMethodWorker.java:127)
	at org.testng.internal.TestMethodWorker.run(TestMethodWorker.java:111)
	at org.testng.TestRunner.privateRun(TestRunner.java:767)
	at org.testng.TestRunner.run(TestRunner.java:617)
	at org.testng.SuiteRunner.runTest(SuiteRunner.java:334)
	at org.testng.SuiteRunner.runSequentially(SuiteRunner.java:329)
	at org.testng.SuiteRunner.privateRun(SuiteRunner.java:291)
	at org.testng.SuiteRunner.run(SuiteRunner.java:240)
	at org.testng.SuiteRunnerWorker.runSuite(SuiteRunnerWorker.java:52)
	at org.testng.SuiteRunnerWorker.run(SuiteRunnerWorker.java:86)
	at org.testng.TestNG.runSuitesSequentially(TestNG.java:1198)
	at org.testng.TestNG.runSuitesLocally(TestNG.java:1123)
	at org.testng.TestNG.run(TestNG.java:1031)
	at org.apache.maven.surefire.testng.TestNGExecutor.run(TestNGExecutor.java:282)
	at org.apache.maven.surefire.testng.TestNGXmlTestSuite.execute(TestNGXmlTestSuite.java:83)
	at org.apache.maven.surefire.testng.TestNGProvider.invoke(TestNGProvider.java:114)
	at org.apache.maven.surefire.booter.ForkedBooter.invokeProviderInSameClassLoader(ForkedBooter.java:286)
	at org.apache.maven.surefire.booter.ForkedBooter.runSuitesInProcess(ForkedBooter.java:240)
	at org.apache.maven.surefire.booter.ForkedBooter.main(ForkedBooter.java:121)
</pre></div></td>
<td>0</td>
<td>com.airwallex.bank.BankTest@6b143ee9</td></tr>
<tr>
<td title='com.airwallex.bank.BankTest.testBank()'><b>testBank</b><br>Test class: com.airwallex.bank.BankTest<br>Parameters: {aba=, account_name=John Swith, account_number=12345678, bank_country_code=US, bsb=123456, case_desc=aba‰∏∫Á©∫,bank country‰∏∫US,È¢ÑÊúüÂ§±Ë¥•, caseid=0000050, msg='bsb' is required when bank country code is 'US', payment_method=SWIFT, response_status=400, run=true, swift_code=ICBCUSBJ}</td>
<td><div><pre>java.lang.AssertionError: expected [400] but found [200]
	at com.airwallex.bank.BankTest.testBank(BankTest.java:38)
	at org.apache.maven.surefire.testng.TestNGExecutor.run(TestNGExecutor.java:282)
	at org.apache.maven.surefire.testng.TestNGXmlTestSuite.execute(TestNGXmlTestSuite.java:83)
	at org.apache.maven.surefire.testng.TestNGProvider.invoke(TestNGProvider.java:114)
	at org.apache.maven.surefire.booter.ForkedBooter.invokeProviderInSameClassLoader(ForkedBooter.java:286)
	at org.apache.maven.surefire.booter.ForkedBooter.runSuitesInProcess(ForkedBooter.java:240)
	at org.apache.maven.surefire.booter.ForkedBooter.main(ForkedBooter.java:121)
... Removed 25 stack frames</pre></div><a href='#' onClick='toggleBox("stack-trace454325163", this, "Click to show all stack frames", "Click to hide stack frames")'>Click to show all stack frames</a>
<div class='stack-trace' id='stack-trace454325163'><pre>java.lang.AssertionError: expected [400] but found [200]
	at org.testng.Assert.fail(Assert.java:94)
	at org.testng.Assert.failNotEquals(Assert.java:494)
	at org.testng.Assert.assertEquals(Assert.java:123)
	at org.testng.Assert.assertEquals(Assert.java:176)
	at org.testng.Assert.assertEquals(Assert.java:186)
	at com.airwallex.bank.BankTest.testBank(BankTest.java:38)
	at sun.reflect.GeneratedMethodAccessor2.invoke(Unknown Source)
	at sun.reflect.DelegatingMethodAccessorImpl.invoke(DelegatingMethodAccessorImpl.java:43)
	at java.lang.reflect.Method.invoke(Method.java:498)
	at org.testng.internal.MethodInvocationHelper.invokeMethod(MethodInvocationHelper.java:80)
	at org.testng.internal.Invoker.invokeMethod(Invoker.java:714)
	at org.testng.internal.Invoker.invokeTestMethod(Invoker.java:901)
	at org.testng.internal.Invoker.invokeTestMethods(Invoker.java:1231)
	at org.testng.internal.TestMethodWorker.invokeTestMethods(TestMethodWorker.java:127)
	at org.testng.internal.TestMethodWorker.run(TestMethodWorker.java:111)
	at org.testng.TestRunner.privateRun(TestRunner.java:767)
	at org.testng.TestRunner.run(TestRunner.java:617)
	at org.testng.SuiteRunner.runTest(SuiteRunner.java:334)
	at org.testng.SuiteRunner.runSequentially(SuiteRunner.java:329)
	at org.testng.SuiteRunner.privateRun(SuiteRunner.java:291)
	at org.testng.SuiteRunner.run(SuiteRunner.java:240)
	at org.testng.SuiteRunnerWorker.runSuite(SuiteRunnerWorker.java:52)
	at org.testng.SuiteRunnerWorker.run(SuiteRunnerWorker.java:86)
	at org.testng.TestNG.runSuitesSequentially(TestNG.java:1198)
	at org.testng.TestNG.runSuitesLocally(TestNG.java:1123)
	at org.testng.TestNG.run(TestNG.java:1031)
	at org.apache.maven.surefire.testng.TestNGExecutor.run(TestNGExecutor.java:282)
	at org.apache.maven.surefire.testng.TestNGXmlTestSuite.execute(TestNGXmlTestSuite.java:83)
	at org.apache.maven.surefire.testng.TestNGProvider.invoke(TestNGProvider.java:114)
	at org.apache.maven.surefire.booter.ForkedBooter.invokeProviderInSameClassLoader(ForkedBooter.java:286)
	at org.apache.maven.surefire.booter.ForkedBooter.runSuitesInProcess(ForkedBooter.java:240)
	at org.apache.maven.surefire.booter.ForkedBooter.main(ForkedBooter.java:121)
</pre></div></td>
<td>0</td>
<td>com.airwallex.bank.BankTest@6b143ee9</td></tr>
</table><p>
<table width='100%' border='1' class='invocation-passed'>
<tr><td colspan='4' align='center'><b>PASSED TESTS</b></td></tr>
<tr><td><b>Test method</b></td>
<td width="30%"><b>Exception</b></td>
<td width="10%"><b>Time (seconds)</b></td>
<td><b>Instance</b></td>
</tr>
<tr>
<td title='com.airwallex.bank.BankTest.testBank()'><b>testBank</b><br>Test class: com.airwallex.bank.BankTest<br>Parameters: {aba=123456789, account_name=John Swith, account_number=123, bank_country_code=US, bsb=123456, case_desc=payment_method‰∏∫SWIFT,È¢ÑÊúüÊàêÂäü, caseid=0000001, msg=Bank details saved, payment_method=SWIFT, response_status=200, run=, swift_code=ICBCUSBJ}</td>
<td></td>
<td>1</td>
<td>com.airwallex.bank.BankTest@6b143ee9</td></tr>
<tr>
<td title='com.airwallex.bank.BankTest.testBank()'><b>testBank</b><br>Test class: com.airwallex.bank.BankTest<br>Parameters: {aba=123456789, account_name=John Swith, account_number=123, bank_country_code=US, bsb=123456, case_desc=payment_method‰∏∫LOCAL,È¢ÑÊúüÊàêÂäü, caseid=0000002, msg=Bank details saved, payment_method=LOCAL, response_status=200, run=, swift_code=ICBCUSBJ}</td>
<td></td>
<td>0</td>
<td>com.airwallex.bank.BankTest@6b143ee9</td></tr>
<tr>
<td title='com.airwallex.bank.BankTest.testBank()'><b>testBank</b><br>Test class: com.airwallex.bank.BankTest<br>Parameters: {aba=123456789, account_name=John Swith, account_number=123, bank_country_code=US, bsb=123456, case_desc=payment_method‰∏∫swift,È¢ÑÊúüÂ§±Ë¥•, caseid=0000003, msg='payment_method' field required, the value should be either 'LOCAL' or 'SWIFT', payment_method=swift, response_status=400, run=, swift_code=ICBCUSBJ}</td>
<td></td>
<td>0</td>
<td>com.airwallex.bank.BankTest@6b143ee9</td></tr>
<tr>
<td title='com.airwallex.bank.BankTest.testBank()'><b>testBank</b><br>Test class: com.airwallex.bank.BankTest<br>Parameters: {aba=123456789, account_name=John Swith, account_number=123, bank_country_code=US, bsb=123456, case_desc=payment_method‰∏∫Á©∫,È¢ÑÊúüÂ§±Ë¥•, caseid=0000004, msg='payment_method' field required, the value should be either 'LOCAL' or 'SWIFT', payment_method=, response_status=400, run=, swift_code=ICBCUSBJ}</td>
<td></td>
<td>0</td>
<td>com.airwallex.bank.BankTest@6b143ee9</td></tr>
<tr>
<td title='com.airwallex.bank.BankTest.testBank()'><b>testBank</b><br>Test class: com.airwallex.bank.BankTest<br>Parameters: {aba=123456789, account_name=John Swith, account_number=123, bank_country_code=US, bsb=123456, case_desc=payment_method‰∏∫null,È¢ÑÊúüÂ§±Ë¥•, caseid=0000005, msg='payment_method' field required, the value should be either 'LOCAL' or 'SWIFT', payment_method=null, response_status=400, run=, swift_code=ICBCUSBJ}</td>
<td></td>
<td>0</td>
<td>com.airwallex.bank.BankTest@6b143ee9</td></tr>
<tr>
<td title='com.airwallex.bank.BankTest.testBank()'><b>testBank</b><br>Test class: com.airwallex.bank.BankTest<br>Parameters: {aba=123456789, account_name=John Swith, account_number=123, bank_country_code=US, bsb=123456, case_desc=payment_method‰∏∫ÂÖ∂‰ªñÂ≠óÁ¨¶‰∏≤(Â¶ÇSWI),È¢ÑÊúüÂ§±Ë¥•, caseid=0000006, msg='payment_method' field required, the value should be either 'LOCAL' or 'SWIFT', payment_method=SWI, response_status=400, run=, swift_code=ICBCUSBJ}</td>
<td></td>
<td>0</td>
<td>com.airwallex.bank.BankTest@6b143ee9</td></tr>
<tr>
<td title='com.airwallex.bank.BankTest.testBank()'><b>testBank</b><br>Test class: com.airwallex.bank.BankTest<br>Parameters: {aba=123456789, account_name=John Swith, account_number=1234567, bank_country_code=US, bsb=123456, case_desc=bank_country_code‰∏∫US,È¢ÑÊúüÊàêÂäü, caseid=0000007, msg=Bank details saved, payment_method=SWIFT, response_status=200, run=, swift_code=ICBCUSBJ}</td>
<td></td>
<td>0</td>
<td>com.airwallex.bank.BankTest@6b143ee9</td></tr>
<tr>
<td title='com.airwallex.bank.BankTest.testBank()'><b>testBank</b><br>Test class: com.airwallex.bank.BankTest<br>Parameters: {aba=123456789, account_name=John Swith, account_number=1234567, bank_country_code=AU, bsb=123456, case_desc=bank_country_code‰∏∫AU,È¢ÑÊúüÊàêÂäü, caseid=0000008, msg=Bank details saved, payment_method=SWIFT, response_status=200, run=, swift_code=ICBCAUBJ}</td>
<td></td>
<td>0</td>
<td>com.airwallex.bank.BankTest@6b143ee9</td></tr>
<tr>
<td title='com.airwallex.bank.BankTest.testBank()'><b>testBank</b><br>Test class: com.airwallex.bank.BankTest<br>Parameters: {aba=123456789, account_name=John Swith, account_number=1234567, bank_country_code=CN, bsb=123456, case_desc=bank_country_code‰∏∫CN,È¢ÑÊúüÊàêÂäü, caseid=0000009, msg=Bank details saved, payment_method=SWIFT, response_status=200, run=, swift_code=ICBCCNBJ}</td>
<td></td>
<td>0</td>
<td>com.airwallex.bank.BankTest@6b143ee9</td></tr>
<tr>
<td title='com.airwallex.bank.BankTest.testBank()'><b>testBank</b><br>Test class: com.airwallex.bank.BankTest<br>Parameters: {aba=123456789, account_name=John Swith, account_number=1234567, bank_country_code=, bsb=123456, case_desc=bank_country_code‰∏∫Á©∫,È¢ÑÊúüÂ§±Ë¥•, caseid=0000010, msg='bank_country_code' is required, and should be one of 'US', 'AU', or 'CN', payment_method=SWIFT, response_status=400, run=, swift_code=ICBCUSBJ}</td>
<td></td>
<td>0</td>
<td>com.airwallex.bank.BankTest@6b143ee9</td></tr>
<tr>
<td title='com.airwallex.bank.BankTest.testBank()'><b>testBank</b><br>Test class: com.airwallex.bank.BankTest<br>Parameters: {aba=123456789, account_name=John Swith, account_number=1234567, bank_country_code=null, bsb=123456, case_desc=bank_country_code‰∏∫null,È¢ÑÊúüÂ§±Ë¥•, caseid=0000011, msg='bank_country_code' is required, and should be one of 'US', 'AU', or 'CN', payment_method=SWIFT, response_status=400, run=, swift_code=ICBCUSBJ}</td>
<td></td>
<td>0</td>
<td>com.airwallex.bank.BankTest@6b143ee9</td></tr>
<tr>
<td title='com.airwallex.bank.BankTest.testBank()'><b>testBank</b><br>Test class: com.airwallex.bank.BankTest<br>Parameters: {aba=123456789, account_name=John Swith, account_number=1234567, bank_country_code=JP, bsb=123456, case_desc=bank_country_code‰∏∫ÂÖ∂‰ªñÂ≠óÁ¨¶‰∏≤(Â¶ÇJP),È¢ÑÊúüÂ§±Ë¥•, caseid=0000012, msg='bank_country_code' is required, and should be one of 'US', 'AU', or 'CN', payment_method=SWIFT, response_status=400, run=, swift_code=ICBCUSBJ}</td>
<td></td>
<td>0</td>
<td>com.airwallex.bank.BankTest@6b143ee9</td></tr>
<tr>
<td title='com.airwallex.bank.BankTest.testBank()'><b>testBank</b><br>Test class: com.airwallex.bank.BankTest<br>Parameters: {aba=123456789, account_name=Jo, account_number=123, bank_country_code=US, bsb=123456, case_desc=account_name‰∏?2‰∏™Â≠óÁ¨?,È¢ÑÊúüÊàêÂäü, caseid=0000013, msg=Bank details saved, payment_method=SWIFT, response_status=200, run=, swift_code=ICBCUSBJ}</td>
<td></td>
<td>0</td>
<td>com.airwallex.bank.BankTest@6b143ee9</td></tr>
<tr>
<td title='com.airwallex.bank.BankTest.testBank()'><b>testBank</b><br>Test class: com.airwallex.bank.BankTest<br>Parameters: {aba=123456789, account_name=JohnJohn12, account_number=123, bank_country_code=US, bsb=123456, case_desc=account_name‰∏?10‰∏™Â≠óÁ¨?,È¢ÑÊúüÊàêÂäü, caseid=0000014, msg=Bank details saved, payment_method=SWIFT, response_status=200, run=, swift_code=ICBCUSBJ}</td>
<td></td>
<td>0</td>
<td>com.airwallex.bank.BankTest@6b143ee9</td></tr>
<tr>
<td title='com.airwallex.bank.BankTest.testBank()'><b>testBank</b><br>Test class: com.airwallex.bank.BankTest<br>Parameters: {aba=123456789, account_name=Êù∞ÂÖã, account_number=123, bank_country_code=US, bsb=123456, case_desc=account_name‰∏?2‰∏™‰∏≠Êñ?,È¢ÑÊúüÊàêÂäü, caseid=0000015, msg=Bank details saved, payment_method=SWIFT, response_status=200, run=, swift_code=ICBCUSBJ}</td>
<td></td>
<td>0</td>
<td>com.airwallex.bank.BankTest@6b143ee9</td></tr>
<tr>
<td title='com.airwallex.bank.BankTest.testBank()'><b>testBank</b><br>Test class: com.airwallex.bank.BankTest<br>Parameters: {aba=123456789, account_name=J, account_number=123, bank_country_code=US, bsb=123456, case_desc=account_name‰∏?1‰∏™Â≠óÁ¨?,È¢ÑÊúüÂ§±Ë¥•, caseid=0000016, msg=Length of account_name should be between 2 and 10, payment_method=SWIFT, response_status=400, run=, swift_code=ICBCUSBJ}</td>
<td></td>
<td>0</td>
<td>com.airwallex.bank.BankTest@6b143ee9</td></tr>
<tr>
<td title='com.airwallex.bank.BankTest.testBank()'><b>testBank</b><br>Test class: com.airwallex.bank.BankTest<br>Parameters: {aba=123456789, account_name=John Swith1, account_number=123, bank_country_code=US, bsb=123456, case_desc=account_name‰∏?11‰∏™Â≠óÁ¨?,È¢ÑÊúüÂ§±Ë¥•, caseid=0000017, msg=Length of account_name should be between 2 and 10, payment_method=SWIFT, response_status=400, run=, swift_code=ICBCUSBJ}</td>
<td></td>
<td>0</td>
<td>com.airwallex.bank.BankTest@6b143ee9</td></tr>
<tr>
<td title='com.airwallex.bank.BankTest.testBank()'><b>testBank</b><br>Test class: com.airwallex.bank.BankTest<br>Parameters: {aba=123456789, account_name=jack, account_number=1, bank_country_code=US, bsb=123456, case_desc=bank_country_code‰∏∫US,account_number‰∏?1‰∏™Â≠óÁ¨¶‰∏≤,È¢ÑÊúüÊàêÂäü, caseid=0000018, msg=Bank details saved, payment_method=SWIFT, response_status=200, run=, swift_code=ICBCUSBJ}</td>
<td></td>
<td>0</td>
<td>com.airwallex.bank.BankTest@6b143ee9</td></tr>
<tr>
<td title='com.airwallex.bank.BankTest.testBank()'><b>testBank</b><br>Test class: com.airwallex.bank.BankTest<br>Parameters: {aba=123456789, account_name=jack, account_number=12345678901234567, bank_country_code=US, bsb=123456, case_desc=bank_country_code‰∏∫US,account_number‰∏?17‰∏™Â≠óÁ¨¶‰∏≤,È¢ÑÊúüÊàêÂäü, caseid=0000019, msg=Bank details saved, payment_method=SWIFT, response_status=200, run=, swift_code=ICBCUSBJ}</td>
<td></td>
<td>0</td>
<td>com.airwallex.bank.BankTest@6b143ee9</td></tr>
<tr>
<td title='com.airwallex.bank.BankTest.testBank()'><b>testBank</b><br>Test class: com.airwallex.bank.BankTest<br>Parameters: {aba=123456789, account_name=jack, account_number=123456, bank_country_code=AU, bsb=123456, case_desc=bank_country_code‰∏∫AU,account_number‰∏?6‰∏™Â≠óÁ¨¶‰∏≤,È¢ÑÊúüÊàêÂäü, caseid=0000022, msg=Bank details saved, payment_method=SWIFT, response_status=200, run=, swift_code=ICBCAUBJ}</td>
<td></td>
<td>1</td>
<td>com.airwallex.bank.BankTest@6b143ee9</td></tr>
<tr>
<td title='com.airwallex.bank.BankTest.testBank()'><b>testBank</b><br>Test class: com.airwallex.bank.BankTest<br>Parameters: {aba=123456789, account_name=jack, account_number=123456789, bank_country_code=AU, bsb=123456, case_desc=bank_country_code‰∏∫AU,account_number‰∏?9‰∏™Â≠óÁ¨¶‰∏≤,È¢ÑÊúüÊàêÂäü, caseid=0000023, msg=Bank details saved, payment_method=SWIFT, response_status=200, run=, swift_code=ICBCAUBJ}</td>
<td></td>
<td>0</td>
<td>com.airwallex.bank.BankTest@6b143ee9</td></tr>
<tr>
<td title='com.airwallex.bank.BankTest.testBank()'><b>testBank</b><br>Test class: com.airwallex.bank.BankTest<br>Parameters: {aba=123456789, account_name=jack, account_number=12345678, bank_country_code=CN, bsb=123456, case_desc=bank_country_code‰∏∫CN,account_number‰∏?8‰∏™Â≠óÁ¨¶‰∏≤,È¢ÑÊúüÊàêÂäü, caseid=0000026, msg=Bank details saved, payment_method=SWIFT, response_status=200, run=, swift_code=ICBCCNBJ}</td>
<td></td>
<td>0</td>
<td>com.airwallex.bank.BankTest@6b143ee9</td></tr>
<tr>
<td title='com.airwallex.bank.BankTest.testBank()'><b>testBank</b><br>Test class: com.airwallex.bank.BankTest<br>Parameters: {aba=123456789, account_name=John Swith, account_number=123, bank_country_code=US, bsb=123456, case_desc=swift_codeÁ¨?5‰ΩçÂíåÁ¨?6‰Ωç‰∏ébank contry codeÂåπÈÖç(ÂΩìbank contry code‰∏∫US),È¢ÑÊúüÊàêÂäü, caseid=0000030, msg=Bank details saved, payment_method=SWIFT, response_status=200, run=, swift_code=ICBCUSBJ}</td>
<td></td>
<td>0</td>
<td>com.airwallex.bank.BankTest@6b143ee9</td></tr>
<tr>
<td title='com.airwallex.bank.BankTest.testBank()'><b>testBank</b><br>Test class: com.airwallex.bank.BankTest<br>Parameters: {aba=123456789, account_name=John Swith, account_number=1234567, bank_country_code=AU, bsb=123456, case_desc=swift_codeÁ¨?5‰ΩçÂíåÁ¨?6‰Ωç‰∏ébank contry codeÂåπÈÖç(ÂΩìbank contry code‰∏∫AU),È¢ÑÊúüÊàêÂäü, caseid=0000031, msg=Bank details saved, payment_method=SWIFT, response_status=200, run=, swift_code=ICBCAUBJ}</td>
<td></td>
<td>0</td>
<td>com.airwallex.bank.BankTest@6b143ee9</td></tr>
<tr>
<td title='com.airwallex.bank.BankTest.testBank()'><b>testBank</b><br>Test class: com.airwallex.bank.BankTest<br>Parameters: {aba=123456789, account_name=John Swith, account_number=1234567, bank_country_code=CN, bsb=12345678, case_desc=swift_codeÁ¨?5‰ΩçÂíåÁ¨?6‰Ωç‰∏ébank contry codeÂåπÈÖç(ÂΩìbank contry code‰∏∫CN),È¢ÑÊúüÊàêÂäü, caseid=0000032, msg=Bank details saved, payment_method=SWIFT, response_status=200, run=, swift_code=ICBCCNBJ}</td>
<td></td>
<td>0</td>
<td>com.airwallex.bank.BankTest@6b143ee9</td></tr>
<tr>
<td title='com.airwallex.bank.BankTest.testBank()'><b>testBank</b><br>Test class: com.airwallex.bank.BankTest<br>Parameters: {aba=123456789, account_name=John Swith, account_number=123, bank_country_code=US, bsb=123456, case_desc=swift_code‰∏∫Á©∫ÔºàÂΩìpayment_method‰∏∫SWIFTÔº?,È¢ÑÊúüÂ§±Ë¥•, caseid=0000033, msg='swift_code' is required when payment method is 'SWIFT', payment_method=SWIFT, response_status=400, run=true, swift_code=}</td>
<td></td>
<td>0</td>
<td>com.airwallex.bank.BankTest@6b143ee9</td></tr>
<tr>
<td title='com.airwallex.bank.BankTest.testBank()'><b>testBank</b><br>Test class: com.airwallex.bank.BankTest<br>Parameters: {aba=123456789, account_name=John Swith, account_number=123, bank_country_code=US, bsb=123456, case_desc=swift_codeÁ¨?5‰ΩçÂíåÁ¨?6‰Ωç‰∏ébank contry code‰∏çÂåπÈÖ?(ÂΩìbank contry code‰∏∫US),È¢ÑÊúüÂ§±Ë¥•, caseid=0000034, msg=The swift code is not valid for the given bank country code: US, payment_method=SWIFT, response_status=400, run=, swift_code=ICBCAUBJ}</td>
<td></td>
<td>0</td>
<td>com.airwallex.bank.BankTest@6b143ee9</td></tr>
<tr>
<td title='com.airwallex.bank.BankTest.testBank()'><b>testBank</b><br>Test class: com.airwallex.bank.BankTest<br>Parameters: {aba=123456789, account_name=John Swith, account_number=123, bank_country_code=US, bsb=123456, case_desc=swift_code‰∏?8‰Ω?,È¢ÑÊúüÊàêÂäü, caseid=0000037, msg=Bank details saved, payment_method=SWIFT, response_status=200, run=, swift_code=ICBCUSBJ}</td>
<td></td>
<td>0</td>
<td>com.airwallex.bank.BankTest@6b143ee9</td></tr>
<tr>
<td title='com.airwallex.bank.BankTest.testBank()'><b>testBank</b><br>Test class: com.airwallex.bank.BankTest<br>Parameters: {aba=123456789, account_name=John Swith, account_number=123, bank_country_code=US, bsb=123456, case_desc=swift_code‰∏?11‰Ω?,È¢ÑÊúüÊàêÂäü, caseid=0000038, msg=Bank details saved, payment_method=SWIFT, response_status=200, run=, swift_code=ICBCUSBJABC}</td>
<td></td>
<td>0</td>
<td>com.airwallex.bank.BankTest@6b143ee9</td></tr>
<tr>
<td title='com.airwallex.bank.BankTest.testBank()'><b>testBank</b><br>Test class: com.airwallex.bank.BankTest<br>Parameters: {aba=123456789, account_name=John Swith, account_number=12345678, bank_country_code=AU, bsb=123456, case_desc=bsb‰∏?6‰Ω?,bank country‰∏∫AU,È¢ÑÊúüÊàêÂäü, caseid=0000041, msg=Bank details saved, payment_method=SWIFT, response_status=200, run=, swift_code=ICBCAUBJA}</td>
<td></td>
<td>0</td>
<td>com.airwallex.bank.BankTest@6b143ee9</td></tr>
<tr>
<td title='com.airwallex.bank.BankTest.testBank()'><b>testBank</b><br>Test class: com.airwallex.bank.BankTest<br>Parameters: {aba=123456789, account_name=John Swith, account_number=12345678, bank_country_code=AU, bsb=12345, case_desc=bsb‰∏?5‰Ω?,bank country‰∏∫AU,È¢ÑÊúüÂ§±Ë¥•, caseid=0000042, msg=Length of 'bsb' should be 6, payment_method=SWIFT, response_status=400, run=, swift_code=ICBCAUBJA}</td>
<td></td>
<td>0</td>
<td>com.airwallex.bank.BankTest@6b143ee9</td></tr>
<tr>
<td title='com.airwallex.bank.BankTest.testBank()'><b>testBank</b><br>Test class: com.airwallex.bank.BankTest<br>Parameters: {aba=123456789, account_name=John Swith, account_number=12345678, bank_country_code=AU, bsb=1234567, case_desc=bsb‰∏?7‰Ω?,bank country‰∏∫AU,È¢ÑÊúüÂ§±Ë¥•, caseid=0000043, msg=Length of 'bsb' should be 6, payment_method=SWIFT, response_status=400, run=, swift_code=ICBCAUBJA}</td>
<td></td>
<td>0</td>
<td>com.airwallex.bank.BankTest@6b143ee9</td></tr>
<tr>
<td title='com.airwallex.bank.BankTest.testBank()'><b>testBank</b><br>Test class: com.airwallex.bank.BankTest<br>Parameters: {aba=123456789, account_name=John Swith, account_number=12345678, bank_country_code=AU, bsb=, case_desc=bsb‰∏∫Á©∫,bank country‰∏∫AU,È¢ÑÊúüÂ§±Ë¥•, caseid=00000044, msg='bsb' is required when bank country code is 'AU', payment_method=SWIFT, response_status=400, run=, swift_code=ICBCAUBJ}</td>
<td></td>
<td>0</td>
<td>com.airwallex.bank.BankTest@6b143ee9</td></tr>
<tr>
<td title='com.airwallex.bank.BankTest.testBank()'><b>testBank</b><br>Test class: com.airwallex.bank.BankTest<br>Parameters: {aba=123456789, account_name=John Swith, account_number=12345678, bank_country_code=US, bsb=, case_desc=bsb‰∏∫Á©∫,bank country‰∏∫US,È¢ÑÊúüÊàêÂäü, caseid=0000045, msg=Bank details saved, payment_method=SWIFT, response_status=200, run=, swift_code=ICBCUSBJ}</td>
<td></td>
<td>0</td>
<td>com.airwallex.bank.BankTest@6b143ee9</td></tr>
<tr>
<td title='com.airwallex.bank.BankTest.testBank()'><b>testBank</b><br>Test class: com.airwallex.bank.BankTest<br>Parameters: {aba=123456789, account_name=John Swith, account_number=12345678, bank_country_code=CN, bsb=, case_desc=bsb‰∏∫Á©∫,bank country‰∏∫CN,È¢ÑÊúüÊàêÂäü, caseid=0000046, msg=Bank details saved, payment_method=SWIFT, response_status=200, run=, swift_code=ICBCCNBJ}</td>
<td></td>
<td>0</td>
<td>com.airwallex.bank.BankTest@6b143ee9</td></tr>
<tr>
<td title='com.airwallex.bank.BankTest.testBank()'><b>testBank</b><br>Test class: com.airwallex.bank.BankTest<br>Parameters: {aba=123456789, account_name=John Swith, account_number=12345678, bank_country_code=US, bsb=123456, case_desc=aba‰∏?9‰Ω?,bank country‰∏∫US,È¢ÑÊúüÊàêÂäü, caseid=0000047, msg=Bank details saved, payment_method=SWIFT, response_status=200, run=true, swift_code=ICBCUSBJA}</td>
<td></td>
<td>0</td>
<td>com.airwallex.bank.BankTest@6b143ee9</td></tr>
<tr>
<td title='com.airwallex.bank.BankTest.testBank()'><b>testBank</b><br>Test class: com.airwallex.bank.BankTest<br>Parameters: {aba=12345678, account_name=John Swith, account_number=12345678, bank_country_code=US, bsb=12345, case_desc=aba‰∏?8‰Ω?,bank country‰∏∫US,È¢ÑÊúüÂ§±Ë¥•, caseid=0000048, msg=Length of 'aba' should be 9, payment_method=SWIFT, response_status=400, run=true, swift_code=ICBCUSBJA}</td>
<td></td>
<td>0</td>
<td>com.airwallex.bank.BankTest@6b143ee9</td></tr>
<tr>
<td title='com.airwallex.bank.BankTest.testBank()'><b>testBank</b><br>Test class: com.airwallex.bank.BankTest<br>Parameters: {aba=1234567890, account_name=John Swith, account_number=12345678, bank_country_code=US, bsb=1234567, case_desc=aba‰∏?10‰Ω?,bank country‰∏∫US,È¢ÑÊúüÂ§±Ë¥•, caseid=0000049, msg=Length of 'aba' should be 9, payment_method=SWIFT, response_status=400, run=true, swift_code=ICBCUSBJA}</td>
<td></td>
<td>0</td>
<td>com.airwallex.bank.BankTest@6b143ee9</td></tr>
<tr>
<td title='com.airwallex.bank.BankTest.testBank()'><b>testBank</b><br>Test class: com.airwallex.bank.BankTest<br>Parameters: {aba=, account_name=John Swith, account_number=12345678, bank_country_code=AU, bsb=123456, case_desc=aba‰∏∫Á©∫,bank country‰∏∫AU,È¢ÑÊúüÊàêÂäü, caseid=0000051, msg=Bank details saved, payment_method=SWIFT, response_status=200, run=true, swift_code=ICBCAUBJ}</td>
<td></td>
<td>0</td>
<td>com.airwallex.bank.BankTest@6b143ee9</td></tr>
<tr>
<td title='com.airwallex.bank.BankTest.testBank()'><b>testBank</b><br>Test class: com.airwallex.bank.BankTest<br>Parameters: {aba=, account_name=John Swith, account_number=12345678, bank_country_code=CN, bsb=123456, case_desc=aba‰∏∫Á©∫,bank country‰∏∫CN,È¢ÑÊúüÊàêÂäü, caseid=0000052, msg=Bank details saved, payment_method=SWIFT, response_status=200, run=true, swift_code=ICBCCNBJ}</td>
<td></td>
<td>0</td>
<td>com.airwallex.bank.BankTest@6b143ee9</td></tr>
</table><p>
</body>
</html>